[23:36:15] [Server thread/INFO]: Starting minecraft server version 1.12.2
[23:36:15] [Server thread/INFO]: Loading properties
[23:36:15] [Server thread/INFO]: Default game type: SURVIVAL
[23:36:15] [Server thread/INFO]: This server is running Paper version git-Paper-1620 (MC: 1.12.2) (Implementing API version 1.12.2-R0.1-SNAPSHOT)
[23:36:15] [Server thread/INFO]: Debug logging is disabled
[23:36:15] [Server thread/INFO]: Server Ping Player Sample Count: 12
[23:36:15] [Server thread/INFO]: Using 4 threads for Netty based IO
[23:36:16] [Server thread/INFO]: Generating keypair
[23:36:16] [Server thread/INFO]: Starting Minecraft server on *:25565
[23:36:16] [Server thread/INFO]: Using default channel type
[23:36:16] [Server thread/INFO]: Server permissions file permissions.yml is empty, ignoring it
[23:36:16] [Server thread/WARN]: **** SERVER IS RUNNING IN OFFLINE/INSECURE MODE!
[23:36:16] [Server thread/WARN]: The server will make no attempt to authenticate usernames. Beware.
[23:36:16] [Server thread/WARN]: While this makes the game possible to play without internet access, it also opens up the ability for hackers to connect with any username they choose.
[23:36:16] [Server thread/WARN]: To change this, set "online-mode" to "true" in the server.properties file.
[23:36:16] [Server thread/INFO]: **** Beginning UUID conversion, this may take A LONG time ****
[23:36:16] [Server thread/INFO]: Preparing level "world"
[23:36:16] [Server thread/INFO]: -------- World Settings For [world] --------
[23:36:16] [Server thread/INFO]: Mob Spawn Range: 4
[23:36:16] [Server thread/INFO]: Cactus Growth Modifier: 100%
[23:36:16] [Server thread/INFO]: Cane Growth Modifier: 100%
[23:36:16] [Server thread/INFO]: Melon Growth Modifier: 100%
[23:36:16] [Server thread/INFO]: Mushroom Growth Modifier: 100%
[23:36:16] [Server thread/INFO]: Pumpkin Growth Modifier: 100%
[23:36:16] [Server thread/INFO]: Sapling Growth Modifier: 100%
[23:36:16] [Server thread/INFO]: Wheat Growth Modifier: 100%
[23:36:16] [Server thread/INFO]: NetherWart Growth Modifier: 100%
[23:36:16] [Server thread/INFO]: Vine Growth Modifier: 100%
[23:36:16] [Server thread/INFO]: Cocoa Growth Modifier: 100%
[23:36:16] [Server thread/INFO]: Entity Activation Range: An 32 / Mo 32 / Mi 16 / Tiv true
[23:36:16] [Server thread/INFO]: Entity Tracking Range: Pl 48 / An 48 / Mo 48 / Mi 32 / Other 64
[23:36:16] [Server thread/INFO]: Hopper Transfer: 8 Hopper Check: 1 Hopper Amount: 1
[23:36:16] [Server thread/INFO]: Random Lighting Updates: false
[23:36:16] [Server thread/INFO]: Structure Info Saving: true
[23:36:16] [Server thread/INFO]: Custom Map Seeds:  Village: 10387312 Feature: 14357617 Monument: 10387313 Slime: 987234911
[23:36:16] [Server thread/INFO]: Max TNT Explosions: 100
[23:36:16] [Server thread/INFO]: Tile Max Tick Time: 50ms Entity max Tick Time: 50ms
[23:36:16] [Server thread/INFO]: View Distance: 4
[23:36:16] [Server thread/INFO]: Item Despawn Rate: 6000
[23:36:16] [Server thread/INFO]: Item Merge Radius: 2.5
[23:36:16] [Server thread/INFO]: Arrow Despawn Rate: 1200
[23:36:16] [Server thread/INFO]: Allow Zombie Pigmen to spawn from portal blocks: true
[23:36:16] [Server thread/INFO]: Experience Merge Radius: 3.0
[23:36:16] [Server thread/INFO]: Zombie Aggressive Towards Villager: true
[23:36:16] [Server thread/INFO]: Nerfing mobs spawned from spawners: false
[23:36:17] [Server thread/INFO]: -------- World Settings For [world_nether] --------
[23:36:17] [Server thread/INFO]: Mob Spawn Range: 4
[23:36:17] [Server thread/INFO]: Cactus Growth Modifier: 100%
[23:36:17] [Server thread/INFO]: Cane Growth Modifier: 100%
[23:36:17] [Server thread/INFO]: Melon Growth Modifier: 100%
[23:36:17] [Server thread/INFO]: Mushroom Growth Modifier: 100%
[23:36:17] [Server thread/INFO]: Pumpkin Growth Modifier: 100%
[23:36:17] [Server thread/INFO]: Sapling Growth Modifier: 100%
[23:36:17] [Server thread/INFO]: Wheat Growth Modifier: 100%
[23:36:17] [Server thread/INFO]: NetherWart Growth Modifier: 100%
[23:36:17] [Server thread/INFO]: Vine Growth Modifier: 100%
[23:36:17] [Server thread/INFO]: Cocoa Growth Modifier: 100%
[23:36:17] [Server thread/INFO]: Entity Activation Range: An 32 / Mo 32 / Mi 16 / Tiv true
[23:36:17] [Server thread/INFO]: Entity Tracking Range: Pl 48 / An 48 / Mo 48 / Mi 32 / Other 64
[23:36:17] [Server thread/INFO]: Hopper Transfer: 8 Hopper Check: 1 Hopper Amount: 1
[23:36:17] [Server thread/INFO]: Random Lighting Updates: false
[23:36:17] [Server thread/INFO]: Structure Info Saving: true
[23:36:17] [Server thread/INFO]: Custom Map Seeds:  Village: 10387312 Feature: 14357617 Monument: 10387313 Slime: 987234911
[23:36:17] [Server thread/INFO]: Max TNT Explosions: 100
[23:36:17] [Server thread/INFO]: Tile Max Tick Time: 50ms Entity max Tick Time: 50ms
[23:36:17] [Server thread/INFO]: View Distance: 4
[23:36:17] [Server thread/INFO]: Item Despawn Rate: 6000
[23:36:17] [Server thread/INFO]: Item Merge Radius: 2.5
[23:36:17] [Server thread/INFO]: Arrow Despawn Rate: 1200
[23:36:17] [Server thread/INFO]: Allow Zombie Pigmen to spawn from portal blocks: true
[23:36:17] [Server thread/INFO]: Experience Merge Radius: 3.0
[23:36:17] [Server thread/INFO]: Zombie Aggressive Towards Villager: true
[23:36:17] [Server thread/INFO]: Nerfing mobs spawned from spawners: false
[23:36:17] [Server thread/INFO]: -------- World Settings For [world_the_end] --------
[23:36:17] [Server thread/INFO]: Mob Spawn Range: 4
[23:36:17] [Server thread/INFO]: Cactus Growth Modifier: 100%
[23:36:17] [Server thread/INFO]: Cane Growth Modifier: 100%
[23:36:17] [Server thread/INFO]: Melon Growth Modifier: 100%
[23:36:17] [Server thread/INFO]: Mushroom Growth Modifier: 100%
[23:36:17] [Server thread/INFO]: Pumpkin Growth Modifier: 100%
[23:36:17] [Server thread/INFO]: Sapling Growth Modifier: 100%
[23:36:17] [Server thread/INFO]: Wheat Growth Modifier: 100%
[23:36:17] [Server thread/INFO]: NetherWart Growth Modifier: 100%
[23:36:17] [Server thread/INFO]: Vine Growth Modifier: 100%
[23:36:17] [Server thread/INFO]: Cocoa Growth Modifier: 100%
[23:36:17] [Server thread/INFO]: Entity Activation Range: An 32 / Mo 32 / Mi 16 / Tiv true
[23:36:17] [Server thread/INFO]: Entity Tracking Range: Pl 48 / An 48 / Mo 48 / Mi 32 / Other 64
[23:36:17] [Server thread/INFO]: Hopper Transfer: 8 Hopper Check: 1 Hopper Amount: 1
[23:36:17] [Server thread/INFO]: Random Lighting Updates: false
[23:36:17] [Server thread/INFO]: Structure Info Saving: true
[23:36:17] [Server thread/INFO]: Custom Map Seeds:  Village: 10387312 Feature: 14357617 Monument: 10387313 Slime: 987234911
[23:36:17] [Server thread/INFO]: Max TNT Explosions: 100
[23:36:17] [Server thread/INFO]: Tile Max Tick Time: 50ms Entity max Tick Time: 50ms
[23:36:17] [Server thread/INFO]: View Distance: 4
[23:36:17] [Server thread/INFO]: Item Despawn Rate: 6000
[23:36:17] [Server thread/INFO]: Item Merge Radius: 2.5
[23:36:17] [Server thread/INFO]: Arrow Despawn Rate: 1200
[23:36:17] [Server thread/INFO]: Allow Zombie Pigmen to spawn from portal blocks: true
[23:36:17] [Server thread/INFO]: Experience Merge Radius: 3.0
[23:36:17] [Server thread/INFO]: Zombie Aggressive Towards Villager: true
[23:36:17] [Server thread/INFO]: Nerfing mobs spawned from spawners: false
[23:36:17] [Server thread/INFO]: Preparing start region for level 0 (Seed: 693304198293244340)
[23:36:18] [Server thread/INFO]: Preparing spawn area: 7%
[23:36:18] [Server thread/INFO]: Preparing start region for level 1 (Seed: 693304198293244340)
[23:36:18] [User Authenticator #1/INFO]: UUID of player _Aster_ is 93ed7cf1-88fa-3dcc-9ee8-d3e02f222d98
[23:36:18] [Server thread/INFO]: Preparing start region for level 2 (Seed: 693304198293244340)
[23:36:18] [Server thread/INFO]: Done (2.154s)! For help, type "help" or "?"
[23:36:18] [Server thread/INFO]: Timings Reset
[23:36:18] [Server thread/INFO]: com.mojang.authlib.GameProfile@a03ff20[id=93ed7cf1-88fa-3dcc-9ee8-d3e02f222d98,name=_Aster_,properties={},legacy=false] (/127.0.0.1:48480) lost connection: Disconnected
[23:36:35] [User Authenticator #1/INFO]: UUID of player ShadowLord is 69bb081a-9716-3601-96f8-109840fe98fb
[23:36:35] [Server thread/INFO]: ShadowLord[/127.0.0.1:33784] logged in with entity id 65 at ([world]14.8884898834837, 64.0, 8.238372832046121)
[23:36:53] [User Authenticator #1/INFO]: UUID of player _Aster_ is 93ed7cf1-88fa-3dcc-9ee8-d3e02f222d98
[23:36:53] [Server thread/INFO]: _Aster_[/127.0.0.1:57628] logged in with entity id 66 at ([world]1.861698574525359, 66.00133597911214, -8.560492699525089)
[23:37:30] [Async Chat Thread - #0/INFO]: <ShadowLord> i working
[23:37:38] [Server thread/INFO]: ShadowLord lost connection: Disconnected
[23:37:38] [Server thread/INFO]: ShadowLord left the game
[23:37:38] [Server thread/INFO]: _Aster_ lost connection: Disconnected
[23:37:38] [Server thread/INFO]: _Aster_ left the game
[23:37:43] [Server thread/INFO]: Stopping the server
[23:37:43] [Server thread/INFO]: Stopping server
[23:37:43] [Server thread/INFO]: Saving players
[23:37:43] [Server thread/INFO]: Saving worlds
[23:37:43] [Server thread/INFO]: Saving chunks for level 'world'/overworld
[23:37:43] [Server thread/INFO]: Saving chunks for level 'world_nether'/the_nether
[23:37:43] [Server thread/INFO]: Saving chunks for level 'world_the_end'/the_end
