Loading libraries, please wait...
2025-10-27 14:22:40,971 main WARN Disabling terminal, you're running in an unsupported environment.
[14:22:42 INFO]: Starting minecraft server version 1.12.2
[14:22:42 INFO]: Loading properties
[14:22:42 INFO]: Default game type: SURVIVAL
[14:22:42 INFO]: This server is running Paper version git-Paper-1620 (MC: 1.12.2) (Implementing API version 1.12.2-R0.1-SNAPSHOT)
[14:22:42 INFO]: Debug logging is disabled
[14:22:42 INFO]: Server Ping Player Sample Count: 12
[14:22:42 INFO]: Using 4 threads for Netty based IO
[14:22:43 INFO]: Generating keypair
[14:22:43 INFO]: Starting Minecraft server on *:30067
[14:22:43 INFO]: Using default channel type
[14:22:43 ERROR]: Could not load 'plugins/EssentialsX.jar' in folder 'plugins'
org.bukkit.plugin.InvalidDescriptionException: Invalid plugin.yml
	at org.bukkit.plugin.java.JavaPluginLoader.getPluginDescription(JavaPluginLoader.java:158) ~[patched_1.12.2.jar:git-Paper-1620]
	at org.bukkit.plugin.SimplePluginManager.loadPlugins(SimplePluginManager.java:136) ~[patched_1.12.2.jar:git-Paper-1620]
	at org.bukkit.craftbukkit.v1_12_R1.CraftServer.loadPlugins(CraftServer.java:318) ~[patched_1.12.2.jar:git-Paper-1620]
	at net.minecraft.server.v1_12_R1.DedicatedServer.init(DedicatedServer.java:222) ~[patched_1.12.2.jar:git-Paper-1620]
	at net.minecraft.server.v1_12_R1.MinecraftServer.run(MinecraftServer.java:616) ~[patched_1.12.2.jar:git-Paper-1620]
	at java.lang.Thread.run(Thread.java:840) [?:?]
Caused by: java.util.zip.ZipException: zip END header not found
	at java.util.zip.ZipFile$Source.findEND(ZipFile.java:1637) ~[?:?]
	at java.util.zip.ZipFile$Source.initCEN(ZipFile.java:1645) ~[?:?]
	at java.util.zip.ZipFile$Source.<init>(ZipFile.java:1483) ~[?:?]
	at java.util.zip.ZipFile$Source.get(ZipFile.java:1445) ~[?:?]
	at java.util.zip.ZipFile$CleanableResource.<init>(ZipFile.java:717) ~[?:?]
	at java.util.zip.ZipFile.<init>(ZipFile.java:251) ~[?:?]
	at java.util.zip.ZipFile.<init>(ZipFile.java:180) ~[?:?]
	at java.util.jar.JarFile.<init>(JarFile.java:346) ~[?:?]
	at java.util.jar.JarFile.<init>(JarFile.java:317) ~[?:?]
	at java.util.jar.JarFile.<init>(JarFile.java:283) ~[?:?]
	at org.bukkit.plugin.java.JavaPluginLoader.getPluginDescription(JavaPluginLoader.java:146) ~[patched_1.12.2.jar:git-Paper-1620]
	... 5 more
[14:22:43 ERROR]: Ambiguous plugin name `Vault' for files `plugins/Vault-spiget.jar' and `plugins/Vault-1.7.3.jar' in `plugins'
[14:22:43 INFO]: Set PluginClassLoader as parallel capable
[14:22:43 INFO]: [LuckPerms] Loading LuckPerms v5.5.17
[14:22:44 INFO]: [LuckPerms] Loading configuration...
[14:22:44 INFO]: [WorldEdit] Loading WorldEdit v6.1;no_git_id
[14:22:44 INFO]: [Vault] Loading Vault v1.7.3-b131
[14:22:44 INFO]: [Factions] Loading Factions v1.8.2-U0.4
[14:22:44 INFO]: Server permissions file permissions.yml is empty, ignoring it
[14:22:44 INFO]: [LuckPerms] Enabling LuckPerms v5.5.17
[14:22:44 INFO]:         __    
[14:22:44 INFO]:   |    |__)   LuckPerms v5.5.17
[14:22:44 INFO]:   |___ |      Running on Bukkit - Paper
[14:22:44 INFO]: 
[14:22:44 INFO]: [LuckPerms] Loading storage provider... [H2]
[14:22:45 INFO]: [LuckPerms] Loading internal permission managers...
[14:22:45 INFO]: [LuckPerms] Performing initial data load...
[14:22:45 INFO]: [LuckPerms] Successfully enabled. (took 1630ms)
[14:22:45 INFO]: [Vault] Enabling Vault v1.7.3-b131
[14:22:45 INFO]: [Vault] [Permission] SuperPermissions loaded as backup permission system.
[14:22:45 INFO]: [Vault] Enabled Version 1.7.3-b131
[14:22:45 INFO]: [LuckPerms] Registered Vault permission & chat hook.
[14:22:45 WARN]: **** SERVER IS RUNNING IN OFFLINE/INSECURE MODE!
[14:22:45 WARN]: The server will make no attempt to authenticate usernames. Beware.
[14:22:45 WARN]: Whilst this makes it possible to use BungeeCord, unless access to your server is properly restricted, it also opens up the ability for hackers to connect with any username they choose.
[14:22:45 WARN]: Please see http://www.spigotmc.org/wiki/firewall-guide/ for further information.
[14:22:45 WARN]: To change this, set "online-mode" to "true" in the server.properties file.
[14:22:45 INFO]: **** Beginning UUID conversion, this may take A LONG time ****
[14:22:45 INFO]: Preparing level "factions_world"
[14:22:45 INFO]: -------- World Settings For [factions_world] --------
[14:22:45 INFO]: Cactus Growth Modifier: 100%
[14:22:45 INFO]: Cane Growth Modifier: 100%
[14:22:45 INFO]: Melon Growth Modifier: 100%
[14:22:45 INFO]: Mushroom Growth Modifier: 100%
[14:22:45 INFO]: Pumpkin Growth Modifier: 100%
[14:22:45 INFO]: Sapling Growth Modifier: 100%
[14:22:45 INFO]: Wheat Growth Modifier: 100%
[14:22:45 INFO]: NetherWart Growth Modifier: 100%
[14:22:45 INFO]: Vine Growth Modifier: 100%
[14:22:45 INFO]: Cocoa Growth Modifier: 100%
[14:22:45 INFO]: Mob Spawn Range: 4
[14:22:45 INFO]: Entity Activation Range: An 32 / Mo 32 / Mi 16 / Tiv true
[14:22:45 INFO]: Entity Tracking Range: Pl 48 / An 48 / Mo 48 / Mi 32 / Other 64
[14:22:45 INFO]: Hopper Transfer: 8 Hopper Check: 1 Hopper Amount: 1
[14:22:45 INFO]: Random Lighting Updates: false
[14:22:45 INFO]: Structure Info Saving: true
[14:22:45 INFO]: Custom Map Seeds:  Village: 10387312 Feature: 14357617 Monument: 10387313 Slime: 987234911
[14:22:45 INFO]: Max TNT Explosions: 100
[14:22:45 INFO]: Tile Max Tick Time: 50ms Entity max Tick Time: 50ms
[14:22:45 INFO]: Item Despawn Rate: 6000
[14:22:45 INFO]: Item Merge Radius: 2.5
[14:22:45 INFO]: View Distance: 4
[14:22:45 INFO]: Arrow Despawn Rate: 1200
[14:22:45 INFO]: Allow Zombie Pigmen to spawn from portal blocks: true
[14:22:45 INFO]: Experience Merge Radius: 3.0
[14:22:45 INFO]: Zombie Aggressive Towards Villager: true
[14:22:45 INFO]: Nerfing mobs spawned from spawners: false
[14:22:46 INFO]: -------- World Settings For [factions_world_nether] --------
[14:22:46 INFO]: Cactus Growth Modifier: 100%
[14:22:46 INFO]: Cane Growth Modifier: 100%
[14:22:46 INFO]: Melon Growth Modifier: 100%
[14:22:46 INFO]: Mushroom Growth Modifier: 100%
[14:22:46 INFO]: Pumpkin Growth Modifier: 100%
[14:22:46 INFO]: Sapling Growth Modifier: 100%
[14:22:46 INFO]: Wheat Growth Modifier: 100%
[14:22:46 INFO]: NetherWart Growth Modifier: 100%
[14:22:46 INFO]: Vine Growth Modifier: 100%
[14:22:46 INFO]: Cocoa Growth Modifier: 100%
[14:22:46 INFO]: Mob Spawn Range: 4
[14:22:46 INFO]: Entity Activation Range: An 32 / Mo 32 / Mi 16 / Tiv true
[14:22:46 INFO]: Entity Tracking Range: Pl 48 / An 48 / Mo 48 / Mi 32 / Other 64
[14:22:46 INFO]: Hopper Transfer: 8 Hopper Check: 1 Hopper Amount: 1
[14:22:46 INFO]: Random Lighting Updates: false
[14:22:46 INFO]: Structure Info Saving: true
[14:22:46 INFO]: Custom Map Seeds:  Village: 10387312 Feature: 14357617 Monument: 10387313 Slime: 987234911
[14:22:46 INFO]: Max TNT Explosions: 100
[14:22:46 INFO]: Tile Max Tick Time: 50ms Entity max Tick Time: 50ms
[14:22:46 INFO]: Item Despawn Rate: 6000
[14:22:46 INFO]: Item Merge Radius: 2.5
[14:22:46 INFO]: View Distance: 4
[14:22:46 INFO]: Arrow Despawn Rate: 1200
[14:22:46 INFO]: Allow Zombie Pigmen to spawn from portal blocks: true
[14:22:46 INFO]: Experience Merge Radius: 3.0
[14:22:46 INFO]: Zombie Aggressive Towards Villager: true
[14:22:46 INFO]: Nerfing mobs spawned from spawners: false
[14:22:46 INFO]: -------- World Settings For [factions_world_the_end] --------
[14:22:46 INFO]: Cactus Growth Modifier: 100%
[14:22:46 INFO]: Cane Growth Modifier: 100%
[14:22:46 INFO]: Melon Growth Modifier: 100%
[14:22:46 INFO]: Mushroom Growth Modifier: 100%
[14:22:46 INFO]: Pumpkin Growth Modifier: 100%
[14:22:46 INFO]: Sapling Growth Modifier: 100%
[14:22:46 INFO]: Wheat Growth Modifier: 100%
[14:22:46 INFO]: NetherWart Growth Modifier: 100%
[14:22:46 INFO]: Vine Growth Modifier: 100%
[14:22:46 INFO]: Cocoa Growth Modifier: 100%
[14:22:46 INFO]: Mob Spawn Range: 4
[14:22:46 INFO]: Entity Activation Range: An 32 / Mo 32 / Mi 16 / Tiv true
[14:22:46 INFO]: Entity Tracking Range: Pl 48 / An 48 / Mo 48 / Mi 32 / Other 64
[14:22:46 INFO]: Hopper Transfer: 8 Hopper Check: 1 Hopper Amount: 1
[14:22:46 INFO]: Random Lighting Updates: false
[14:22:46 INFO]: Structure Info Saving: true
[14:22:46 INFO]: Custom Map Seeds:  Village: 10387312 Feature: 14357617 Monument: 10387313 Slime: 987234911
[14:22:46 INFO]: Max TNT Explosions: 100
[14:22:46 INFO]: Tile Max Tick Time: 50ms Entity max Tick Time: 50ms
[14:22:46 INFO]: Item Despawn Rate: 6000
[14:22:46 INFO]: Item Merge Radius: 2.5
[14:22:46 INFO]: View Distance: 4
[14:22:46 INFO]: Arrow Despawn Rate: 1200
[14:22:46 INFO]: Allow Zombie Pigmen to spawn from portal blocks: true
[14:22:46 INFO]: Experience Merge Radius: 3.0
[14:22:46 INFO]: Zombie Aggressive Towards Villager: true
[14:22:46 INFO]: Nerfing mobs spawned from spawners: false
[14:22:46 INFO]: Preparing start region for level 0 (Seed: 8055419652834075536)
[14:22:47 INFO]: Preparing spawn area: 10%
[14:22:47 INFO]: Preparing start region for level 1 (Seed: 8055419652834075536)
[14:22:48 INFO]: Preparing start region for level 2 (Seed: 8055419652834075536)
[14:22:48 INFO]: [WorldEdit] Enabling WorldEdit v6.1;no_git_id
[14:22:48 INFO]: [WorldEdit] Default configuration file written: config.yml
[14:22:48 INFO]: WEPIF: Updated config file
[14:22:48 INFO]: WEPIF: Using the Bukkit Permissions API.
[14:22:48 WARN]: [WorldEdit] 
**********************************************
** This WorldEdit version does not fully support your version of Bukkit.
**
** When working with blocks or undoing, chests will be empty, signs
** will be blank, and so on. There will be no support for entity
** and biome-related functions.
**
** Please see http://wiki.sk89q.com/wiki/WorldEdit/Bukkit_adapters
**********************************************

[14:22:48 INFO]: [Factions] Enabling Factions v1.8.2-U0.4
[14:22:48 ERROR]: [Factions v1.8.2-U0.4] GSON lib not found. Your CraftBukkit build is too old (< 1.3.2) or otherwise not compatible.
[14:22:48 INFO]: [Factions v1.8.2-U0.4] Now I suicide!
[14:22:48 INFO]: [Factions] Disabling Factions v1.8.2-U0.4
[14:22:48 INFO]: [Factions v1.8.2-U0.4] Disabled
[14:22:48 INFO]: Done (2.728s)! For help, type "help" or "?"
[14:22:48 INFO]: Timings Reset
[14:22:48 INFO]: [Vault] Checking for Updates ... 
[14:22:49 INFO]: [Vault] No new version available
[14:22:54 INFO]: UUID of player The_Code is 98fbc21e-3a53-331b-99fc-6748a611c19c
[14:22:54 INFO]: The_Code[/[0:0:0:0:0:0:0:1]:56132] logged in with entity id 32 at ([factions_world]-150.30000001192093, 60.0, 67.50361622793113)
[14:23:07 INFO]: The_Code issued server command: //cyl stonebrick,polished_andesite 5
[14:23:13 INFO]: The_Code issued server command: //cyl stonebrick,polishedandesite 5
[14:23:22 INFO]: The_Code issued server command: //cyl stonebrick,bricks 5
[14:23:24 INFO]: The_Code issued server command: /undo
[14:23:34 INFO]: The_Code issued server command: //cyl stonebrick,bricks,smoothstone 5
[14:23:52 INFO]: The_Code issued server command: //cyl stonebrick,bricks 5
[14:24:15 INFO]: The_Code issued server command: //cyl stonebrick,bricks,cobblestone,mossstone,stone 5
[14:24:24 INFO]: The_Code issued server command: //cyl stonebrick,bricks,cobblestone,mossstone,stone 15 5
[14:24:27 INFO]: The_Code issued server command: /gamemode 3
[14:24:27 INFO]: [The_Code: Set own game mode to Spectator Mode]
[14:24:32 INFO]: The_Code issued server command: /undo
[14:24:38 INFO]: The_Code issued server command: //cyl stonebrick,bricks,cobblestone,mossstone,stone 30 5
[14:24:50 INFO]: The_Code issued server command: //replacenear 20 sand air
[14:24:52 INFO]: The_Code issued server command: //replacenear 20 sand air
[14:24:55 INFO]: The_Code issued server command: //replacenear 20 sand air
[14:25:07 INFO]: The_Code issued server command: //replacenear 20 sandstone air
[14:25:14 INFO]: The_Code issued server command: /undo 5
[14:25:22 INFO]: The_Code issued server command: /redo 5
[14:25:26 INFO]: The_Code issued server command: /gamemode 1
[14:25:26 INFO]: [The_Code: Set own game mode to Creative Mode]
[14:25:33 INFO]: The_Code has made the advancement [Stone Age]
[14:25:45 INFO]: The_Code issued server command: //cyl barrier 15
[14:25:49 INFO]: The_Code issued server command: //undo
[14:25:52 INFO]: The_Code issued server command: //cyl barrier 15
[14:25:55 INFO]: The_Code issued server command: /undo
[14:26:03 INFO]: The_Code issued server command: //hcyl barrier 15
[14:26:07 INFO]: The_Code issued server command: //hcyl barrier 15
[14:26:08 INFO]: The_Code issued server command: //hcyl barrier 15
[14:26:10 INFO]: The_Code issued server command: //hcyl barrier 15
[14:26:11 INFO]: The_Code issued server command: //hcyl barrier 15
[14:26:12 INFO]: The_Code issued server command: //hcyl barrier 15
[14:26:15 INFO]: The_Code issued server command: //hcyl barrier 15
[14:26:28 INFO]: The_Code issued server command: /setworldspawn
[14:26:28 INFO]: [The_Code: Set the world spawn point to (-151, 65, 67)]
[14:26:29 INFO]: The_Code lost connection: Disconnected
[14:26:29 INFO]: The_Code left the game
