Loading libraries, please wait...
2025-10-25 20:03:55,194 main WARN Disabling terminal, you're running in an unsupported environment.
[20:04:00 INFO]: Starting minecraft server version 1.12.2
[20:04:00 INFO]: Loading properties
[20:04:00 INFO]: Default game type: SURVIVAL
[20:04:00 INFO]: This server is running Paper version git-Paper-1620 (MC: 1.12.2) (Implementing API version 1.12.2-R0.1-SNAPSHOT)
[20:04:00 INFO]: Debug logging is disabled
[20:04:00 INFO]: Server Ping Player Sample Count: 12
[20:04:00 INFO]: Using 4 threads for Netty based IO
[20:04:01 INFO]: Generating keypair
[20:04:01 INFO]: Starting Minecraft server on *:25565
[20:04:01 INFO]: Using default channel type
[20:04:01 ERROR]: Could not load 'plugins/ProtocolLib.jar' in folder 'plugins'
org.bukkit.plugin.InvalidDescriptionException: Invalid plugin.yml
	at org.bukkit.plugin.java.JavaPluginLoader.getPluginDescription(JavaPluginLoader.java:158) ~[patched_1.12.2.jar:git-Paper-1620]
	at org.bukkit.plugin.SimplePluginManager.loadPlugins(SimplePluginManager.java:136) ~[patched_1.12.2.jar:git-Paper-1620]
	at org.bukkit.craftbukkit.v1_12_R1.CraftServer.loadPlugins(CraftServer.java:318) ~[patched_1.12.2.jar:git-Paper-1620]
	at net.minecraft.server.v1_12_R1.DedicatedServer.init(DedicatedServer.java:222) ~[patched_1.12.2.jar:git-Paper-1620]
	at net.minecraft.server.v1_12_R1.MinecraftServer.run(MinecraftServer.java:616) ~[patched_1.12.2.jar:git-Paper-1620]
	at java.lang.Thread.run(Thread.java:840) [?:?]
Caused by: java.util.zip.ZipException: zip file is empty
	at java.util.zip.ZipFile$Source.zerror(ZipFile.java:1769) ~[?:?]
	at java.util.zip.ZipFile$Source.findEND(ZipFile.java:1550) ~[?:?]
	at java.util.zip.ZipFile$Source.initCEN(ZipFile.java:1645) ~[?:?]
	at java.util.zip.ZipFile$Source.<init>(ZipFile.java:1483) ~[?:?]
	at java.util.zip.ZipFile$Source.get(ZipFile.java:1445) ~[?:?]
	at java.util.zip.ZipFile$CleanableResource.<init>(ZipFile.java:717) ~[?:?]
	at java.util.zip.ZipFile.<init>(ZipFile.java:251) ~[?:?]
	at java.util.zip.ZipFile.<init>(ZipFile.java:180) ~[?:?]
	at java.util.jar.JarFile.<init>(JarFile.java:346) ~[?:?]
	at java.util.jar.JarFile.<init>(JarFile.java:317) ~[?:?]
	at java.util.jar.JarFile.<init>(JarFile.java:283) ~[?:?]
	at org.bukkit.plugin.java.JavaPluginLoader.getPluginDescription(JavaPluginLoader.java:146) ~[patched_1.12.2.jar:git-Paper-1620]
	... 5 more
[20:04:01 INFO]: Set PluginClassLoader as parallel capable
[20:04:03 INFO]: [Inject] Loading Inject v1.0.3
[20:04:03 INFO]: [SimpleTpa] Loading SimpleTpa v6.4
[20:04:03 INFO]: [InventorySpy] Loading InventorySpy v1.0.0
[20:04:03 INFO]: [VoidGen] Loading VoidGen v1.1
[20:04:03 INFO]: [WorldEdit] Loading WorldEdit v6.1;no_git_id
[20:04:03 INFO]: [CursedAltar] Loading CursedAltar v1.0
[20:04:03 INFO]: [DisguiseSimple] Loading DisguiseSimple v1.0
[20:04:03 INFO]: [LoginSecurity] Loading LoginSecurity v3.2.0
[20:04:03 INFO]: [SimpleHomes] Loading SimpleHomes v2.2
[20:04:03 INFO]: [EaglerVanish] Loading EaglerVanish v1.0.0
[20:04:03 INFO]: [TickFreeze] Loading TickFreeze v1.0.0
[20:04:03 INFO]: [ViaVersion] Loading ViaVersion v5.4.2
[20:04:03 INFO]: [ViaVersion] ViaVersion 5.4.2 is now loaded. Registering protocol transformers and injecting...
[20:04:04 INFO]: [ViaVersion] Loading block connection mappings ...
[20:04:05 INFO]: [ViaVersion] Using FastUtil Long2ObjectOpenHashMap for block connections
[20:04:06 INFO]: [ViaBackwards] Loading translations...
[20:04:06 INFO]: [ViaBackwards] Registering protocols...
[20:04:08 INFO]: [ImmersivePortals] Loading ImmersivePortals v1.0
[20:04:08 INFO]: [ViaBackwards] Loading ViaBackwards v5.4.2
[20:04:08 INFO]: [LuckPerms] Loading LuckPerms v5.5.17
[20:04:10 INFO]: [LuckPerms] Loading configuration...
[20:04:11 INFO]: Server permissions file permissions.yml is empty, ignoring it
[20:04:11 INFO]: [VoidGen] Enabling VoidGen v1.1
[20:04:11 INFO]: [LuckPerms] Enabling LuckPerms v5.5.17
[20:04:12 INFO]:         __    
[20:04:12 INFO]:   |    |__)   LuckPerms v5.5.17
[20:04:12 INFO]:   |___ |      Running on Bukkit - Paper
[20:04:12 INFO]: 
[20:04:13 INFO]: [LuckPerms] Loading storage provider... [MYSQL]
[20:04:13 INFO]: [me.lucko.luckperms.lib.hikari.HikariDataSource] luckperms-hikari - Starting...
[20:04:14 INFO]: [me.lucko.luckperms.lib.hikari.HikariDataSource] luckperms-hikari - Start completed.
[20:04:15 INFO]: [LuckPerms] Loading messaging service... [SQL]
[20:04:15 INFO]: [LuckPerms] Loading internal permission managers...
[20:04:15 INFO]: [LuckPerms] Performing initial data load...
[20:04:16 INFO]: [LuckPerms] Successfully enabled. (took 5021ms)
[20:04:16 WARN]: **** SERVER IS RUNNING IN OFFLINE/INSECURE MODE!
[20:04:16 WARN]: The server will make no attempt to authenticate usernames. Beware.
[20:04:16 WARN]: Whilst this makes it possible to use BungeeCord, unless access to your server is properly restricted, it also opens up the ability for hackers to connect with any username they choose.
[20:04:16 WARN]: Please see http://www.spigotmc.org/wiki/firewall-guide/ for further information.
[20:04:16 WARN]: To change this, set "online-mode" to "true" in the server.properties file.
[20:04:16 INFO]: **** Beginning UUID conversion, this may take A LONG time ****
[20:04:16 INFO]: Preparing level "lobby_world"
[20:04:16 INFO]: -------- World Settings For [lobby_world] --------
[20:04:16 INFO]: Mob Spawn Range: 4
[20:04:16 INFO]: Cactus Growth Modifier: 100%
[20:04:16 INFO]: Cane Growth Modifier: 100%
[20:04:16 INFO]: Melon Growth Modifier: 100%
[20:04:16 INFO]: Mushroom Growth Modifier: 100%
[20:04:16 INFO]: Pumpkin Growth Modifier: 100%
[20:04:16 INFO]: Sapling Growth Modifier: 100%
[20:04:16 INFO]: Wheat Growth Modifier: 100%
[20:04:16 INFO]: NetherWart Growth Modifier: 100%
[20:04:16 INFO]: Vine Growth Modifier: 100%
[20:04:16 INFO]: Cocoa Growth Modifier: 100%
[20:04:16 INFO]: Entity Activation Range: An 32 / Mo 32 / Mi 16 / Tiv true
[20:04:16 INFO]: Entity Tracking Range: Pl 48 / An 48 / Mo 48 / Mi 32 / Other 64
[20:04:16 INFO]: Hopper Transfer: 8 Hopper Check: 1 Hopper Amount: 1
[20:04:16 INFO]: Random Lighting Updates: false
[20:04:16 INFO]: Structure Info Saving: true
[20:04:16 INFO]: Custom Map Seeds:  Village: 10387312 Feature: 14357617 Monument: 10387313 Slime: 987234911
[20:04:16 INFO]: Max TNT Explosions: 100
[20:04:16 INFO]: Tile Max Tick Time: 50ms Entity max Tick Time: 50ms
[20:04:16 INFO]: Item Despawn Rate: 6000
[20:04:16 INFO]: Item Merge Radius: 2.5
[20:04:16 INFO]: View Distance: 4
[20:04:16 INFO]: Arrow Despawn Rate: 1200
[20:04:16 INFO]: Allow Zombie Pigmen to spawn from portal blocks: true
[20:04:16 INFO]: Experience Merge Radius: 3.0
[20:04:16 INFO]: Zombie Aggressive Towards Villager: true
[20:04:16 INFO]: Nerfing mobs spawned from spawners: false
[20:04:17 INFO]: -------- World Settings For [lobby_world_the_end] --------
[20:04:17 INFO]: Mob Spawn Range: 4
[20:04:17 INFO]: Cactus Growth Modifier: 100%
[20:04:17 INFO]: Cane Growth Modifier: 100%
[20:04:17 INFO]: Melon Growth Modifier: 100%
[20:04:17 INFO]: Mushroom Growth Modifier: 100%
[20:04:17 INFO]: Pumpkin Growth Modifier: 100%
[20:04:17 INFO]: Sapling Growth Modifier: 100%
[20:04:17 INFO]: Wheat Growth Modifier: 100%
[20:04:17 INFO]: NetherWart Growth Modifier: 100%
[20:04:17 INFO]: Vine Growth Modifier: 100%
[20:04:17 INFO]: Cocoa Growth Modifier: 100%
[20:04:17 INFO]: Entity Activation Range: An 32 / Mo 32 / Mi 16 / Tiv true
[20:04:17 INFO]: Entity Tracking Range: Pl 48 / An 48 / Mo 48 / Mi 32 / Other 64
[20:04:17 INFO]: Hopper Transfer: 8 Hopper Check: 1 Hopper Amount: 1
[20:04:17 INFO]: Random Lighting Updates: false
[20:04:17 INFO]: Structure Info Saving: true
[20:04:17 INFO]: Custom Map Seeds:  Village: 10387312 Feature: 14357617 Monument: 10387313 Slime: 987234911
[20:04:17 INFO]: Max TNT Explosions: 100
[20:04:17 INFO]: Tile Max Tick Time: 50ms Entity max Tick Time: 50ms
[20:04:17 INFO]: Item Despawn Rate: 6000
[20:04:17 INFO]: Item Merge Radius: 2.5
[20:04:17 INFO]: View Distance: 4
[20:04:17 INFO]: Arrow Despawn Rate: 1200
[20:04:17 INFO]: Allow Zombie Pigmen to spawn from portal blocks: true
[20:04:17 INFO]: Experience Merge Radius: 3.0
[20:04:17 INFO]: Zombie Aggressive Towards Villager: true
[20:04:17 INFO]: Nerfing mobs spawned from spawners: false
[20:04:18 INFO]: Preparing start region for level 0 (Seed: 3770571510763107811)
[20:04:20 INFO]: Preparing spawn area: 0%
[20:04:20 ERROR]: Chunk file at -5,12 is in the wrong location; relocating. (Expected -5, 12, got -3, 12)
[20:04:21 INFO]: Preparing spawn area: 10%
[20:04:21 INFO]: Preparing start region for level 1 (Seed: 9193991585933015891)
[20:04:21 INFO]: [Inject] Enabling Inject v1.0.3
[20:04:21 INFO]: [Inject] Registered command: /inject
[20:04:21 INFO]: [Inject] Registered command: /patrol
[20:04:21 INFO]: [Inject] Inject plugin enabled.
[20:04:21 INFO]: [SimpleTpa] Enabling SimpleTpa v6.4
[20:04:21 INFO]: [SimpleTpa] If you need support contact me at https://discord.gg/SZUkza9
[20:04:21 INFO]: [SimpleTpa] Simple Tpa has been enabled on version 6.4
[20:04:21 INFO]: Enabled metrics. You may opt-out by changing plugins/bStats/config.yml
[20:04:21 INFO]: [InventorySpy] Enabling InventorySpy v1.0.0
[20:04:21 INFO]: [InventorySpy] InventorySpy enabled.
[20:04:21 INFO]: [WorldEdit] Enabling WorldEdit v6.1;no_git_id
[20:04:22 INFO]: WEPIF: Using the Bukkit Permissions API.
[20:04:22 WARN]: [WorldEdit] 
**********************************************
** This WorldEdit version does not fully support your version of Bukkit.
**
** When working with blocks or undoing, chests will be empty, signs
** will be blank, and so on. There will be no support for entity
** and biome-related functions.
**
** Please see http://wiki.sk89q.com/wiki/WorldEdit/Bukkit_adapters
**********************************************

[20:04:22 INFO]: [CursedAltar] Enabling CursedAltar v1.0
[20:04:22 INFO]: [CursedAltar] CursedAltar enabled
[20:04:22 INFO]: [DisguiseSimple] Enabling DisguiseSimple v1.0
[20:04:22 INFO]: [LoginSecurity] Enabling LoginSecurity v3.2.0
[20:04:22 INFO]: [LoginSecurity] Loading base translations from "en_us"
[20:04:22 INFO]: [LoginSecurity] Loading specified translations from "en_us"
[20:04:22 INFO]: [LoginSecurity] Registering commands...
[20:04:22 INFO]: [LoginSecurity] Registering listeners...
[20:04:22 INFO]: [SimpleHomes] Enabling SimpleHomes v2.2
[20:04:22 INFO]: [EaglerVanish] Enabling EaglerVanish v1.0.0
[20:04:22 INFO]: [EaglerVanish] EaglerVanish enabled
[20:04:22 INFO]: [TickFreeze] Enabling TickFreeze v1.0.0
[20:04:22 INFO]: [TickFreeze] TickFreeze enabled
[20:04:22 INFO]: [ViaVersion] Enabling ViaVersion v5.4.2
[20:04:22 INFO]: [ImmersivePortals] Enabling ImmersivePortals v1.0
[20:04:22 INFO]: [ImmersivePortals] ImmersivePortals enabled!
[20:04:22 INFO]: [ViaBackwards] Enabling ViaBackwards v5.4.2
[20:04:22 INFO]: Done (6.563s)! For help, type "help" or "?"
[20:04:22 INFO]: Timings Reset
[20:04:22 INFO]: [ViaVersion] ViaVersion detected server version: 1.12.2 (340)
[20:04:22 WARN]: [ViaVersion] This version of Minecraft is extremely outdated and support for it has reached its end of life. You will still be able to run Via on this Minecraft version, but we will prioritize issues with legacy Minecraft versions less. Please consider updating to give your players a better experience and to avoid issues that have long been fixed.
[20:04:22 WARN]: [ViaVersion] Please update your Java runtime to at least Java 21 (your version is 17.0.16).
[20:04:22 WARN]: [ViaVersion] At some point in the future, ViaVersion will no longer be compatible with this version of Java.
[20:04:23 INFO]: [ViaVersion] Finished mapping loading, shutting down loader executor.
[20:04:23 INFO]: [SimpleTpa] There is a new update available.
[20:04:23 INFO]: [SimpleTpa] There is a new update available:
[20:04:23 INFO]: [SimpleTpa] https://www.spigotmc.org/resources/simple-tpa.64270/
[20:04:23 WARN]: [ViaVersion] There is a newer plugin version available: 5.5.1, you're on: 5.4.2
[20:04:48 INFO]: UUID of player ShadowLord is 69bb081a-9716-3601-96f8-109840fe98fb
[20:04:48 ERROR]: Chunk file at -3,16 is in the wrong location; relocating. (Expected -3, 16, got -4, 12)
[20:04:48 ERROR]: Chunk file at -3,14 is in the wrong location; relocating. (Expected -3, 14, got -10, 19)
[20:04:48 INFO]: ShadowLord[/[0:0:0:0:0:0:0:1]:49312] logged in with entity id 57 at ([lobby_world]-106.49545106012101, 244.0, 258.57089041673225)
[20:05:05 INFO]: ShadowLord issued server command: //undo
[20:05:09 INFO]: ShadowLord issued server command: //cyl 15 air
[20:05:14 INFO]: ShadowLord issued server command: //cyl air 15
[20:05:22 INFO]: ShadowLord issued server command: //up 1000
[20:05:32 INFO]: ShadowLord lost connection: Disconnected
[20:05:32 INFO]: ShadowLord left the game
[20:06:12 INFO]: UUID of player ShadowLord is 69bb081a-9716-3601-96f8-109840fe98fb
[20:06:12 INFO]: ShadowLord[/[0:0:0:0:0:0:0:1]:58714] logged in with entity id 73 at ([lobby_world]-106.5, 82.0, 258.5)
[20:06:23 INFO]: ShadowLord issued server command: /lp
[20:06:27 INFO]: ShadowLord issued server command: /lp help
[20:06:46 INFO]: ShadowLord issued server command: /lp group default
[20:07:05 INFO]: ShadowLord issued server command: /lp group creategroup
[20:07:14 INFO]: ShadowLord issued server command: /lp creategroup
[20:07:41 INFO]: ShadowLord issued server command: /lp creategroup Operators 4 Operator
[20:07:41 INFO]: [LuckPerms] [Messaging] Sending log with id: cc7bc88f-c39d-4726-b3e6-eaefd2654db6
[20:07:41 INFO]: [LP] LOG > (ShadowLord) [G] (operators)
[20:07:41 INFO]: [LP] LOG > create
[20:07:43 INFO]: [LuckPerms] [Messaging] Sending ping with id: b2ffd709-f4a2-4c83-8ddd-04fb4365f0fd
[20:07:51 INFO]: ShadowLord issued server command: /lp group
[20:08:12 INFO]: ShadowLord issued server command: /lp user ShadowLord
[20:08:27 INFO]: ShadowLord issued server command: /lp user ShadowLord promote
[20:08:33 INFO]: ShadowLord issued server command: /lp user ShadowLord promote 3
[20:08:36 INFO]: ShadowLord issued server command: /lp user ShadowLord promote 4
[20:08:39 INFO]: ShadowLord issued server command: /lp user ShadowLord promote operator
[20:08:45 INFO]: ShadowLord issued server command: /lp track
[20:09:03 INFO]: ShadowLord issued server command: /lp track insert
[20:09:20 INFO]: ShadowLord issued server command: /lp track insert insert operators 4
[20:09:27 INFO]: ShadowLord issued server command: /lp track insert operators 4
[20:09:39 INFO]: ShadowLord issued server command: //up 300
[20:10:38 INFO]: ShadowLord lost connection: Timed out
[20:10:38 INFO]: ShadowLord left the game
[20:14:30 INFO]: UUID of player The_Code is 98fbc21e-3a53-331b-99fc-6748a611c19c
[20:14:30 INFO]: The_Code[/[0:0:0:0:0:0:0:1]:51374] logged in with entity id 93 at ([lobby_world]-116.5, 71.0, 255.5)
[20:14:30 ERROR]: Chunk file at -5,11 is in the wrong location; relocating. (Expected -5, 11, got -7, 17)
[20:14:41 INFO]: The_Code lost connection: Disconnected
[20:14:42 INFO]: The_Code left the game
[20:14:45 INFO]: UUID of player The_Code is 98fbc21e-3a53-331b-99fc-6748a611c19c
[20:14:45 INFO]: The_Code[/[0:0:0:0:0:0:0:1]:43688] logged in with entity id 95 at ([lobby_world]-116.5, 71.0, 255.5)
[20:14:46 INFO]: The_Code lost connection: Disconnected
[20:14:46 INFO]: The_Code left the game
[20:14:48 INFO]: UUID of player The_Code is 98fbc21e-3a53-331b-99fc-6748a611c19c
[20:14:48 INFO]: The_Code[/[0:0:0:0:0:0:0:1]:43708] logged in with entity id 96 at ([lobby_world]-116.5, 71.0, 255.5)
[20:15:00 INFO]: The_Code lost connection: Disconnected
[20:15:00 INFO]: The_Code left the game
