[23:34:26] [Server thread/INFO]: Starting minecraft server version 1.12.2
[23:34:26] [Server thread/INFO]: Loading properties
[23:34:26] [Server thread/INFO]: Default game type: SURVIVAL
[23:34:26] [Server thread/INFO]: This server is running Paper version git-Paper-1620 (MC: 1.12.2) (Implementing API version 1.12.2-R0.1-SNAPSHOT)
[23:34:26] [Server thread/INFO]: Debug logging is disabled
[23:34:26] [Server thread/INFO]: Server Ping Player Sample Count: 12
[23:34:26] [Server thread/INFO]: Using 4 threads for Netty based IO
[23:34:26] [Server thread/INFO]: Generating keypair
[23:34:26] [Server thread/INFO]: Starting Minecraft server on localhost:25565
[23:34:26] [Server thread/INFO]: Using default channel type
[23:34:26] [Server thread/ERROR]: Could not load 'plugins/ProtocolLib.jar' in folder 'plugins'
org.bukkit.plugin.InvalidDescriptionException: Invalid plugin.yml
	at org.bukkit.plugin.java.JavaPluginLoader.getPluginDescription(JavaPluginLoader.java:158) ~[patched_1.12.2.jar:git-Paper-1620]
	at org.bukkit.plugin.SimplePluginManager.loadPlugins(SimplePluginManager.java:136) ~[patched_1.12.2.jar:git-Paper-1620]
	at org.bukkit.craftbukkit.v1_12_R1.CraftServer.loadPlugins(CraftServer.java:318) ~[patched_1.12.2.jar:git-Paper-1620]
	at net.minecraft.server.v1_12_R1.DedicatedServer.init(DedicatedServer.java:222) ~[patched_1.12.2.jar:git-Paper-1620]
	at net.minecraft.server.v1_12_R1.MinecraftServer.run(MinecraftServer.java:616) ~[patched_1.12.2.jar:git-Paper-1620]
	at java.lang.Thread.run(Thread.java:1583) [?:?]
Caused by: java.util.zip.ZipException: zip file is empty
	at java.util.zip.ZipFile$Source.zerror(ZipFile.java:1781) ~[?:?]
	at java.util.zip.ZipFile$Source.findEND(ZipFile.java:1562) ~[?:?]
	at java.util.zip.ZipFile$Source.initCEN(ZipFile.java:1657) ~[?:?]
	at java.util.zip.ZipFile$Source.<init>(ZipFile.java:1495) ~[?:?]
	at java.util.zip.ZipFile$Source.get(ZipFile.java:1458) ~[?:?]
	at java.util.zip.ZipFile$CleanableResource.<init>(ZipFile.java:724) ~[?:?]
	at java.util.zip.ZipFile.<init>(ZipFile.java:251) ~[?:?]
	at java.util.zip.ZipFile.<init>(ZipFile.java:180) ~[?:?]
	at java.util.jar.JarFile.<init>(JarFile.java:345) ~[?:?]
	at java.util.jar.JarFile.<init>(JarFile.java:316) ~[?:?]
	at java.util.jar.JarFile.<init>(JarFile.java:282) ~[?:?]
	at org.bukkit.plugin.java.JavaPluginLoader.getPluginDescription(JavaPluginLoader.java:146) ~[patched_1.12.2.jar:git-Paper-1620]
	... 5 more
[23:34:26] [Server thread/INFO]: Set PluginClassLoader as parallel capable
[23:34:26] [Server thread/INFO]: [WorldEditSimple] Loading WorldEditSimple v1.0
[23:34:26] [Server thread/INFO]: [CursedAltar] Loading CursedAltar v1.0
[23:34:26] [Server thread/INFO]: [DisguiseSimple] Loading DisguiseSimple v1.0
[23:34:26] [Server thread/INFO]: [ImmersivePortals] Loading ImmersivePortals v1.0
[23:34:26] [Server thread/INFO]: Server permissions file permissions.yml is empty, ignoring it
[23:34:26] [Server thread/WARN]: **** SERVER IS RUNNING IN OFFLINE/INSECURE MODE!
[23:34:26] [Server thread/WARN]: The server will make no attempt to authenticate usernames. Beware.
[23:34:26] [Server thread/WARN]: While this makes the game possible to play without internet access, it also opens up the ability for hackers to connect with any username they choose.
[23:34:26] [Server thread/WARN]: To change this, set "online-mode" to "true" in the server.properties file.
[23:34:26] [Server thread/INFO]: **** Beginning UUID conversion, this may take A LONG time ****
[23:34:26] [Server thread/INFO]: Preparing level "world"
[23:34:26] [Server thread/INFO]: -------- World Settings For [world] --------
[23:34:26] [Server thread/INFO]: Mob Spawn Range: 4
[23:34:26] [Server thread/INFO]: Cactus Growth Modifier: 100%
[23:34:26] [Server thread/INFO]: Cane Growth Modifier: 100%
[23:34:26] [Server thread/INFO]: Melon Growth Modifier: 100%
[23:34:26] [Server thread/INFO]: Mushroom Growth Modifier: 100%
[23:34:26] [Server thread/INFO]: Pumpkin Growth Modifier: 100%
[23:34:26] [Server thread/INFO]: Sapling Growth Modifier: 100%
[23:34:26] [Server thread/INFO]: Wheat Growth Modifier: 100%
[23:34:26] [Server thread/INFO]: NetherWart Growth Modifier: 100%
[23:34:26] [Server thread/INFO]: Vine Growth Modifier: 100%
[23:34:26] [Server thread/INFO]: Cocoa Growth Modifier: 100%
[23:34:26] [Server thread/INFO]: Entity Activation Range: An 32 / Mo 32 / Mi 16 / Tiv true
[23:34:26] [Server thread/INFO]: Entity Tracking Range: Pl 48 / An 48 / Mo 48 / Mi 32 / Other 64
[23:34:26] [Server thread/INFO]: Hopper Transfer: 8 Hopper Check: 1 Hopper Amount: 1
[23:34:26] [Server thread/INFO]: Random Lighting Updates: false
[23:34:26] [Server thread/INFO]: Structure Info Saving: true
[23:34:26] [Server thread/INFO]: Custom Map Seeds:  Village: 10387312 Feature: 14357617 Monument: 10387313 Slime: 987234911
[23:34:26] [Server thread/INFO]: Max TNT Explosions: 100
[23:34:26] [Server thread/INFO]: Tile Max Tick Time: 50ms Entity max Tick Time: 50ms
[23:34:26] [Server thread/INFO]: Item Despawn Rate: 6000
[23:34:26] [Server thread/INFO]: Item Merge Radius: 2.5
[23:34:26] [Server thread/INFO]: View Distance: 4
[23:34:26] [Server thread/INFO]: Allow Zombie Pigmen to spawn from portal blocks: true
[23:34:26] [Server thread/INFO]: Arrow Despawn Rate: 1200
[23:34:26] [Server thread/INFO]: Experience Merge Radius: 3.0
[23:34:26] [Server thread/INFO]: Zombie Aggressive Towards Villager: true
[23:34:26] [Server thread/INFO]: Nerfing mobs spawned from spawners: false
[23:34:27] [Server thread/INFO]: -------- World Settings For [world_nether] --------
[23:34:27] [Server thread/INFO]: Mob Spawn Range: 4
[23:34:27] [Server thread/INFO]: Cactus Growth Modifier: 100%
[23:34:27] [Server thread/INFO]: Cane Growth Modifier: 100%
[23:34:27] [Server thread/INFO]: Melon Growth Modifier: 100%
[23:34:27] [Server thread/INFO]: Mushroom Growth Modifier: 100%
[23:34:27] [Server thread/INFO]: Pumpkin Growth Modifier: 100%
[23:34:27] [Server thread/INFO]: Sapling Growth Modifier: 100%
[23:34:27] [Server thread/INFO]: Wheat Growth Modifier: 100%
[23:34:27] [Server thread/INFO]: NetherWart Growth Modifier: 100%
[23:34:27] [Server thread/INFO]: Vine Growth Modifier: 100%
[23:34:27] [Server thread/INFO]: Cocoa Growth Modifier: 100%
[23:34:27] [Server thread/INFO]: Entity Activation Range: An 32 / Mo 32 / Mi 16 / Tiv true
[23:34:27] [Server thread/INFO]: Entity Tracking Range: Pl 48 / An 48 / Mo 48 / Mi 32 / Other 64
[23:34:27] [Server thread/INFO]: Hopper Transfer: 8 Hopper Check: 1 Hopper Amount: 1
[23:34:27] [Server thread/INFO]: Random Lighting Updates: false
[23:34:27] [Server thread/INFO]: Structure Info Saving: true
[23:34:27] [Server thread/INFO]: Custom Map Seeds:  Village: 10387312 Feature: 14357617 Monument: 10387313 Slime: 987234911
[23:34:27] [Server thread/INFO]: Max TNT Explosions: 100
[23:34:27] [Server thread/INFO]: Tile Max Tick Time: 50ms Entity max Tick Time: 50ms
[23:34:27] [Server thread/INFO]: Item Despawn Rate: 6000
[23:34:27] [Server thread/INFO]: Item Merge Radius: 2.5
[23:34:27] [Server thread/INFO]: View Distance: 4
[23:34:27] [Server thread/INFO]: Allow Zombie Pigmen to spawn from portal blocks: true
[23:34:27] [Server thread/INFO]: Arrow Despawn Rate: 1200
[23:34:27] [Server thread/INFO]: Experience Merge Radius: 3.0
[23:34:27] [Server thread/INFO]: Zombie Aggressive Towards Villager: true
[23:34:27] [Server thread/INFO]: Nerfing mobs spawned from spawners: false
[23:34:27] [Server thread/INFO]: -------- World Settings For [world_the_end] --------
[23:34:27] [Server thread/INFO]: Mob Spawn Range: 4
[23:34:27] [Server thread/INFO]: Cactus Growth Modifier: 100%
[23:34:27] [Server thread/INFO]: Cane Growth Modifier: 100%
[23:34:27] [Server thread/INFO]: Melon Growth Modifier: 100%
[23:34:27] [Server thread/INFO]: Mushroom Growth Modifier: 100%
[23:34:27] [Server thread/INFO]: Pumpkin Growth Modifier: 100%
[23:34:27] [Server thread/INFO]: Sapling Growth Modifier: 100%
[23:34:27] [Server thread/INFO]: Wheat Growth Modifier: 100%
[23:34:27] [Server thread/INFO]: NetherWart Growth Modifier: 100%
[23:34:27] [Server thread/INFO]: Vine Growth Modifier: 100%
[23:34:27] [Server thread/INFO]: Cocoa Growth Modifier: 100%
[23:34:27] [Server thread/INFO]: Entity Activation Range: An 32 / Mo 32 / Mi 16 / Tiv true
[23:34:27] [Server thread/INFO]: Entity Tracking Range: Pl 48 / An 48 / Mo 48 / Mi 32 / Other 64
[23:34:27] [Server thread/INFO]: Hopper Transfer: 8 Hopper Check: 1 Hopper Amount: 1
[23:34:27] [Server thread/INFO]: Random Lighting Updates: false
[23:34:27] [Server thread/INFO]: Structure Info Saving: true
[23:34:27] [Server thread/INFO]: Custom Map Seeds:  Village: 10387312 Feature: 14357617 Monument: 10387313 Slime: 987234911
[23:34:27] [Server thread/INFO]: Max TNT Explosions: 100
[23:34:27] [Server thread/INFO]: Tile Max Tick Time: 50ms Entity max Tick Time: 50ms
[23:34:27] [Server thread/INFO]: Item Despawn Rate: 6000
[23:34:27] [Server thread/INFO]: Item Merge Radius: 2.5
[23:34:27] [Server thread/INFO]: View Distance: 4
[23:34:27] [Server thread/INFO]: Allow Zombie Pigmen to spawn from portal blocks: true
[23:34:27] [Server thread/INFO]: Arrow Despawn Rate: 1200
[23:34:27] [Server thread/INFO]: Experience Merge Radius: 3.0
[23:34:27] [Server thread/INFO]: Zombie Aggressive Towards Villager: true
[23:34:27] [Server thread/INFO]: Nerfing mobs spawned from spawners: false
[23:34:27] [Server thread/INFO]: Preparing start region for level 0 (Seed: 9043210522798455108)
[23:34:28] [Server thread/INFO]: Preparing spawn area: 6%
[23:34:28] [Server thread/INFO]: Preparing start region for level 1 (Seed: 9043210522798455108)
[23:34:28] [Server thread/INFO]: Preparing start region for level 2 (Seed: 9043210522798455108)
[23:34:28] [Server thread/INFO]: [WorldEditSimple] Enabling WorldEditSimple v1.0
[23:34:28] [Server thread/INFO]: [CursedAltar] Enabling CursedAltar v1.0
[23:34:28] [Server thread/INFO]: [CursedAltar] CursedAltar enabled
[23:34:28] [Server thread/INFO]: [DisguiseSimple] Enabling DisguiseSimple v1.0
[23:34:28] [Server thread/INFO]: [ImmersivePortals] Enabling ImmersivePortals v1.0
[23:34:28] [Server thread/INFO]: [ImmersivePortals] ImmersivePortals enabled!
[23:34:28] [Server thread/INFO]: Done (2.224s)! For help, type "help" or "?"
[23:34:29] [Server thread/INFO]: Timings Reset
[23:34:50] [Server thread/INFO]: Plugins (4): CursedAltar, DisguiseSimple, ImmersivePortals, WorldEditSimple
[23:37:45] [User Authenticator #1/INFO]: UUID of player ShadowLord is 69bb081a-9716-3601-96f8-109840fe98fb
[23:37:45] [Server thread/INFO]: ShadowLord[/127.0.0.1:55472] logged in with entity id 60 at ([world]965.0415260912029, 37.0, 1313.6773830388192)
[23:38:23] [Server thread/INFO]: ShadowLord issued server command: /tp @p ~ ~50 ~
[23:38:23] [Server thread/INFO]: [ShadowLord: Teleported ShadowLord to 965.0415260912029, 87.0, 1313.6773830388192]
[23:40:28] [User Authenticator #2/INFO]: UUID of player _Demon_Queen420_ is 8e68c44c-8414-306b-ad0b-4917c0c62a27
[23:40:28] [Server thread/INFO]: _Demon_Queen420_[/127.0.0.1:46272] logged in with entity id 93 at ([world]885.4711718036693, 67.0, 1363.610104892843)
[23:40:33] [Async Chat Thread - #0/INFO]: <ShadowLord> bruh
[23:40:37] [Async Chat Thread - #0/INFO]: <ShadowLord> i heard that
[23:41:18] [Async Chat Thread - #0/INFO]: <ShadowLord> lol
[23:41:25] [Async Chat Thread - #0/INFO]: <ShadowLord> ready?
[23:41:34] [Async Chat Thread - #0/INFO]: <ShadowLord> yes
[23:41:54] [Async Chat Thread - #0/INFO]: <ShadowLord> come on
[23:42:20] [Async Chat Thread - #0/INFO]: <ShadowLord> right click
[23:42:31] [Async Chat Thread - #0/INFO]: <ShadowLord> it say anything in chat?
[23:42:32] [Async Chat Thread - #0/INFO]: <ShadowLord> YES
[23:42:41] [Async Chat Thread - #0/INFO]: <ShadowLord> no
[23:42:50] [Async Chat Thread - #0/INFO]: <ShadowLord> no, leave rq
[23:42:53] [Async Chat Thread - #0/INFO]: <ShadowLord> then rejoin
[23:42:55] [Server thread/INFO]: _Demon_Queen420_ lost connection: Disconnected
[23:42:55] [Server thread/INFO]: _Demon_Queen420_ left the game
[23:43:01] [User Authenticator #3/INFO]: UUID of player _Demon_Queen420_ is 8e68c44c-8414-306b-ad0b-4917c0c62a27
[23:43:01] [Server thread/INFO]: _Demon_Queen420_[/127.0.0.1:42456] logged in with entity id 328 at ([world]913.6999999880791, 68.0, 1370.4365430153873)
[23:43:23] [Async Chat Thread - #0/INFO]: <ShadowLord> hehehehe
[23:43:39] [Async Chat Thread - #0/INFO]: <ShadowLord> wyd????
[23:44:04] [Async Chat Thread - #0/INFO]: <ShadowLord> ok leave then rejoin again
[23:44:07] [Server thread/INFO]: _Demon_Queen420_ lost connection: Disconnected
[23:44:07] [Server thread/INFO]: _Demon_Queen420_ left the game
[23:44:12] [User Authenticator #4/INFO]: UUID of player _Demon_Queen420_ is 8e68c44c-8414-306b-ad0b-4917c0c62a27
[23:44:12] [Server thread/INFO]: _Demon_Queen420_[/127.0.0.1:37174] logged in with entity id 335 at ([world]911.9499999880791, 68.0, 1365.699999988079)
[23:44:31] [Async Chat Thread - #0/INFO]: <ShadowLord> it worked at first
[23:44:38] [Server thread/INFO]: _Demon_Queen420_ lost connection: Disconnected
[23:44:38] [Server thread/INFO]: _Demon_Queen420_ left the game
[23:44:42] [User Authenticator #4/INFO]: UUID of player _Demon_Queen420_ is 8e68c44c-8414-306b-ad0b-4917c0c62a27
[23:44:43] [Server thread/INFO]: _Demon_Queen420_[/127.0.0.1:59700] logged in with entity id 345 at ([world]914.1741237760075, 66.0, 1360.3371619505178)
[23:44:52] [Async Chat Thread - #0/INFO]: <ShadowLord> idk how to undo it give me a sec
[23:45:06] [Server thread/INFO]: _Demon_Queen420_ tried to swim in lava
[23:45:09] [Async Chat Thread - #0/INFO]: <ShadowLord> it might get worse
[23:45:21] [Server thread/INFO]: _Demon_Queen420_ lost connection: Disconnected
[23:45:21] [Server thread/INFO]: _Demon_Queen420_ left the game
[23:45:26] [User Authenticator #4/INFO]: UUID of player _Demon_Queen420_ is 8e68c44c-8414-306b-ad0b-4917c0c62a27
[23:45:26] [Server thread/INFO]: _Demon_Queen420_[/127.0.0.1:38878] logged in with entity id 355 at ([world]909.6208767758304, 67.5, 1345.110919021643)
[23:46:47] [Async Chat Thread - #1/INFO]: <ShadowLord> sry was fixing for you
[23:46:52] [Async Chat Thread - #1/INFO]: <ShadowLord> not yet fixed but
[23:46:55] [Async Chat Thread - #1/INFO]: <ShadowLord> no
[23:47:00] [Async Chat Thread - #1/INFO]: <ShadowLord> it place obsy again
[23:47:33] [Async Chat Thread - #1/INFO]: <ShadowLord> brb changing code
[23:47:37] [Server thread/INFO]: ShadowLord lost connection: Disconnected
[23:47:37] [Server thread/INFO]: ShadowLord left the game
[23:49:45] [Server thread/INFO]: You whisper to _Demon_Queen420_: u can leave if u want
[23:49:59] [Server thread/INFO]: _Demon_Queen420_ lost connection: Disconnected
[23:49:59] [Server thread/INFO]: _Demon_Queen420_ left the game
