[19:04:24] [Server thread/INFO]: Starting minecraft server version 1.12.2
[19:04:24] [Server thread/INFO]: Loading properties
[19:04:24] [Server thread/INFO]: Default game type: SURVIVAL
[19:04:24] [Server thread/INFO]: This server is running Paper version git-Paper-1620 (MC: 1.12.2) (Implementing API version 1.12.2-R0.1-SNAPSHOT)
[19:04:24] [Server thread/INFO]: Debug logging is disabled
[19:04:24] [Server thread/INFO]: Server Ping Player Sample Count: 12
[19:04:24] [Server thread/INFO]: Using 4 threads for Netty based IO
[19:04:25] [Server thread/INFO]: Generating keypair
[19:04:25] [Server thread/INFO]: Starting Minecraft server on *:25565
[19:04:25] [Server thread/INFO]: Using default channel type
[19:04:25] [Server thread/INFO]: Set PluginClassLoader as parallel capable
[19:04:25] [Server thread/INFO]: [Inject] Loading Inject v1.0.3
[19:04:25] [Server thread/INFO]: [SimpleTpa] Loading SimpleTpa v6.4
[19:04:25] [Server thread/INFO]: [InventorySpy] Loading InventorySpy v1.0.0
[19:04:25] [Server thread/INFO]: [VoidGen] Loading VoidGen v1.1
[19:04:25] [Server thread/INFO]: [WorldEdit] Loading WorldEdit v6.1;no_git_id
[19:04:25] [Server thread/INFO]: [CursedAltar] Loading CursedAltar v1.0
[19:04:25] [Server thread/INFO]: [DisguiseSimple] Loading DisguiseSimple v1.0
[19:04:25] [Server thread/INFO]: [DecentHolograms] Loading DecentHolograms v2.9.8
[19:04:25] [Server thread/INFO]: [SimpleHomes] Loading SimpleHomes v2.2
[19:04:25] [Server thread/INFO]: [EaglerVanish] Loading EaglerVanish v1.0.0
[19:04:25] [Server thread/INFO]: [TickFreeze] Loading TickFreeze v1.0.0
[19:04:25] [Server thread/INFO]: [ViaVersion] Loading ViaVersion v5.4.2
[19:04:25] [Server thread/INFO]: [ViaVersion] ViaVersion 5.4.2 is now loaded. Registering protocol transformers and injecting...
[19:04:26] [Via-Mappingloader-0/INFO]: [ViaVersion] Loading block connection mappings ...
[19:04:26] [Via-Mappingloader-0/INFO]: [ViaVersion] Using FastUtil Long2ObjectOpenHashMap for block connections
[19:04:26] [Server thread/INFO]: [ViaBackwards] Loading translations...
[19:04:26] [Server thread/INFO]: [ViaBackwards] Registering protocols...
[19:04:27] [Server thread/INFO]: [ImmersivePortals] Loading ImmersivePortals v1.0
[19:04:27] [Server thread/INFO]: [ViaBackwards] Loading ViaBackwards v5.4.2
[19:04:27] [Server thread/INFO]: Server permissions file permissions.yml is empty, ignoring it
[19:04:27] [Server thread/INFO]: [VoidGen] Enabling VoidGen v1.1
[19:04:27] [Server thread/WARN]: **** SERVER IS RUNNING IN OFFLINE/INSECURE MODE!
[19:04:27] [Server thread/WARN]: The server will make no attempt to authenticate usernames. Beware.
[19:04:27] [Server thread/WARN]: Whilst this makes it possible to use BungeeCord, unless access to your server is properly restricted, it also opens up the ability for hackers to connect with any username they choose.
[19:04:27] [Server thread/WARN]: Please see http://www.spigotmc.org/wiki/firewall-guide/ for further information.
[19:04:27] [Server thread/WARN]: To change this, set "online-mode" to "true" in the server.properties file.
[19:04:27] [Server thread/INFO]: **** Beginning UUID conversion, this may take A LONG time ****
[19:04:27] [Server thread/INFO]: Preparing level "lobby_world"
[19:04:27] [Server thread/INFO]: -------- World Settings For [lobby_world] --------
[19:04:27] [Server thread/INFO]: Mob Spawn Range: 4
[19:04:27] [Server thread/INFO]: Cactus Growth Modifier: 100%
[19:04:27] [Server thread/INFO]: Cane Growth Modifier: 100%
[19:04:27] [Server thread/INFO]: Melon Growth Modifier: 100%
[19:04:27] [Server thread/INFO]: Mushroom Growth Modifier: 100%
[19:04:27] [Server thread/INFO]: Pumpkin Growth Modifier: 100%
[19:04:27] [Server thread/INFO]: Sapling Growth Modifier: 100%
[19:04:27] [Server thread/INFO]: Wheat Growth Modifier: 100%
[19:04:27] [Server thread/INFO]: NetherWart Growth Modifier: 100%
[19:04:27] [Server thread/INFO]: Vine Growth Modifier: 100%
[19:04:27] [Server thread/INFO]: Cocoa Growth Modifier: 100%
[19:04:27] [Server thread/INFO]: Entity Activation Range: An 32 / Mo 32 / Mi 16 / Tiv true
[19:04:27] [Server thread/INFO]: Entity Tracking Range: Pl 48 / An 48 / Mo 48 / Mi 32 / Other 64
[19:04:27] [Server thread/INFO]: Hopper Transfer: 8 Hopper Check: 1 Hopper Amount: 1
[19:04:27] [Server thread/INFO]: Random Lighting Updates: false
[19:04:27] [Server thread/INFO]: Structure Info Saving: true
[19:04:27] [Server thread/INFO]: Custom Map Seeds:  Village: 10387312 Feature: 14357617 Monument: 10387313 Slime: 987234911
[19:04:27] [Server thread/INFO]: Max TNT Explosions: 100
[19:04:27] [Server thread/INFO]: Tile Max Tick Time: 50ms Entity max Tick Time: 50ms
[19:04:27] [Server thread/INFO]: Item Despawn Rate: 6000
[19:04:27] [Server thread/INFO]: Item Merge Radius: 2.5
[19:04:27] [Server thread/INFO]: View Distance: 4
[19:04:27] [Server thread/INFO]: Arrow Despawn Rate: 1200
[19:04:27] [Server thread/INFO]: Allow Zombie Pigmen to spawn from portal blocks: true
[19:04:27] [Server thread/INFO]: Experience Merge Radius: 3.0
[19:04:27] [Server thread/INFO]: Zombie Aggressive Towards Villager: true
[19:04:27] [Server thread/INFO]: Nerfing mobs spawned from spawners: false
[19:04:28] [Server thread/INFO]: -------- World Settings For [lobby_world_the_end] --------
[19:04:28] [Server thread/INFO]: Mob Spawn Range: 4
[19:04:28] [Server thread/INFO]: Cactus Growth Modifier: 100%
[19:04:28] [Server thread/INFO]: Cane Growth Modifier: 100%
[19:04:28] [Server thread/INFO]: Melon Growth Modifier: 100%
[19:04:28] [Server thread/INFO]: Mushroom Growth Modifier: 100%
[19:04:28] [Server thread/INFO]: Pumpkin Growth Modifier: 100%
[19:04:28] [Server thread/INFO]: Sapling Growth Modifier: 100%
[19:04:28] [Server thread/INFO]: Wheat Growth Modifier: 100%
[19:04:28] [Server thread/INFO]: NetherWart Growth Modifier: 100%
[19:04:28] [Server thread/INFO]: Vine Growth Modifier: 100%
[19:04:28] [Server thread/INFO]: Cocoa Growth Modifier: 100%
[19:04:28] [Server thread/INFO]: Entity Activation Range: An 32 / Mo 32 / Mi 16 / Tiv true
[19:04:28] [Server thread/INFO]: Entity Tracking Range: Pl 48 / An 48 / Mo 48 / Mi 32 / Other 64
[19:04:28] [Server thread/INFO]: Hopper Transfer: 8 Hopper Check: 1 Hopper Amount: 1
[19:04:28] [Server thread/INFO]: Random Lighting Updates: false
[19:04:28] [Server thread/INFO]: Structure Info Saving: true
[19:04:28] [Server thread/INFO]: Custom Map Seeds:  Village: 10387312 Feature: 14357617 Monument: 10387313 Slime: 987234911
[19:04:28] [Server thread/INFO]: Max TNT Explosions: 100
[19:04:28] [Server thread/INFO]: Tile Max Tick Time: 50ms Entity max Tick Time: 50ms
[19:04:28] [Server thread/INFO]: Item Despawn Rate: 6000
[19:04:28] [Server thread/INFO]: Item Merge Radius: 2.5
[19:04:28] [Server thread/INFO]: View Distance: 4
[19:04:28] [Server thread/INFO]: Arrow Despawn Rate: 1200
[19:04:28] [Server thread/INFO]: Allow Zombie Pigmen to spawn from portal blocks: true
[19:04:28] [Server thread/INFO]: Experience Merge Radius: 3.0
[19:04:28] [Server thread/INFO]: Zombie Aggressive Towards Villager: true
[19:04:28] [Server thread/INFO]: Nerfing mobs spawned from spawners: false
[19:04:28] [Server thread/INFO]: Preparing start region for level 0 (Seed: 3770571510763107811)
[19:04:28] [Server thread/ERROR]: Chunk file at -11,12 is in the wrong location; relocating. (Expected -11, 12, got -5, 11)
[19:04:29] [Server thread/ERROR]: Chunk file at -10,19 is in the wrong location; relocating. (Expected -10, 19, got -3, 14)
[19:04:29] [Server thread/INFO]: Preparing spawn area: 5%
[19:04:29] [Server thread/INFO]: Preparing start region for level 1 (Seed: 9193991585933015891)
[19:04:29] [Server thread/INFO]: [Inject] Enabling Inject v1.0.3
[19:04:29] [Server thread/INFO]: [Inject] Registered command: /inject
[19:04:29] [Server thread/INFO]: [Inject] Registered command: /patrol
[19:04:29] [Server thread/INFO]: [Inject] Inject plugin enabled.
[19:04:29] [Server thread/INFO]: [SimpleTpa] Enabling SimpleTpa v6.4
[19:04:29] [Server thread/INFO]: [SimpleTpa] If you need support contact me at https://discord.gg/SZUkza9
[19:04:29] [Server thread/INFO]: [SimpleTpa] Simple Tpa has been enabled on version 6.4
[19:04:29] [Server thread/INFO]: Enabled metrics. You may opt-out by changing plugins/bStats/config.yml
[19:04:29] [Server thread/INFO]: [InventorySpy] Enabling InventorySpy v1.0.0
[19:04:29] [Server thread/INFO]: [InventorySpy] InventorySpy enabled.
[19:04:29] [Server thread/INFO]: [WorldEdit] Enabling WorldEdit v6.1;no_git_id
[19:04:29] [Server thread/INFO]: WEPIF: Using the Bukkit Permissions API.
[19:04:30] [Server thread/WARN]: [WorldEdit] 
**********************************************
** This WorldEdit version does not fully support your version of Bukkit.
**
** When working with blocks or undoing, chests will be empty, signs
** will be blank, and so on. There will be no support for entity
** and biome-related functions.
**
** Please see http://wiki.sk89q.com/wiki/WorldEdit/Bukkit_adapters
**********************************************

[19:04:30] [Server thread/INFO]: [CursedAltar] Enabling CursedAltar v1.0
[19:04:30] [Server thread/INFO]: [CursedAltar] CursedAltar enabled
[19:04:30] [Server thread/INFO]: [DisguiseSimple] Enabling DisguiseSimple v1.0
[19:04:30] [Server thread/INFO]: [DecentHolograms] Enabling DecentHolograms v2.9.8
[19:04:30] [Server thread/INFO]: [DecentHolograms] Initialized NMS adapter for v1_12_R1 (1.12.2).
[19:04:30] [Server thread/INFO]: [NBTAPI] [NBTAPI] Found Minecraft: v1_12_R1! Trying to find NMS support
[19:04:30] [Server thread/INFO]: [NBTAPI] [NBTAPI] NMS support 'MC1_12_R1' loaded!
[19:04:30] [Server thread/INFO]: [NBTAPI] [NBTAPI] Using the plugin 'DecentHolograms' to create a bStats instance!
[19:04:30] [Server thread/INFO]: [DecentHolograms] NBT-API loaded successfully.
[19:04:30] [Server thread/INFO]: [SimpleHomes] Enabling SimpleHomes v2.2
[19:04:30] [Server thread/INFO]: [EaglerVanish] Enabling EaglerVanish v1.0.0
[19:04:30] [Server thread/INFO]: [EaglerVanish] EaglerVanish enabled
[19:04:30] [Server thread/INFO]: [TickFreeze] Enabling TickFreeze v1.0.0
[19:04:30] [Server thread/INFO]: [TickFreeze] TickFreeze enabled
[19:04:30] [Server thread/INFO]: [ViaVersion] Enabling ViaVersion v5.4.2
[19:04:30] [Server thread/INFO]: [ImmersivePortals] Enabling ImmersivePortals v1.0
[19:04:30] [Server thread/INFO]: [ImmersivePortals] ImmersivePortals enabled!
[19:04:30] [Server thread/INFO]: [ViaBackwards] Enabling ViaBackwards v5.4.2
[19:04:30] [Server thread/INFO]: Done (2.793s)! For help, type "help" or "?"
[19:04:30] [Server thread/INFO]: Timings Reset
[19:04:30] [Craft Scheduler Thread - 2/INFO]: [DecentHolograms] Loading holograms... 
[19:04:30] [Server thread/INFO]: [ViaVersion] ViaVersion detected server version: 1.12.2 (340)
[19:04:30] [Server thread/WARN]: [ViaVersion] This version of Minecraft is extremely outdated and support for it has reached its end of life. You will still be able to run Via on this Minecraft version, but we will prioritize issues with legacy Minecraft versions less. Please consider updating to give your players a better experience and to avoid issues that have long been fixed.
[19:04:30] [Server thread/WARN]: [ViaVersion] Please update your Java runtime to at least Java 21 (your version is 17.0.16).
[19:04:30] [Server thread/WARN]: [ViaVersion] At some point in the future, ViaVersion will no longer be compatible with this version of Java.
[19:04:30] [Craft Scheduler Thread - 2/INFO]: [DecentHolograms] Loaded 1 holograms!
[19:04:30] [Craft Scheduler Thread - 1/INFO]: [ViaVersion] Finished mapping loading, shutting down loader executor.
[19:04:31] [Craft Scheduler Thread - 3/INFO]: [SimpleTpa] There is a new update available.
[19:04:31] [Craft Scheduler Thread - 3/INFO]: [SimpleTpa] There is a new update available:
[19:04:31] [Craft Scheduler Thread - 3/INFO]: [SimpleTpa] https://www.spigotmc.org/resources/simple-tpa.64270/
[19:04:31] [Server thread/WARN]: [ViaVersion] There is a newer plugin version available: 5.5.1, you're on: 5.4.2
