[14:17:29] [Server thread/INFO]: Starting minecraft server version 1.12.2
[14:17:29] [Server thread/INFO]: Loading properties
[14:17:29] [Server thread/INFO]: Default game type: SURVIVAL
[14:17:30] [Server thread/INFO]: This server is running Paper version git-Paper-1620 (MC: 1.12.2) (Implementing API version 1.12.2-R0.1-SNAPSHOT)
[14:17:30] [Server thread/INFO]: Debug logging is disabled
[14:17:30] [Server thread/INFO]: Server Ping Player Sample Count: 12
[14:17:30] [Server thread/INFO]: Using 4 threads for Netty based IO
[14:17:30] [Server thread/INFO]: Generating keypair
[14:17:30] [Server thread/INFO]: Starting Minecraft server on *:25566
[14:17:30] [Server thread/INFO]: Using default channel type
[14:17:30] [Server thread/INFO]: Set PluginClassLoader as parallel capable
[14:17:31] [Server thread/INFO]: [SimpleTpa] Loading SimpleTpa v6.4
[14:17:31] [Server thread/INFO]: [AdvancedPortals] Loading AdvancedPortals v0.0.41
[14:17:31] [Server thread/INFO]: [InventorySpy] Loading InventorySpy v1.0.0
[14:17:31] [Server thread/INFO]: [WorldEdit] Loading WorldEdit v6.1;no_git_id
[14:17:31] [Server thread/INFO]: [DecentHolograms] Loading DecentHolograms v2.9.8
[14:17:31] [Server thread/INFO]: [LoginSecurity] Loading LoginSecurity v3.2.0
[14:17:31] [Server thread/INFO]: [PermissionsEx] Loading PermissionsEx v1.23.4
[14:17:31] [Server thread/WARN]: [PermissionsEx] This server is in offline mode. Unless this server is configured to integrate with a supported proxy (see http://dft.ba/-8ous), UUIDs *may not be stable*!
[14:17:31] [Server thread/INFO]: [SimpleHomes] Loading SimpleHomes v2.2
[14:17:31] [Server thread/INFO]: [Vault] Loading Vault v1.7.3-b131
[14:17:31] [Server thread/INFO]: [PowerBoard] Loading PowerBoard v3.7.0
[14:17:31] [Server thread/INFO]: [Quests] Loading Quests v5.2.7-b${env.BUILD_NUMBER}
[14:17:31] [Server thread/INFO]: [Essentials] Loading Essentials v2.21.2
[14:17:31] [Server thread/INFO]: [EssentialsSpawn] Loading EssentialsSpawn v2.21.2
[14:17:31] [Server thread/INFO]: [EssentialsProtect] Loading EssentialsProtect v2.21.2
[14:17:31] [Server thread/INFO]: Server permissions file permissions.yml is empty, ignoring it
[14:17:31] [Server thread/INFO]: [Vault] Enabling Vault v1.7.3-b131
[14:17:31] [Server thread/INFO]: [Vault] [Economy] Essentials Economy found: Waiting
[14:17:31] [Server thread/INFO]: [Vault] [Permission] PermissionsEx found: Waiting
[14:17:31] [Server thread/INFO]: [Vault] [Permission] SuperPermissions loaded as backup permission system.
[14:17:31] [Server thread/INFO]: [Vault] [Chat] PermissionsEx found: Waiting
[14:17:31] [Server thread/INFO]: [Vault] Enabled Version 1.7.3-b131
[14:17:31] [Server thread/WARN]: **** SERVER IS RUNNING IN OFFLINE/INSECURE MODE!
[14:17:31] [Server thread/WARN]: The server will make no attempt to authenticate usernames. Beware.
[14:17:31] [Server thread/WARN]: Whilst this makes it possible to use BungeeCord, unless access to your server is properly restricted, it also opens up the ability for hackers to connect with any username they choose.
[14:17:31] [Server thread/WARN]: Please see http://www.spigotmc.org/wiki/firewall-guide/ for further information.
[14:17:31] [Server thread/WARN]: To change this, set "online-mode" to "true" in the server.properties file.
[14:17:31] [Server thread/INFO]: **** Beginning UUID conversion, this may take A LONG time ****
[14:17:31] [Server thread/INFO]: Preparing level "world"
[14:17:31] [Server thread/INFO]: -------- World Settings For [world] --------
[14:17:31] [Server thread/INFO]: Cactus Growth Modifier: 100%
[14:17:31] [Server thread/INFO]: Cane Growth Modifier: 100%
[14:17:31] [Server thread/INFO]: Melon Growth Modifier: 100%
[14:17:31] [Server thread/INFO]: Mushroom Growth Modifier: 100%
[14:17:31] [Server thread/INFO]: Pumpkin Growth Modifier: 100%
[14:17:31] [Server thread/INFO]: Sapling Growth Modifier: 100%
[14:17:31] [Server thread/INFO]: Wheat Growth Modifier: 100%
[14:17:31] [Server thread/INFO]: NetherWart Growth Modifier: 100%
[14:17:31] [Server thread/INFO]: Vine Growth Modifier: 100%
[14:17:31] [Server thread/INFO]: Cocoa Growth Modifier: 100%
[14:17:31] [Server thread/INFO]: Mob Spawn Range: 4
[14:17:31] [Server thread/INFO]: Entity Activation Range: An 32 / Mo 32 / Mi 16 / Tiv true
[14:17:31] [Server thread/INFO]: Entity Tracking Range: Pl 48 / An 48 / Mo 48 / Mi 32 / Other 64
[14:17:31] [Server thread/INFO]: Hopper Transfer: 8 Hopper Check: 1 Hopper Amount: 1
[14:17:31] [Server thread/INFO]: Random Lighting Updates: false
[14:17:31] [Server thread/INFO]: Structure Info Saving: true
[14:17:31] [Server thread/INFO]: Custom Map Seeds:  Village: 10387312 Feature: 14357617 Monument: 10387313 Slime: 987234911
[14:17:31] [Server thread/INFO]: Max TNT Explosions: 100
[14:17:31] [Server thread/INFO]: Tile Max Tick Time: 50ms Entity max Tick Time: 50ms
[14:17:31] [Server thread/INFO]: View Distance: 4
[14:17:31] [Server thread/INFO]: Item Despawn Rate: 6000
[14:17:31] [Server thread/INFO]: Item Merge Radius: 2.5
[14:17:31] [Server thread/INFO]: Arrow Despawn Rate: 1200
[14:17:31] [Server thread/INFO]: Allow Zombie Pigmen to spawn from portal blocks: true
[14:17:31] [Server thread/INFO]: Nerfing mobs spawned from spawners: false
[14:17:31] [Server thread/INFO]: Experience Merge Radius: 3.0
[14:17:31] [Server thread/INFO]: Zombie Aggressive Towards Villager: true
[14:17:31] [Server thread/INFO]: -------- World Settings For [world_nether] --------
[14:17:31] [Server thread/INFO]: Cactus Growth Modifier: 100%
[14:17:31] [Server thread/INFO]: Cane Growth Modifier: 100%
[14:17:31] [Server thread/INFO]: Melon Growth Modifier: 100%
[14:17:31] [Server thread/INFO]: Mushroom Growth Modifier: 100%
[14:17:31] [Server thread/INFO]: Pumpkin Growth Modifier: 100%
[14:17:31] [Server thread/INFO]: Sapling Growth Modifier: 100%
[14:17:31] [Server thread/INFO]: Wheat Growth Modifier: 100%
[14:17:31] [Server thread/INFO]: NetherWart Growth Modifier: 100%
[14:17:31] [Server thread/INFO]: Vine Growth Modifier: 100%
[14:17:31] [Server thread/INFO]: Cocoa Growth Modifier: 100%
[14:17:31] [Server thread/INFO]: Mob Spawn Range: 4
[14:17:31] [Server thread/INFO]: Entity Activation Range: An 32 / Mo 32 / Mi 16 / Tiv true
[14:17:31] [Server thread/INFO]: Entity Tracking Range: Pl 48 / An 48 / Mo 48 / Mi 32 / Other 64
[14:17:31] [Server thread/INFO]: Hopper Transfer: 8 Hopper Check: 1 Hopper Amount: 1
[14:17:31] [Server thread/INFO]: Random Lighting Updates: false
[14:17:31] [Server thread/INFO]: Structure Info Saving: true
[14:17:31] [Server thread/INFO]: Custom Map Seeds:  Village: 10387312 Feature: 14357617 Monument: 10387313 Slime: 987234911
[14:17:31] [Server thread/INFO]: Max TNT Explosions: 100
[14:17:31] [Server thread/INFO]: Tile Max Tick Time: 50ms Entity max Tick Time: 50ms
[14:17:31] [Server thread/INFO]: View Distance: 4
[14:17:31] [Server thread/INFO]: Item Despawn Rate: 6000
[14:17:31] [Server thread/INFO]: Item Merge Radius: 2.5
[14:17:31] [Server thread/INFO]: Arrow Despawn Rate: 1200
[14:17:31] [Server thread/INFO]: Allow Zombie Pigmen to spawn from portal blocks: true
[14:17:31] [Server thread/INFO]: Nerfing mobs spawned from spawners: false
[14:17:31] [Server thread/INFO]: Experience Merge Radius: 3.0
[14:17:31] [Server thread/INFO]: Zombie Aggressive Towards Villager: true
[14:17:32] [Server thread/INFO]: -------- World Settings For [world_the_end] --------
[14:17:32] [Server thread/INFO]: Cactus Growth Modifier: 100%
[14:17:32] [Server thread/INFO]: Cane Growth Modifier: 100%
[14:17:32] [Server thread/INFO]: Melon Growth Modifier: 100%
[14:17:32] [Server thread/INFO]: Mushroom Growth Modifier: 100%
[14:17:32] [Server thread/INFO]: Pumpkin Growth Modifier: 100%
[14:17:32] [Server thread/INFO]: Sapling Growth Modifier: 100%
[14:17:32] [Server thread/INFO]: Wheat Growth Modifier: 100%
[14:17:32] [Server thread/INFO]: NetherWart Growth Modifier: 100%
[14:17:32] [Server thread/INFO]: Vine Growth Modifier: 100%
[14:17:32] [Server thread/INFO]: Cocoa Growth Modifier: 100%
[14:17:32] [Server thread/INFO]: Mob Spawn Range: 4
[14:17:32] [Server thread/INFO]: Entity Activation Range: An 32 / Mo 32 / Mi 16 / Tiv true
[14:17:32] [Server thread/INFO]: Entity Tracking Range: Pl 48 / An 48 / Mo 48 / Mi 32 / Other 64
[14:17:32] [Server thread/INFO]: Hopper Transfer: 8 Hopper Check: 1 Hopper Amount: 1
[14:17:32] [Server thread/INFO]: Random Lighting Updates: false
[14:17:32] [Server thread/INFO]: Structure Info Saving: true
[14:17:32] [Server thread/INFO]: Custom Map Seeds:  Village: 10387312 Feature: 14357617 Monument: 10387313 Slime: 987234911
[14:17:32] [Server thread/INFO]: Max TNT Explosions: 100
[14:17:32] [Server thread/INFO]: Tile Max Tick Time: 50ms Entity max Tick Time: 50ms
[14:17:32] [Server thread/INFO]: View Distance: 4
[14:17:32] [Server thread/INFO]: Item Despawn Rate: 6000
[14:17:32] [Server thread/INFO]: Item Merge Radius: 2.5
[14:17:32] [Server thread/INFO]: Arrow Despawn Rate: 1200
[14:17:32] [Server thread/INFO]: Allow Zombie Pigmen to spawn from portal blocks: true
[14:17:32] [Server thread/INFO]: Nerfing mobs spawned from spawners: false
[14:17:32] [Server thread/INFO]: Experience Merge Radius: 3.0
[14:17:32] [Server thread/INFO]: Zombie Aggressive Towards Villager: true
[14:17:32] [Server thread/INFO]: Preparing start region for level 0 (Seed: 9043210522798455108)
[14:17:33] [Server thread/INFO]: Preparing spawn area: 12%
[14:17:33] [Server thread/INFO]: Preparing start region for level 1 (Seed: 9043210522798455108)
[14:17:33] [Server thread/INFO]: Preparing start region for level 2 (Seed: 9043210522798455108)
[14:17:33] [Server thread/INFO]: [SimpleTpa] Enabling SimpleTpa v6.4
[14:17:33] [Server thread/INFO]: [SimpleTpa] If you need support contact me at https://discord.gg/SZUkza9
[14:17:33] [Server thread/INFO]: [SimpleTpa] Simple Tpa has been enabled on version 6.4
[14:17:33] [Server thread/INFO]: Enabled metrics. You may opt-out by changing plugins/bStats/config.yml
[14:17:33] [Server thread/INFO]: [AdvancedPortals] Enabling AdvancedPortals v0.0.41
[14:17:33] [Server thread/INFO]: [AdvancedPortals] Bukkit version detected v1_12_R1
[14:17:33] [Server thread/INFO]: [AdvancedPortals] File not found
[14:17:33] [Server thread/INFO]: [AdvancedPortals] BLOCK_PORTAL_TRAVEL found
[14:17:33] [Server thread/INFO]: [AdvancedPortals] ENTITY_ENDERMEN_TELEPORT found
[14:17:33] [Server thread/INFO]: [AdvancedPortals] ENTITY_GENERIC_EXPLODE found
[14:17:33] [Server thread/INFO]: Advanced portals have been successfully enabled!
[14:17:33] [Server thread/INFO]: [InventorySpy] Enabling InventorySpy v1.0.0
[14:17:33] [Server thread/INFO]: [InventorySpy] InventorySpy enabled.
[14:17:33] [Server thread/INFO]: [WorldEdit] Enabling WorldEdit v6.1;no_git_id
[14:17:33] [Server thread/INFO]: WEPIF: Using the Bukkit Permissions API.
[14:17:33] [Server thread/INFO]: [WorldEdit] Logging WorldEdit commands to /workspaces/EaglerServer-1.12/servers/survival/plugins/WorldEdit/worldedit.log
[14:17:33] [Server thread/WARN]: [WorldEdit] 
**********************************************
** This WorldEdit version does not fully support your version of Bukkit.
**
** When working with blocks or undoing, chests will be empty, signs
** will be blank, and so on. There will be no support for entity
** and biome-related functions.
**
** Please see http://wiki.sk89q.com/wiki/WorldEdit/Bukkit_adapters
**********************************************

[14:17:33] [Server thread/INFO]: [DecentHolograms] Enabling DecentHolograms v2.9.8
[14:17:33] [Server thread/INFO]: [DecentHolograms] Initialized NMS adapter for v1_12_R1 (1.12.2).
[14:17:34] [Server thread/INFO]: [NBTAPI] [NBTAPI] Found Minecraft: v1_12_R1! Trying to find NMS support
[14:17:34] [Server thread/INFO]: [NBTAPI] [NBTAPI] NMS support 'MC1_12_R1' loaded!
[14:17:34] [Server thread/INFO]: [NBTAPI] [NBTAPI] Using the plugin 'DecentHolograms' to create a bStats instance!
[14:17:34] [Server thread/INFO]: [DecentHolograms] NBT-API loaded successfully.
[14:17:34] [Server thread/INFO]: [LoginSecurity] Enabling LoginSecurity v3.2.0
[14:17:34] [Server thread/INFO]: [LoginSecurity] Loading base translations from "en_us"
[14:17:34] [Server thread/INFO]: [LoginSecurity] Loading specified translations from "en_us"
[14:17:34] [Server thread/INFO]: [LoginSecurity] Registering commands...
[14:17:34] [Server thread/INFO]: [LoginSecurity] Registering listeners...
[14:17:34] [Server thread/INFO]: [PermissionsEx] Enabling PermissionsEx v1.23.4
[14:17:34] [Server thread/INFO]: [PermissionsEx] Initializing file backend
[14:17:34] [Server thread/INFO]: [PermissionsEx] Permissions file successfully reloaded
[14:17:34] [Server thread/INFO]: WEPIF: PermissionsEx detected! Using PermissionsEx for permissions.
[14:17:34] [Server thread/INFO]: [Vault][Permission] PermissionsEx hooked.
[14:17:34] [Server thread/INFO]: [Vault] [Vault][Chat] PermissionsEx_Chat hooked.
[14:17:34] [Server thread/INFO]: [SimpleHomes] Enabling SimpleHomes v2.2
[14:17:34] [Server thread/INFO]: [PowerBoard] Enabling PowerBoard v3.7.0
[14:17:34] [Server thread/INFO]: [PowerBoard] --------------------------------------------------
[14:17:34] [Server thread/INFO]: [PowerBoard] --------------- Loading PowerBoard ---------------
[14:17:34] [Server thread/INFO]: [PowerBoard]  
[14:17:34] [Server thread/INFO]: [PowerBoard] Loading configs..
[14:17:34] [Server thread/INFO]: [PowerBoard]  
[14:17:34] [Server thread/INFO]: [PowerBoard] (SelfCheck) config.yml -> Loading...
[14:17:34] [Server thread/INFO]: [PowerBoard] (SelfCheck) config.yml -> Finished!
[14:17:34] [Server thread/INFO]: [PowerBoard]  
[14:17:34] [Server thread/INFO]: [PowerBoard] Configs loaded!
[14:17:34] [Server thread/INFO]: [PowerBoard]  
[14:17:34] [Server thread/INFO]: [PowerBoard] Registered scoreboard 'scoreboard'.
[14:17:34] [Server thread/INFO]: [PowerBoard] Registered tablist.
[14:17:34] [Server thread/INFO]: [PowerBoard]  
[14:17:34] [Server thread/INFO]: [PowerBoard] --------------- PowerBoard  loaded ---------------
[14:17:34] [Server thread/INFO]: [PowerBoard] --------------------------------------------------
[14:17:34] [Server thread/INFO]: [Quests] Enabling Quests v5.2.7-b${env.BUILD_NUMBER}
[14:17:34] [Server thread/INFO]: [Quests] Loaded language en-US. Translations via Crowdin
[14:17:34] [Server thread/INFO]: [Quests] Loading storage implementation: YAML
[14:17:34] [Server thread/INFO]: [Essentials] Enabling Essentials v2.21.2
[14:17:35] [Thread-6/WARN]: [PermissionsEx] The updater could not find any files for the project id 31279
[14:17:35] [Server thread/INFO]: [Essentials] Attempting to convert old kits in config.yml to new kits.yml
[14:17:35] [Server thread/INFO]: [Essentials] No kits found to migrate.
[14:17:35] [Server thread/INFO]: [Essentials] Selected Paper Known Commands Provider as the provider for KnownCommandsProvider
[14:17:35] [Server thread/INFO]: [Essentials] Selected Legacy InventoryView Abstract Class ABI Provider as the provider for InventoryViewProvider
[14:17:35] [Server thread/INFO]: [Essentials] Selected Reflection Formatted Command Alias Provider as the provider for FormattedCommandAliasProvider
[14:17:35] [Server thread/INFO]: [Essentials] Selected 1.8.3+ Spawner Item Provider as the provider for SpawnerItemProvider
[14:17:35] [Server thread/INFO]: [Essentials] No provider found for BiomeKeyProvider, but it is nullable
[14:17:35] [Server thread/INFO]: [Essentials] Selected Legacy Damage Event Provider as the provider for DamageEventProvider
[14:17:35] [Server thread/INFO]: [Essentials] Selected 1.12.2+ Player Locale Provider as the provider for PlayerLocaleProvider
[14:17:35] [Server thread/INFO]: [Essentials] No provider found for TickCountProvider, but it is nullable
[14:17:35] [Server thread/INFO]: [Essentials] Selected Legacy Banner Meta Provider as the provider for BannerDataProvider
[14:17:35] [Server thread/INFO]: [Essentials] Selected Fixed Height World Info Provider as the provider for WorldInfoProvider
[14:17:35] [Server thread/INFO]: [Essentials] Selected Reflection Sync Commands Provider as the provider for SyncCommandsProvider
[14:17:35] [Server thread/INFO]: [Essentials] Selected 1.12+ Spawner Block Provider as the provider for SpawnerBlockProvider
[14:17:35] [Server thread/INFO]: [Essentials] No provider found for ContainerProvider, but it is nullable
[14:17:35] [Server thread/INFO]: [Essentials] No provider found for MaterialTagProvider, but it is nullable
[14:17:35] [Server thread/INFO]: [Essentials] Selected 1.11+ Item Unbreakable Provider as the provider for ItemUnbreakableProvider
[14:17:35] [Server thread/INFO]: [Essentials] Selected Reflection Server State Provider as the provider for ServerStateProvider
[14:17:35] [Server thread/INFO]: [Essentials] Selected Reflection Online Mode Provider as the provider for OnlineModeProvider
[14:17:35] [Server thread/INFO]: [Essentials] Selected Reflection Persistent Data Container Provider as the provider for PersistentDataProvider
[14:17:35] [Server thread/INFO]: [Essentials] No provider found for SerializationProvider, but it is nullable
[14:17:35] [Server thread/INFO]: [Essentials] Selected Legacy Biome Name Provider as the provider for BiomeNameProvider
[14:17:35] [Server thread/INFO]: [Essentials] Selected 1.9-1.20.4 Potion Meta Provider as the provider for PotionMetaProvider
[14:17:35] [Server thread/INFO]: [Essentials] No provider found for SignDataProvider, but it is nullable
[14:17:35] [Server thread/INFO]: [Essentials] Selected 1.9-1.12.2 Spawn Egg Provider as the provider for SpawnEggProvider
[14:17:35] [Server thread/INFO]: [Essentials] Loaded 853 items from items.csv.
[14:17:35] [Server thread/INFO]: [Essentials] Using locale en
[14:17:35] [Server thread/INFO]: [Essentials] ServerListPingEvent: Spigot iterator API
[14:17:36] [Server thread/INFO]: [Essentials] Starting Metrics. Opt-out using the global bStats config.
[14:17:36] [Server thread/INFO]: [Vault] [Economy] Essentials Economy hooked.
[14:17:36] [Server thread/INFO]: [Essentials] Using Vault based permissions (PermissionsEx)
[14:17:36] [Server thread/INFO]: [EssentialsSpawn] Enabling EssentialsSpawn v2.21.2
[14:17:36] [Server thread/INFO]: [EssentialsSpawn] Starting Metrics. Opt-out using the global bStats config.
[14:17:36] [Server thread/INFO]: [EssentialsProtect] Enabling EssentialsProtect v2.21.2
[14:17:36] [Server thread/INFO]: [EssentialsProtect] Continuing to enable Protect.
[14:17:36] [Server thread/INFO]: [EssentialsProtect] Starting Metrics. Opt-out using the global bStats config.
[14:17:36] [Server thread/INFO]: Done (5.034s)! For help, type "help" or "?"
[14:17:36] [Server thread/INFO]: Timings Reset
[14:17:36] [Craft Scheduler Thread - 1/INFO]: [DecentHolograms] Loading holograms... 
[14:17:36] [Server thread/INFO]: [Essentials] Essentials found a compatible payment resolution method: Vault Compatibility Layer (v1.7.3-b131)!
[14:17:36] [Craft Scheduler Thread - 6/INFO]: [Vault] Checking for Updates ... 
[14:17:36] [Craft Scheduler Thread - 7/INFO]: [Essentials] Fetching version information...
[14:17:36] [Craft Scheduler Thread - 6/INFO]: [Vault] No new version available
[14:17:36] [Craft Scheduler Thread - 1/INFO]: [DecentHolograms] Loaded 7 holograms!
[14:17:36] [Craft Scheduler Thread - 0/INFO]: [PowerBoard] -> You are running the latest version! :)
[14:17:36] [Craft Scheduler Thread - 3/INFO]: [SimpleTpa] There is a new update available.
[14:17:36] [Craft Scheduler Thread - 3/INFO]: [SimpleTpa] There is a new update available:
[14:17:36] [Craft Scheduler Thread - 3/INFO]: [SimpleTpa] https://www.spigotmc.org/resources/simple-tpa.64270/
[14:17:36] [Server thread/INFO]: [Quests] Loaded 4 Quest(s), 7 Action(s), 1 Condition(s) and 804 Phrase(s)
[14:17:37] [Server thread/INFO]: [PowerBoard] Registering players...
[14:17:37] [Server thread/INFO]: [PowerBoard] All players have been registered.
[14:25:08] [Server thread/INFO]: Unknown command. Type "/help" for help.
[14:25:12] [Server thread/INFO]: [AdvancedPortals] You cannot use commands with the console.
[14:30:25] [Server thread/INFO]: [AdvancedPortals] You cannot use commands with the console.
