[20:10:45] [main/INFO] [com.velocitypowered.proxy.VelocityServer]: Booting up Velocity 3.4.0-SNAPSHOT (git-965db127-b454)...
[20:10:46] [main/INFO] [com.velocitypowered.proxy.VelocityServer]: Loading localizations...
[20:10:46] [main/INFO] [com.velocitypowered.proxy.network.ConnectionManager]: Connections will use epoll channels, libdeflate (Linux x86_64) compression, OpenSSL 3.x.x (Linux x86_64) ciphers
[20:10:46] [main/WARN] [com.velocitypowered.proxy.config.VelocityConfiguration]: The proxy is running in offline mode! This is a security risk and you will NOT receive any support!
[20:10:46] [main/WARN] [com.velocitypowered.proxy.config.VelocityConfiguration]: Player info forwarding is disabled! All players will appear to be connecting from the proxy and will have offline-mode UUIDs.
[20:10:47] [main/INFO] [com.velocitypowered.proxy.config.VelocityConfiguration]: Unable to load your server-icon.png, continuing without it.
java.lang.IllegalArgumentException: Image is not 64x64 (found 475x896)
	at com.google.common.base.Preconditions.checkArgument(Preconditions.java:299) ~[bungee.jar:3.4.0-SNAPSHOT (git-965db127-b454)]
	at com.velocitypowered.api.util.Favicon.create(Favicon.java:82) ~[bungee.jar:3.4.0-SNAPSHOT (git-965db127-b454)]
	at com.velocitypowered.api.util.Favicon.create(Favicon.java:107) ~[bungee.jar:3.4.0-SNAPSHOT (git-965db127-b454)]
	at com.velocitypowered.proxy.config.VelocityConfiguration.loadFavicon(VelocityConfiguration.java:242) ~[bungee.jar:3.4.0-SNAPSHOT (git-965db127-b454)]
	at com.velocitypowered.proxy.config.VelocityConfiguration.validate(VelocityConfiguration.java:233) ~[bungee.jar:3.4.0-SNAPSHOT (git-965db127-b454)]
	at com.velocitypowered.proxy.VelocityServer.doStartupConfigLoad(VelocityServer.java:388) ~[bungee.jar:3.4.0-SNAPSHOT (git-965db127-b454)]
	at com.velocitypowered.proxy.VelocityServer.start(VelocityServer.java:276) ~[bungee.jar:3.4.0-SNAPSHOT (git-965db127-b454)]
	at com.velocitypowered.proxy.Velocity.main(Velocity.java:71) ~[bungee.jar:3.4.0-SNAPSHOT (git-965db127-b454)]
[20:10:47] [main/INFO] [com.velocitypowered.proxy.VelocityServer]: Loading plugins...
[20:10:47] [main/ERROR] [com.velocitypowered.proxy.plugin.VelocityPluginManager]: Unable to load plugin plugins/ViaVersion.jar
com.velocitypowered.api.plugin.InvalidPluginException: Did not find a valid velocity-plugin.json.
	at com.velocitypowered.proxy.plugin.loader.java.JavaPluginLoader.loadCandidate(JavaPluginLoader.java:65) ~[bungee.jar:3.4.0-SNAPSHOT (git-965db127-b454)]
	at com.velocitypowered.proxy.plugin.VelocityPluginManager.loadPlugins(VelocityPluginManager.java:101) ~[bungee.jar:3.4.0-SNAPSHOT (git-965db127-b454)]
	at com.velocitypowered.proxy.VelocityServer.loadPlugins(VelocityServer.java:418) ~[bungee.jar:3.4.0-SNAPSHOT (git-965db127-b454)]
	at com.velocitypowered.proxy.VelocityServer.start(VelocityServer.java:289) ~[bungee.jar:3.4.0-SNAPSHOT (git-965db127-b454)]
	at com.velocitypowered.proxy.Velocity.main(Velocity.java:71) ~[bungee.jar:3.4.0-SNAPSHOT (git-965db127-b454)]
[20:10:47] [main/ERROR] [com.velocitypowered.proxy.console.VelocityConsole]: :>:>:>:>:>:>:>:>:>:>:>:>:>:>:>:>:>:>:>:>:>:>:>
[20:10:47] [main/ERROR] [com.velocitypowered.proxy.console.VelocityConsole]: :>  
[20:10:47] [main/ERROR] [com.velocitypowered.proxy.console.VelocityConsole]: :>      EAGLERCRAFTXVELOCITY WARNING:
[20:10:47] [main/ERROR] [com.velocitypowered.proxy.console.VelocityConsole]: :>  
[20:10:47] [main/ERROR] [com.velocitypowered.proxy.console.VelocityConsole]: :>  This plugin wasn't tested to be 'working'
[20:10:47] [main/ERROR] [com.velocitypowered.proxy.console.VelocityConsole]: :>  with ANY version of Velocity (and forks)
[20:10:47] [main/ERROR] [com.velocitypowered.proxy.console.VelocityConsole]: :>  apart from the versions listed below:
[20:10:47] [main/ERROR] [com.velocitypowered.proxy.console.VelocityConsole]: :>  
[20:10:47] [main/ERROR] [com.velocitypowered.proxy.console.VelocityConsole]: :>  - Velocity: 3.4.0-SNAPSHOT:a33f2d1a:b452
[20:10:47] [main/ERROR] [com.velocitypowered.proxy.console.VelocityConsole]: :>  
[20:10:47] [main/ERROR] [com.velocitypowered.proxy.console.VelocityConsole]: :>  This is not a Bukkit/Spigot plugin!
[20:10:47] [main/ERROR] [com.velocitypowered.proxy.console.VelocityConsole]: :>  
[20:10:47] [main/ERROR] [com.velocitypowered.proxy.console.VelocityConsole]: :>  Use "-Deaglerxvelocity.stfu=true" to hide
[20:10:47] [main/ERROR] [com.velocitypowered.proxy.console.VelocityConsole]: :>  
[20:10:47] [main/ERROR] [com.velocitypowered.proxy.console.VelocityConsole]: :>:>:>:>:>:>:>:>:>:>:>:>:>:>:>:>:>:>:>:>:>:>:>
[20:10:47] [main/INFO] [com.velocitypowered.proxy.plugin.VelocityPluginManager]: Loaded plugin eaglerxvelocity 1.1.5 by lax1dude, ayunami2000
[20:10:47] [main/INFO] [com.velocitypowered.proxy.VelocityServer]: Loaded 2 plugins
[20:10:47] [EaglercraftXVelocity - Task Executor #0/WARN] [eaglerxvelocity]: This plugin is still in development, certain features may not be functional!
[20:10:47] [EaglercraftXVelocity - Task Executor #0/WARN] [eaglerxvelocity]: Not recommended for public servers yet, please check for updates
[20:10:47] [EaglercraftXVelocity - Task Executor #0/INFO] [eaglerxvelocity]: Loading vanilla profile: lax1dude
[20:10:48] [Netty epoll Worker #1/INFO] [eaglerxvelocity]: Loaded vanilla profile: lax1dude
[20:10:48] [EaglercraftXVelocity - Task Executor #0/ERROR] [eaglerxvelocity]: Online mode is set to false! Authentication system has been disabled
[20:10:48] [Netty epoll Boss #0/INFO] [eaglerxvelocity]: Eaglercraft is listening on: /0.0.0.0:8081
[20:10:49] [EaglercraftXVelocity - Task Executor #0/INFO] [eaglerxvelocity]: Connected to database: jdbc:sqlite:eaglercraft_skins_cache.db
[20:10:49] [EaglercraftXVelocity - Task Executor #0/WARN] [eaglerxvelocity]: Voice chat enabled, not recommended for public servers!
[20:10:49] [Netty epoll Boss #1/INFO] [com.velocitypowered.proxy.network.ConnectionManager]: Listening on /[0:0:0:0:0:0:0:0]:25577
[20:10:49] [main/INFO] [com.velocitypowered.proxy.Velocity]: Done (3.89s)!
[20:12:34] [Netty epoll Worker #1/INFO] [eaglerxvelocity]: [/[0:0:0:0:0:0:0:1]:55830]: Connected via websocket
[20:12:34] [Netty epoll Worker #1/INFO] [eaglerxvelocity]: [/[0:0:0:0:0:0:0:1]:55830]: Origin header is null
[20:12:34] [Netty epoll Worker #1/INFO] [eaglerxvelocity]: [connected player] ShadowLord (/[0:0:0:0:0:0:0:1]:55830) has connected
[20:12:34] [Netty epoll Worker #1/INFO] [com.velocitypowered.proxy.connection.MinecraftConnection]: [server connection] ShadowLord -> lobby has connected
[20:15:51] [Netty epoll Worker #3/INFO] [eaglerxvelocity]: [/[0:0:0:0:0:0:0:1]:49486]: Connected via websocket
[20:15:51] [Netty epoll Worker #3/INFO] [eaglerxvelocity]: [/[0:0:0:0:0:0:0:1]:49486]: Origin header is https://tuff.speedslicer.dev
[20:15:52] [Netty epoll Worker #3/INFO] [eaglerxvelocity]: [connected player] Ruger1 (/[0:0:0:0:0:0:0:1]:49486) has connected
[20:15:52] [Netty epoll Worker #3/INFO] [com.velocitypowered.proxy.connection.MinecraftConnection]: [server connection] Ruger1 -> lobby has connected
[20:30:08] [Netty epoll Worker #3/INFO] [com.velocitypowered.proxy.connection.MinecraftConnection]: [connected player] Ruger1 (/[0:0:0:0:0:0:0:1]:49486) has disconnected
[20:30:08] [Netty epoll Worker #3/INFO] [com.velocitypowered.proxy.connection.MinecraftConnection]: [server connection] Ruger1 -> lobby has disconnected
[20:30:09] [Netty epoll Worker #1/INFO] [com.velocitypowered.proxy.connection.MinecraftConnection]: [connected player] ShadowLord (/[0:0:0:0:0:0:0:1]:55830) has disconnected
[20:30:09] [Netty epoll Worker #1/INFO] [com.velocitypowered.proxy.connection.MinecraftConnection]: [server connection] ShadowLord -> lobby has disconnected
[20:30:29] [Thread-49/INFO] [com.velocitypowered.proxy.VelocityServer]: Shutting down the proxy...
[20:30:29] [Thread-49/INFO] [com.velocitypowered.proxy.network.ConnectionManager]: Closing endpoint /0.0.0.0:25577
[20:30:29] [EaglercraftXVelocity - Task Executor #4/INFO] [eaglerxvelocity]: Eaglercraft listener closed: /0.0.0.0:8081
[20:30:29] [EaglercraftXVelocity - Task Executor #4/INFO] [eaglerxvelocity]: Successfully disconnected from database 'jdbc:sqlite:eaglercraft_skins_cache.db'
[20:30:29] [EaglercraftXVelocity - Task Executor #4/INFO] [eaglerxvelocity]: Stopping skin cache HTTP client...
