2025-09-16T13:33:45.970688917Z main WARN Advanced terminal features are not available in this environment
[13:33:46 INFO]: Booting up Velocity 3.4.0-SNAPSHOT (git-965db127-b454)...
[13:33:46 INFO]: Loading localizations...
[13:33:46 INFO]: Connections will use epoll channels, libdeflate (Linux x86_64) compression, OpenSSL 3.x.x (Linux x86_64) ciphers
[13:33:46 WARN]: The proxy is running in offline mode! This is a security risk and you will NOT receive any support!
[13:33:46 WARN]: Player info forwarding is disabled! All players will appear to be connecting from the proxy and will have offline-mode UUIDs.
[13:33:47 INFO]: Unable to load your server-icon.png, continuing without it.
java.lang.IllegalArgumentException: Image is not 64x64 (found 1024x1024)
	at com.google.common.base.Preconditions.checkArgument(Preconditions.java:299) ~[bungee.jar:3.4.0-SNAPSHOT (git-965db127-b454)]
	at com.velocitypowered.api.util.Favicon.create(Favicon.java:82) ~[bungee.jar:3.4.0-SNAPSHOT (git-965db127-b454)]
	at com.velocitypowered.api.util.Favicon.create(Favicon.java:107) ~[bungee.jar:3.4.0-SNAPSHOT (git-965db127-b454)]
	at com.velocitypowered.proxy.config.VelocityConfiguration.loadFavicon(VelocityConfiguration.java:242) ~[bungee.jar:3.4.0-SNAPSHOT (git-965db127-b454)]
	at com.velocitypowered.proxy.config.VelocityConfiguration.validate(VelocityConfiguration.java:233) ~[bungee.jar:3.4.0-SNAPSHOT (git-965db127-b454)]
	at com.velocitypowered.proxy.VelocityServer.doStartupConfigLoad(VelocityServer.java:388) ~[bungee.jar:3.4.0-SNAPSHOT (git-965db127-b454)]
	at com.velocitypowered.proxy.VelocityServer.start(VelocityServer.java:276) ~[bungee.jar:3.4.0-SNAPSHOT (git-965db127-b454)]
	at com.velocitypowered.proxy.Velocity.main(Velocity.java:71) ~[bungee.jar:3.4.0-SNAPSHOT (git-965db127-b454)]
[13:33:47 INFO]: Loading plugins...
[13:33:47 ERROR]: :>:>:>:>:>:>:>:>:>:>:>:>:>:>:>:>:>:>:>:>:>:>:>
[13:33:47 ERROR]: :>  
[13:33:47 ERROR]: :>      EAGLERCRAFTXVELOCITY WARNING:
[13:33:47 ERROR]: :>  
[13:33:47 ERROR]: :>  This plugin wasn't tested to be 'working'
[13:33:47 ERROR]: :>  with ANY version of Velocity (and forks)
[13:33:47 ERROR]: :>  apart from the versions listed below:
[13:33:47 ERROR]: :>  
[13:33:47 ERROR]: :>  - Velocity: 3.4.0-SNAPSHOT:a33f2d1a:b452
[13:33:47 ERROR]: :>  
[13:33:47 ERROR]: :>  This is not a Bukkit/Spigot plugin!
[13:33:47 ERROR]: :>  
[13:33:47 ERROR]: :>  Use "-Deaglerxvelocity.stfu=true" to hide
[13:33:47 ERROR]: :>  
[13:33:47 ERROR]: :>:>:>:>:>:>:>:>:>:>:>:>:>:>:>:>:>:>:>:>:>:>:>
[13:33:47 INFO]: Loaded plugin eaglerxvelocity 1.1.5 by lax1dude, ayunami2000
[13:33:47 INFO]: Loaded 2 plugins
[13:33:47 WARN] [eaglerxvelocity]: This plugin is still in development, certain features may not be functional!
[13:33:47 WARN] [eaglerxvelocity]: Not recommended for public servers yet, please check for updates
[13:33:47 INFO] [eaglerxvelocity]: Loading vanilla profile: lax1dude
[13:33:49 INFO] [eaglerxvelocity]: Loaded vanilla profile: lax1dude
[13:33:49 ERROR] [eaglerxvelocity]: Online mode is set to false! Authentication system has been disabled
[13:33:49 INFO] [eaglerxvelocity]: Eaglercraft is listening on: /0.0.0.0:8081
[13:33:49 INFO] [eaglerxvelocity]: Connected to database: jdbc:sqlite:eaglercraft_skins_cache.db
[13:33:49 WARN] [eaglerxvelocity]: Voice chat enabled, not recommended for public servers!
[13:33:49 INFO]: Listening on /[0:0:0:0:0:0:0:0]:25577
[13:33:49 INFO]: Done (3.36s)!
[13:33:49 ERROR] [TerminalConsole]: Failed to read console input
java.io.IOException: Bad file descriptor
	at java.base/java.io.FileInputStream.readBytes(Native Method) ~[?:?]
	at java.base/java.io.FileInputStream.read(FileInputStream.java:287) ~[?:?]
	at java.base/java.io.BufferedInputStream.read1(BufferedInputStream.java:345) ~[?:?]
	at java.base/java.io.BufferedInputStream.implRead(BufferedInputStream.java:420) ~[?:?]
	at java.base/java.io.BufferedInputStream.read(BufferedInputStream.java:399) ~[?:?]
	at java.base/sun.nio.cs.StreamDecoder.readBytes(StreamDecoder.java:350) ~[?:?]
	at java.base/sun.nio.cs.StreamDecoder.implRead(StreamDecoder.java:393) ~[?:?]
	at java.base/sun.nio.cs.StreamDecoder.lockedRead(StreamDecoder.java:217) ~[?:?]
	at java.base/sun.nio.cs.StreamDecoder.read(StreamDecoder.java:171) ~[?:?]
	at java.base/java.io.InputStreamReader.read(InputStreamReader.java:188) ~[?:?]
	at java.base/java.io.BufferedReader.fill(BufferedReader.java:160) ~[?:?]
	at java.base/java.io.BufferedReader.implReadLine(BufferedReader.java:370) ~[?:?]
	at java.base/java.io.BufferedReader.readLine(BufferedReader.java:347) ~[?:?]
	at java.base/java.io.BufferedReader.readLine(BufferedReader.java:436) ~[?:?]
	at net.minecrell.terminalconsole.SimpleTerminalConsole.readCommands(SimpleTerminalConsole.java:180) ~[bungee.jar:3.4.0-SNAPSHOT (git-965db127-b454)]
	at net.minecrell.terminalconsole.SimpleTerminalConsole.start(SimpleTerminalConsole.java:143) ~[bungee.jar:3.4.0-SNAPSHOT (git-965db127-b454)]
	at com.velocitypowered.proxy.Velocity.main(Velocity.java:77) ~[bungee.jar:3.4.0-SNAPSHOT (git-965db127-b454)]
[13:38:34 INFO] [eaglerxvelocity]: [/[0:0:0:0:0:0:0:1]:36466]: Connected via websocket
[13:38:34 INFO] [eaglerxvelocity]: [/[0:0:0:0:0:0:0:1]:36466]: Origin header is https://tuff.speedslicer.dev
[13:38:36 INFO] [eaglerxvelocity]: [connected player] The_Code (/[0:0:0:0:0:0:0:1]:36466) has connected
[13:38:36 INFO]: [server connection] The_Code -> lobby has connected
[13:40:24 INFO]: [connected player] The_Code (/[0:0:0:0:0:0:0:1]:36466) has disconnected: [38;2;255;85;85mAn internal error occurred in your connection.[0m
[13:40:24 ERROR]: [connected player] The_Code (/[0:0:0:0:0:0:0:1]:36466): read timed out
[13:40:24 INFO]: [server connection] The_Code -> lobby has disconnected
[13:51:20 INFO] [eaglerxvelocity]: [/[0:0:0:0:0:0:0:1]:53552]: Connected via websocket
[13:51:20 INFO] [eaglerxvelocity]: [/[0:0:0:0:0:0:0:1]:53552]: Origin header is https://tuff.speedslicer.dev
[13:51:20 INFO] [eaglerxvelocity]: [connected player] The_Code (/[0:0:0:0:0:0:0:1]:53552) has connected
[13:51:20 INFO]: [server connection] The_Code -> lobby has connected
[13:54:04 INFO]: [connected player] The_Code (/[0:0:0:0:0:0:0:1]:53552) has disconnected
[13:54:04 INFO]: [server connection] The_Code -> lobby has disconnected
[13:54:09 INFO] [eaglerxvelocity]: [/[0:0:0:0:0:0:0:1]:59034]: Connected via websocket
[13:54:09 INFO] [eaglerxvelocity]: [/[0:0:0:0:0:0:0:1]:59034]: Origin header is https://tuff.speedslicer.dev
[13:54:10 INFO] [eaglerxvelocity]: [connected player] The_Code (/[0:0:0:0:0:0:0:1]:59034) has connected
[13:54:10 INFO]: [server connection] The_Code -> lobby has connected
[13:54:54 INFO]: [connected player] The_Code (/[0:0:0:0:0:0:0:1]:59034): kicked from server lobby: Server Shut Down for Maintenance
[13:54:54 INFO]: [server connection] The_Code -> lobby has disconnected
[13:54:54 INFO]: [connected player] The_Code (/[0:0:0:0:0:0:0:1]:59034) has disconnected: [38;2;255;85;85mYou were kicked from lobby: Server Shut Down for Maintenance[0m
[13:55:14 INFO]: Shutting down the proxy...
[13:55:14 INFO]: Closing endpoint /0.0.0.0:25577
[13:55:14 INFO] [eaglerxvelocity]: Eaglercraft listener closed: /0.0.0.0:8081
[13:55:14 INFO] [eaglerxvelocity]: Successfully disconnected from database 'jdbc:sqlite:eaglercraft_skins_cache.db'
[13:55:14 INFO] [eaglerxvelocity]: Stopping skin cache HTTP client...
