[INFO] WorldEdit: ShadowLord (in "world"): /replacenear 10 gravel grass - Position: (957.0, 64.0, 1337.0)
[INFO] WorldEdit: ShadowLord (in "world"): /wand
[INFO] WorldEdit: ShadowLord (in "world"): /set concrete - Region: (911.0, 63.0, 1340.0) - (911.0, 63.0, 1351.0)
[INFO] WorldEdit: ShadowLord (in "world"): /set concrete - Region: (911.0, 63.0, 1340.0) - (911.0, 63.0, 1352.0)
[INFO] WorldEdit: ShadowLord (in "world"): /undo
[INFO] WorldEdit: ShadowLord (in "world"): /undo
[INFO] WorldEdit: ShadowLord (in "world"): /set planks - Region: (911.0, 63.0, 1340.0) - (911.0, 65.0, 1351.0)
[INFO] WorldEdit: ShadowLord (in "world"): /set planks - Region: (911.0, 63.0, 1340.0) - (923.0, 65.0, 1351.0)
[INFO] WorldEdit: ShadowLord (in "world"): /set air - Region: (911.0, 65.0, 1340.0) - (911.0, 65.0, 1351.0)
[INFO] WorldEdit: ShadowLord (in "world"): /set air - Region: (911.0, 65.0, 1340.0) - (912.0, 65.0, 1351.0)
[INFO] WorldEdit: ShadowLord (in "world"): /replacenear 10 dispenser,glowstone,trapdoor,stone,cobblestone,lava air - Position: (776.0, 81.0, 1518.0)
[INFO] WorldEdit: ShadowLord (in "world"): /replacenear 10 dispenser,glowstone,trapdoor,stone,cobblestone,lava air - Position: (777.0, 81.0, 1513.0)
[INFO] WorldEdit: ShadowLord (in "world"): /replacenear 10 dispenser,glowstone,trapdoor,stone,cobblestone,lava air - Position: (772.0, 81.0, 1510.0)
[INFO] WorldEdit: ShadowLord (in "world"): /replacenear 10 dispenser,glowstone,trapdoor,stone,cobblestone,lava air - Position: (772.0, 78.0, 1509.0)
[INFO] WorldEdit: ShadowLord (in "world"): /replacenear 10 dispenser,glowstone,trapdoor,stone,cobblestone,lava air - Position: (772.0, 76.0, 1508.0)
[INFO] WorldEdit: ShadowLord (in "world"): /replacenear 10 dispenser,glowstone,trapdoor,stone,cobblestone,lava air - Position: (780.0, 76.0, 1506.0)
[INFO] WorldEdit: ShadowLord (in "world"): /replacenear 10 dispenser,glowstone,trapdoor,stone,cobblestone,lava air - Position: (785.0, 76.0, 1501.0)
[INFO] WorldEdit: ShadowLord (in "world"): /replacenear 10 dispenser,glowstone,trapdoor,stone,cobblestone,lava air - Position: (780.0, 76.0, 1496.0)
[INFO] WorldEdit: ShadowLord (in "world"): /replacenear 10 dispenser,glowstone,trapdoor,stone,cobblestone,lava air - Position: (771.0, 76.0, 1493.0)
[INFO] WorldEdit: ShadowLord (in "world"): /replacenear 10 dispenser,glowstone,trapdoor,stone,cobblestone,lava air - Position: (763.0, 76.0, 1508.0)
[INFO] WorldEdit: ShadowLord (in "world"): /replacenear 10 dispenser,glowstone,trapdoor,stone,cobblestone,lava air - Position: (771.0, 76.0, 1523.0)
[INFO] WorldEdit: ShadowLord (in "world"): /replacenear 10 dispenser,glowstone,trapdoor,stone,cobblestone,lava,concrete air - Position: (777.0, 76.0, 1523.0)
[INFO] WorldEdit: ShadowLord (in "world"): /replacenear 10 dispenser,glowstone,trapdoor,stone,cobblestone,lava,concrete air - Position: (784.0, 76.0, 1522.0)
[INFO] WorldEdit: ShadowLord (in "world"): ascend
[INFO] WorldEdit: ShadowLord (in "world"): /replacenear 10 rail air - Position: (793.0, 72.0, 1554.0)
[INFO] WorldEdit: ShadowLord (in "world"): /replacenear 10 goldrail air - Position: (793.0, 72.0, 1554.0)
[INFO] WorldEdit: ShadowLord (in "world"): /replacenear 10 poweredrail air - Position: (793.0, 72.0, 1554.0)
[INFO] WorldEdit: ShadowLord (in "world"): /replacenear 10 poweredrail air - Position: (801.0, 72.0, 1554.0)
[INFO] WorldEdit: ShadowLord (in "world"): /wand
[INFO] WorldEdit: ShadowLord (in "world"): ascend 5
[INFO] WorldEdit: ShadowLord (in "world"): up 5 - Position: (913.6999999880791, 65.0, 1340.699999988079)
[INFO] WorldEdit: ShadowLord (in "world"): /set logs - Region: (913.0, 64.0, 1340.0) - (913.0, 69.0, 1340.0)
[INFO] WorldEdit: ShadowLord (in "world"): /set log - Region: (913.0, 64.0, 1340.0) - (913.0, 69.0, 1340.0)
[INFO] WorldEdit: ShadowLord (in "world"): up 5 - Position: (913.2585047552304, 65.0, 1351.5224907788415)
[INFO] WorldEdit: ShadowLord (in "world"): /set log - Region: (913.0, 64.0, 1351.0) - (913.0, 69.0, 1351.0)
[INFO] WorldEdit: ShadowLord (in "world"): /set logd - Region: (913.0, 64.0, 1351.0) - (913.0, 69.0, 1351.0)
[INFO] WorldEdit: ShadowLord (in "world"): /set log - Region: (913.0, 64.0, 1351.0) - (913.0, 69.0, 1351.0)
[INFO] WorldEdit: ShadowLord (in "world"): up 5 - Position: (923.3000000119209, 65.0, 1340.3366907582026)
[INFO] WorldEdit: ShadowLord (in "world"): /set log - Region: (923.0, 64.0, 1340.0) - (923.0, 69.0, 1340.0)
[INFO] WorldEdit: ShadowLord (in "world"): up 5 - Position: (923.4813073951187, 65.0, 1351.300000011921)
[INFO] WorldEdit: ShadowLord (in "world"): /set log - Region: (923.0, 64.0, 1351.0) - (923.0, 69.0, 1351.0)
[INFO] WorldEdit: ShadowLord (in "world"): /set planks - Region: (913.0, 70.0, 1341.0) - (923.0, 70.0, 1350.0)
[INFO] WorldEdit: ShadowLord (in "world"): /set planks - Region: (914.0, 70.0, 1340.0) - (922.0, 70.0, 1351.0)
[INFO] WorldEdit: ShadowLord (in "world"): /set planks - Region: (914.0, 71.0, 1341.0) - (922.0, 71.0, 1350.0)
[INFO] WorldEdit: ShadowLord (in "world"): /set planks - Region: (916.0, 72.0, 1343.0) - (920.0, 72.0, 1348.0)
[INFO] WorldEdit: ShadowLord (in "world"): /set air - Region: (977.0, 47.0, 1277.0) - (986.0, 51.0, 1291.0)
[INFO] WorldEdit: ShadowLord (in "world"): /set planks - Region: (977.0, 46.0, 1277.0) - (986.0, 46.0, 1289.0)
[INFO] WorldEdit: ShadowLord (in "world"): /set stonebrick - Region: (977.0, 46.0, 1277.0) - (986.0, 46.0, 1289.0)
[INFO] WorldEdit: ShadowLord (in "world"): /set concrete - Region: (977.0, 46.0, 1277.0) - (986.0, 46.0, 1289.0)
[INFO] WorldEdit: ShadowLord (in "world"): /set snow - Region: (977.0, 46.0, 1277.0) - (986.0, 46.0, 1289.0)
[INFO] WorldEdit: ShadowLord (in "world"): /set iron - Region: (977.0, 46.0, 1277.0) - (986.0, 46.0, 1289.0)
[INFO] WorldEdit: ShadowLord (in "world"): /set barrier - Region: (977.0, 46.0, 1277.0) - (986.0, 46.0, 1289.0)
[INFO] WorldEdit: ShadowLord (in "world"): /set commandblock - Region: (977.0, 46.0, 1277.0) - (986.0, 46.0, 1289.0)
[INFO] WorldEdit: ShadowLord (in "world"): /set planks - Region: (977.0, 46.0, 1277.0) - (986.0, 46.0, 1289.0)
[INFO] WorldEdit: ShadowLord (in "world"): /set log - Region: (977.0, 46.0, 1277.0) - (986.0, 46.0, 1289.0)
[INFO] WorldEdit: ShadowLord (in "world"): /set logs - Region: (977.0, 46.0, 1277.0) - (986.0, 46.0, 1289.0)
[INFO] WorldEdit: ShadowLord (in "world"): /set iron - Region: (977.0, 46.0, 1277.0) - (986.0, 46.0, 1289.0)
[INFO] WorldEdit: ShadowLord (in "world"): /set grass - Region: (977.0, 46.0, 1277.0) - (986.0, 46.0, 1289.0)
[INFO] WorldEdit: ShadowLord (in "world"): /set stone - Region: (978.0, 46.0, 1276.0) - (986.0, 51.0, 1276.0)
[INFO] WorldEdit: ShadowLord (in "world"): /set stone - Region: (987.0, 46.0, 1277.0) - (987.0, 51.0, 1291.0)
[INFO] WorldEdit: ShadowLord (in "world"): /set stone - Region: (984.0, 47.0, 1292.0) - (986.0, 51.0, 1292.0)
[INFO] WorldEdit: ShadowLord (in "world"): /set stone - Region: (983.0, 48.0, 1292.0) - (986.0, 51.0, 1292.0)
[INFO] WorldEdit: ShadowLord (in "world"): /set stone - Region: (977.0, 49.0, 1292.0) - (986.0, 51.0, 1292.0)
[INFO] WorldEdit: ShadowLord (in "world"): /replace bedrock stone - Region: (976.0, 48.0, 1290.0) - (986.0, 52.0, 1291.0)
[INFO] WorldEdit: ShadowLord (in "world"): /replacenear 5 stone sand - Position: (982.0, 47.0, 1280.0)
[INFO] WorldEdit: ShadowLord (in "world"): /undo
[INFO] WorldEdit: ShadowLord (in "world"): /replacenear 5 sand air - Position: (983.0, 47.0, 1280.0)
[INFO] WorldEdit: ShadowLord (in "world"): /replacenear 5 sand air - Position: (981.0, 47.0, 1280.0)
[INFO] WorldEdit: ShadowLord (in "world"): /replace stone sand - Region: (979.0, 45.0, 1277.0) - (986.0, 45.0, 1283.0)
[INFO] WorldEdit: ShadowLord (in "world"): /replacenear 10 dirt grass - Position: (985.0, 47.0, 1281.0)
[INFO] WorldEdit: ShadowLord (in "world"): /replace air water - Region: (979.0, 46.0, 1276.0) - (987.0, 46.0, 1286.0)
[INFO] WorldEdit: ShadowLord (in "world"): /replace air water - Region: (981.0, 45.0, 1278.0) - (987.0, 46.0, 1286.0)
[INFO] WorldEdit: ShadowLord (in "world"): /set stone - Region: (977.0, 52.0, 1277.0) - (986.0, 52.0, 1291.0)
[INFO] WorldEdit: ShadowLord (in "world"): /replacenear 10 stone air - Position: (985.0, 47.0, 1280.0)
[INFO] WorldEdit: ShadowLord (in "world"): /replacenear 10 stone,grass air - Position: (985.0, 47.0, 1280.0)
[INFO] WorldEdit: ShadowLord (in "world"): /undo
[INFO] WorldEdit: ShadowLord (in "world"): /undo
[INFO] WorldEdit: ShadowLord (in "world"): /replacenear 5 stone,dirt air - Position: (985.0, 47.0, 1277.0)
[INFO] WorldEdit: ShadowLord (in "world"): /undo
[INFO] WorldEdit: ShadowLord (in "world"): /replacenear 10 stone,dirt air - Position: (984.0, 47.0, 1278.0)
[INFO] WorldEdit: ShadowLord (in "world"): /undo
[INFO] WorldEdit: ShadowLord (in "world"): /wand
[INFO] WorldEdit: ShadowLord (in "world"): /set concrete - Region: (977.0, 52.0, 1277.0) - (986.0, 52.0, 1291.0)
[INFO] WorldEdit: ShadowLord (in "world"): /undo
[INFO] WorldEdit: ShadowLord (in "world"): /set air - Region: (977.0, 52.0, 1277.0) - (986.0, 52.0, 1291.0)
[INFO] WorldEdit: ShadowLord (in "world"): /walls air - Region: (976.0, 47.0, 1276.0) - (987.0, 51.0, 1292.0)
[INFO] WorldEdit: ShadowLord (in "world"): ascend
[INFO] WorldEdit: ShadowLord (in "world"): /replacenear 5 bedrock stonebrick - Position: (957.0, 59.0, 1317.0)
[INFO] WorldEdit: ShadowLord (in "world"): /replacenear 5 bedrock stonebrick - Position: (961.0, 59.0, 1316.0)
[INFO] WorldEdit: ShadowLord (in "world"): /replacenear 5 bedrock stonebrick - Position: (963.0, 58.0, 1318.0)
[INFO] WorldEdit: ShadowLord (in "world"): /replacenear 5 bedrock stonebrick - Position: (965.0, 57.0, 1322.0)
[INFO] WorldEdit: ShadowLord (in "world"): /replacenear 5 bedrock stonebrick - Position: (964.0, 56.0, 1325.0)
[INFO] WorldEdit: ShadowLord (in "world"): /replacenear 5 bedrock stonebrick - Position: (957.0, 55.0, 1328.0)
[INFO] WorldEdit: ShadowLord (in "world_the_end"): /set air - Region: (98.0, 48.0, -2.0) - (102.0, 48.0, 2.0)
[INFO] WorldEdit: ShadowLord (in "world_the_end"): /set air - Region: (98.0, 48.0, -2.0) - (102.0, 48.0, 2.0)
[INFO] WorldEdit: ShadowLord (in "world"): /wand
[INFO] WorldEdit: ShadowLord (in "world"): /set planks - Region: (914.0, 66.0, 1340.0) - (922.0, 69.0, 1340.0)
[INFO] WorldEdit: ShadowLord (in "world"): /set planks - Region: (913.0, 66.0, 1341.0) - (913.0, 69.0, 1350.0)
[INFO] WorldEdit: ShadowLord (in "world"): /set planks - Region: (914.0, 66.0, 1351.0) - (922.0, 69.0, 1351.0)
[INFO] WorldEdit: ShadowLord (in "world"): /set planks - Region: (923.0, 66.0, 1341.0) - (923.0, 69.0, 1350.0)
[INFO] WorldEdit: ShadowLord (in "world"): /wand
[INFO] WorldEdit: ShadowLord (in "world"): /set fence - Region: (914.0, 66.0, 1349.0) - (922.0, 69.0, 1349.0)
[INFO] WorldEdit: ShadowLord (in "world"): /ex 5000 - Position: (905.0, 69.0, 1353.0)
[INFO] WorldEdit: ShadowLord (in "world"): /replacenear 2 stone,obsidian,torch air - Position: (934.0, 65.0, 1350.0)
[INFO] WorldEdit: ShadowLord (in "world"): /replacenear 2 stone,obsidian,torch air - Position: (935.0, 64.0, 1352.0)
[INFO] WorldEdit: ShadowLord (in "world"): /replacenear 2 stone,obsidian,torch air - Position: (935.0, 64.0, 1353.0)
[INFO] WorldEdit: ShadowLord (in "world"): /replacenear 2 stone,obsidian,torch air - Position: (933.0, 64.0, 1354.0)
[INFO] WorldEdit: ShadowLord (in "world"): /replacenear 2 stone,obsidian,torch air - Position: (930.0, 64.0, 1357.0)
[INFO] WorldEdit: ShadowLord (in "world"): /replacenear 2 stone,obsidian,torch air - Position: (930.0, 64.0, 1351.0)
[INFO] WorldEdit: ShadowLord (in "world"): /replacenear 2 stone,obsidian,torch air - Position: (930.0, 64.0, 1349.0)
[INFO] WorldEdit: ShadowLord (in "world"): /replacenear 2 stone,obsidian,torch air - Position: (933.0, 66.0, 1347.0)
[INFO] WorldEdit: ShadowLord (in "world"): /replacenear 2 stone,obsidian,torch air - Position: (935.0, 66.0, 1347.0)
[INFO] WorldEdit: ShadowLord (in "world"): /replacenear 2 stone,obsidian,torch air - Position: (937.0, 66.0, 1349.0)
[INFO] WorldEdit: ShadowLord (in "world"): /replacenear 2 stone,obsidian,torch air - Position: (939.0, 66.0, 1355.0)
[INFO] WorldEdit: ShadowLord (in "world"): /replacenear 20 endgateway air - Position: (912.0, 66.0, 1362.0)
[INFO] WorldEdit: ShadowLord (in "world"): descend
[INFO] WorldEdit: ShadowLord (in "world"): descend
[INFO] WorldEdit: ShadowLord (in "world"): descend
[INFO] WorldEdit: ShadowLord (in "world"): ascend
[INFO] WorldEdit: ShadowLord (in "world"): ascend
[INFO] WorldEdit: The_Code (in "world"): descend
[INFO] WorldEdit: The_Code (in "world"): descend
[INFO] WorldEdit: The_Code (in "world"): descend
[INFO] WorldEdit: The_Code (in "world"): descend
[INFO] WorldEdit: The_Code (in "world"): descend
[INFO] WorldEdit: The_Code (in "world"): ascend
[INFO] WorldEdit: The_Code (in "world"): /wand
[INFO] WorldEdit: The_Code (in "world"): /set air - Region: (821.0, 72.0, 1257.0) - (824.0, 83.0, 1277.0)
[INFO] WorldEdit: The_Code (in "world"): /set air - Region: (821.0, 71.0, 1257.0) - (824.0, 83.0, 1276.0)
[INFO] WorldEdit: The_Code (in "world"): /set air - Region: (824.0, 71.0, 1257.0) - (825.0, 83.0, 1264.0)
[INFO] WorldEdit: The_Code (in "world"): /sphere 5 air - Position: (821.0, 75.0, 1266.0)
[INFO] WorldEdit: The_Code (in "world"): /sphere air 5 - Position: (821.0, 75.0, 1266.0)
[INFO] WorldEdit: The_Code (in "world"): /undo
[INFO] WorldEdit: The_Code (in "world"): /undo
[INFO] WorldEdit: The_Code (in "world"): /redo
[INFO] WorldEdit: The_Code (in "world"): /sphere air 5 - Position: (821.0, 76.0, 1266.0)
[INFO] WorldEdit: The_Code (in "world"): /sphere air 5 - Position: (818.0, 76.0, 1266.0)
[INFO] WorldEdit: The_Code (in "world"): /sphere air 5 - Position: (816.0, 76.0, 1266.0)
[INFO] WorldEdit: The_Code (in "world"): /sphere air 5 - Position: (813.0, 76.0, 1266.0)
[INFO] WorldEdit: The_Code (in "world"): /sphere air 5 - Position: (812.0, 76.0, 1266.0)
[INFO] WorldEdit: The_Code (in "world"): /sphere air 5 - Position: (809.0, 76.0, 1266.0)
[INFO] WorldEdit: The_Code (in "world"): /sphere air 5 - Position: (807.0, 76.0, 1266.0)
[INFO] WorldEdit: The_Code (in "world"): /sphere air 5 - Position: (804.0, 76.0, 1266.0)
[INFO] WorldEdit: The_Code (in "world"): /sphere air 5 - Position: (801.0, 76.0, 1266.0)
[INFO] WorldEdit: The_Code (in "world"): /sphere air 5 - Position: (797.0, 76.0, 1266.0)
[INFO] WorldEdit: The_Code (in "world"): /sphere air 5 - Position: (794.0, 76.0, 1266.0)
[INFO] WorldEdit: The_Code (in "world"): /sphere air 5 - Position: (798.0, 76.0, 1266.0)
[INFO] WorldEdit: The_Code (in "world"): /sphere air 5 - Position: (791.0, 76.0, 1266.0)
[INFO] WorldEdit: The_Code (in "world"): /sphere air 5 - Position: (786.0, 76.0, 1266.0)
[INFO] WorldEdit: The_Code (in "world"): /sphere air 5 - Position: (782.0, 76.0, 1266.0)
[INFO] WorldEdit: The_Code (in "world"): /undo
[INFO] WorldEdit: The_Code (in "world"): /undo
[INFO] WorldEdit: The_Code (in "world"): /hsphere 6 stone - Position: (791.0, 76.0, 1266.0)
[INFO] WorldEdit: The_Code (in "world"): /hsphere stone 6 - Position: (791.0, 76.0, 1266.0)
[INFO] WorldEdit: The_Code (in "world"): /hsphere stone 6 - Position: (792.0, 76.0, 1266.0)
[INFO] WorldEdit: The_Code (in "world"): /hsphere stone 6 - Position: (796.0, 76.0, 1266.0)
[INFO] WorldEdit: The_Code (in "world"): /undo
[INFO] WorldEdit: The_Code (in "world"): /undo
[INFO] WorldEdit: The_Code (in "world"): /undo
[INFO] WorldEdit: The_Code (in "world"): /replacenear 5 andesite,coalore,gravel air - Position: (793.0, 75.0, 1265.0)
[INFO] WorldEdit: The_Code (in "world"): /replacenear 5 stone,coalore,gravel stone - Position: (793.0, 75.0, 1265.0)
[INFO] WorldEdit: The_Code (in "world"): /replacenear 5 stone,coalore,gravel stone - Position: (793.0, 76.0, 1266.0)
[INFO] WorldEdit: The_Code (in "world"): /replacenear 5 stone,coalore,gravel stone - Position: (793.0, 76.0, 1266.0)
[INFO] WorldEdit: The_Code (in "world"): /replacenear 5 stone,coalore,gravel stone - Position: (793.0, 77.0, 1266.0)
[INFO] WorldEdit: The_Code (in "world"): /replacenear 5 stone,coalore,gravel stone - Position: (800.0, 77.0, 1265.0)
[INFO] WorldEdit: The_Code (in "world"): /replacenear 5 stone,coalore,gravel,dirt stone - Position: (802.0, 77.0, 1265.0)
[INFO] WorldEdit: The_Code (in "world"): /replacenear 5 stone,coalore,gravel,dirt stone - Position: (794.0, 76.0, 1265.0)
[INFO] WorldEdit: The_Code (in "world"): /replacenear 5 stone,coalore,gravel,dirt stone - Position: (791.0, 76.0, 1265.0)
[INFO] WorldEdit: The_Code (in "world"): /replacenear 5 stone,coalore,gravel,dirt stone - Position: (791.0, 76.0, 1265.0)
[INFO] WorldEdit: The_Code (in "world"): /replacenear 5 stone,coalore,gravel,dirt stone - Position: (792.0, 76.0, 1266.0)
[INFO] WorldEdit: The_Code (in "world"): /replacenear 5 stone,coalore,gravel,dirt stone - Position: (794.0, 76.0, 1266.0)
[INFO] WorldEdit: The_Code (in "world"): /replacenear 5 stone,coalore,gravel,dirt stone - Position: (804.0, 76.0, 1266.0)
[INFO] WorldEdit: The_Code (in "world"): /replacenear 5 stone,coalore,gravel,dirt stone - Position: (814.0, 76.0, 1266.0)
[INFO] WorldEdit: The_Code (in "world"): /replacenear 5 stone,coalore,gravel,dirt stone - Position: (814.0, 76.0, 1266.0)
[INFO] WorldEdit: The_Code (in "world"): /replacenear 5 stone,coalore,gravel,dirt stone - Position: (814.0, 76.0, 1266.0)
[INFO] WorldEdit: The_Code (in "world"): /replacenear 5 stone,coalore,gravel,dirt stone - Position: (814.0, 76.0, 1265.0)
[INFO] WorldEdit: The_Code (in "world"): /replacenear 5 stone,coalore,gravel,dirt stone - Position: (816.0, 76.0, 1265.0)
[INFO] WorldEdit: The_Code (in "world"): /replacenear 5 stone,coalore,gravel,dirt stone - Position: (818.0, 76.0, 1266.0)
[INFO] WorldEdit: The_Code (in "world"): /replacenear 5 stone,coalore,gravel,dirt stone - Position: (819.0, 77.0, 1266.0)
[INFO] WorldEdit: The_Code (in "world"): /replacenear 5 stone,coalore,gravel,dirt stone - Position: (797.0, 77.0, 1268.0)
[INFO] WorldEdit: The_Code (in "world"): /replacenear 5 stone,coalore,gravel,dirt stone - Position: (793.0, 79.0, 1267.0)
[INFO] WorldEdit: The_Code (in "world"): /replacenear 5 stone,coalore,gravel,dirt stone - Position: (791.0, 76.0, 1266.0)
[INFO] WorldEdit: The_Code (in "world"): /replacenear 5 stone,coalore,gravel,dirt stone - Position: (789.0, 76.0, 1266.0)
[INFO] WorldEdit: The_Code (in "world"): /replace stone stonebrick - Region: (789.0, 71.0, 1260.0) - (820.0, 71.0, 1271.0)
[INFO] WorldEdit: The_Code (in "world"): /replace stone stonebrick - Region: (789.0, 71.0, 1260.0) - (820.0, 82.0, 1271.0)
[INFO] WorldEdit: The_Code (in "world"): /replace stone stonebrick - Region: (789.0, 71.0, 1260.0) - (820.0, 78.0, 1272.0)
[INFO] WorldEdit: The_Code (in "world"): /replace stone stonebrick - Region: (788.0, 71.0, 1260.0) - (820.0, 78.0, 1271.0)
[INFO] WorldEdit: The_Code (in "world"): /replace stone stonebrick - Region: (787.0, 71.0, 1260.0) - (820.0, 77.0, 1270.0)
[INFO] WorldEdit: The_Code (in "world"): /replace stone stonebrick - Region: (788.0, 71.0, 1260.0) - (820.0, 79.0, 1270.0)
[INFO] WorldEdit: The_Code (in "world"): /replace stone stonebrick - Region: (787.0, 71.0, 1260.0) - (820.0, 79.0, 1269.0)
[INFO] WorldEdit: The_Code (in "world"): /replace stone stonebrick - Region: (787.0, 71.0, 1260.0) - (820.0, 78.0, 1270.0)
[INFO] WorldEdit: The_Code (in "world"): /replace stone stonebrick - Region: (788.0, 71.0, 1260.0) - (820.0, 80.0, 1269.0)
[INFO] WorldEdit: The_Code (in "world"): /replace stone stonebrick - Region: (788.0, 71.0, 1260.0) - (820.0, 81.0, 1268.0)
[INFO] WorldEdit: The_Code (in "world"): /replace stone stonebrick - Region: (787.0, 71.0, 1260.0) - (820.0, 80.0, 1268.0)
[INFO] WorldEdit: The_Code (in "world"): /replace stone stonebrick - Region: (786.0, 71.0, 1260.0) - (820.0, 79.0, 1268.0)
[INFO] WorldEdit: The_Code (in "world"): /replace stone stonebrick - Region: (786.0, 71.0, 1260.0) - (820.0, 78.0, 1269.0)
[INFO] WorldEdit: The_Code (in "world"): /replace stone stonebrick - Region: (785.0, 71.0, 1260.0) - (820.0, 78.0, 1267.0)
[INFO] WorldEdit: The_Code (in "world"): /replace stone stonebrick - Region: (785.0, 71.0, 1260.0) - (820.0, 77.0, 1268.0)
[INFO] WorldEdit: The_Code (in "world"): /replace stone stonebrick - Region: (790.0, 70.0, 1260.0) - (820.0, 71.0, 1268.0)
[INFO] WorldEdit: The_Code (in "world"): /replace stone stonebrick - Region: (789.0, 70.0, 1260.0) - (820.0, 71.0, 1267.0)
[INFO] WorldEdit: The_Code (in "world"): /set stonebrick - Region: (785.0, 71.0, 1265.0) - (789.0, 78.0, 1271.0)
[INFO] WorldEdit: The_Code (in "world"): /set stonebrick - Region: (786.0, 71.0, 1265.0) - (789.0, 79.0, 1271.0)
[INFO] WorldEdit: The_Code (in "world"): /set stonebrick - Region: (787.0, 71.0, 1265.0) - (789.0, 80.0, 1271.0)
[INFO] WorldEdit: The_Code (in "world"): /set stonebrick - Region: (788.0, 71.0, 1265.0) - (789.0, 81.0, 1271.0)
[INFO] WorldEdit: The_Code (in "world"): /set stonebrick - Region: (785.0, 71.0, 1264.0) - (789.0, 77.0, 1271.0)
[INFO] WorldEdit: The_Code (in "world"): /set stonebrick - Region: (786.0, 71.0, 1264.0) - (789.0, 79.0, 1271.0)
[INFO] WorldEdit: The_Code (in "world"): /set stonebrick - Region: (787.0, 71.0, 1264.0) - (789.0, 80.0, 1271.0)
[INFO] WorldEdit: The_Code (in "world"): /set stonebrick - Region: (786.0, 71.0, 1263.0) - (789.0, 78.0, 1271.0)
[INFO] WorldEdit: The_Code (in "world"): /set stonebrick - Region: (787.0, 71.0, 1262.0) - (789.0, 78.0, 1271.0)
[INFO] WorldEdit: The_Code (in "world"): /set stonebrick - Region: (788.0, 71.0, 1261.0) - (789.0, 77.0, 1271.0)
[INFO] WorldEdit: The_Code (in "world"): /set stonebrick - Region: (787.0, 71.0, 1263.0) - (789.0, 79.0, 1271.0)
[INFO] WorldEdit: The_Code (in "world"): /replace stonebrick dirt,stone - Region: (820.0, 71.0, 1260.0) - (820.0, 82.0, 1272.0)
[INFO] WorldEdit: The_Code (in "world"): /replace stonebrick dirt,stone,coalore - Region: (820.0, 71.0, 1260.0) - (820.0, 82.0, 1272.0)
[INFO] WorldEdit: The_Code (in "world"): /undo
[INFO] WorldEdit: The_Code (in "world"): /replace stonebrick dirt,stone,coalore - Region: (820.0, 71.0, 1260.0) - (820.0, 82.0, 1272.0)
[INFO] WorldEdit: The_Code (in "world"): /set dirt,stone,coalore - Region: (820.0, 71.0, 1260.0) - (820.0, 82.0, 1272.0)
[INFO] WorldEdit: The_Code (in "world"): /undo
[INFO] WorldEdit: The_Code (in "world"): /set dirt,stone - Region: (820.0, 71.0, 1260.0) - (820.0, 82.0, 1272.0)
[INFO] WorldEdit: The_Code (in "world"): /set dirt,75%stone - Region: (820.0, 71.0, 1260.0) - (820.0, 82.0, 1272.0)
[INFO] WorldEdit: The_Code (in "world"): /set 75%dirt,stone - Region: (820.0, 71.0, 1260.0) - (820.0, 82.0, 1272.0)
[INFO] WorldEdit: The_Code (in "world"): /set 50%dirt,stone - Region: (820.0, 71.0, 1260.0) - (820.0, 82.0, 1272.0)
[INFO] WorldEdit: The_Code (in "world"): /set 25%dirt,stone - Region: (820.0, 71.0, 1260.0) - (820.0, 82.0, 1272.0)
[INFO] WorldEdit: The_Code (in "world"): /set 10%dirt,stone - Region: (820.0, 71.0, 1260.0) - (820.0, 82.0, 1272.0)
[INFO] WorldEdit: The_Code (in "world"): /set 1%dirt,stone - Region: (820.0, 71.0, 1260.0) - (820.0, 82.0, 1272.0)
[INFO] WorldEdit: The_Code (in "world"): /set 2%dirt,stone - Region: (820.0, 71.0, 1260.0) - (820.0, 82.0, 1272.0)
[INFO] WorldEdit: The_Code (in "world"): descend
[INFO] WorldEdit: The_Code (in "world"): descend
[INFO] WorldEdit: The_Code (in "world"): descend
[INFO] WorldEdit: The_Code (in "world"): /set grass - Region: (921.0, 65.0, 1358.0) - (922.0, 69.0, 1400.0)
[INFO] WorldEdit: The_Code (in "world"): /set air - Region: (921.0, 67.0, 1358.0) - (922.0, 69.0, 1376.0)
[INFO] WorldEdit: The_Code (in "world"): /set air - Region: (921.0, 68.0, 1358.0) - (922.0, 69.0, 1377.0)
[INFO] WorldEdit: The_Code (in "world"): /set air - Region: (921.0, 69.0, 1358.0) - (922.0, 69.0, 1378.0)
[INFO] WorldEdit: The_Code (in "world"): /set air - Region: (921.0, 69.0, 1358.0) - (922.0, 69.0, 1382.0)
[INFO] WorldEdit: The_Code (in "world"): /set air - Region: (922.0, 69.0, 1383.0) - (922.0, 69.0, 1388.0)
[INFO] WorldEdit: The_Code (in "world"): farwand
[INFO] WorldEdit: The_Code (in "world"): none
[INFO] WorldEdit: The_Code (in "world"): farwand
[INFO] WorldEdit: The_Code (in "world"): farwand
[INFO] WorldEdit: The_Code (in "world"): lrbuild grass dirt
[INFO] WorldEdit: The_Code (in "world"): /replacenear 30 grass air - Position: (925.0, 68.0, 1388.0)
[INFO] WorldEdit: The_Code (in "world"): /undo
[INFO] WorldEdit: The_Code (in "world"): /undo
[INFO] WorldEdit: The_Code (in "world"): /redo
[INFO] WorldEdit: The_Code (in "world"): /wand
[INFO] WorldEdit: The_Code (in "world"): /copy
[INFO] WorldEdit: The_Code (in "world"): /paste - Position: (923.0, 72.0, 1340.0)
[INFO] WorldEdit: The_Code (in "world"): /sphere 3 air - Position: (972.0, 70.0, 1334.0)
[INFO] WorldEdit: The_Code (in "world"): /sphere air 3 - Position: (972.0, 70.0, 1334.0)
[INFO] WorldEdit: The_Code (in "world"): /sphere air 3 - Position: (972.0, 66.0, 1334.0)
[INFO] WorldEdit: The_Code (in "world"): /sphere air 4 - Position: (972.0, 66.0, 1334.0)
[INFO] WorldEdit: The_Code (in "world"): /sphere air 5 - Position: (972.0, 66.0, 1334.0)
[INFO] WorldEdit: The_Code (in "world"): /set grass - Region: (970.0, 61.0, 1332.0) - (976.0, 63.0, 1338.0)
[INFO] WorldEdit: The_Code (in "world"): /set grass - Region: (969.0, 62.0, 1331.0) - (976.0, 63.0, 1338.0)
[INFO] WorldEdit: The_Code (in "world"): /set grass - Region: (968.0, 63.0, 1330.0) - (976.0, 63.0, 1338.0)
[INFO] WorldEdit: The_Code (in "world"): /cyl 5 stonebrick - Position: (975.0, 64.0, 1338.0)
[INFO] WorldEdit: The_Code (in "world"): /cyl stonebrick 5 - Position: (975.0, 63.0, 1338.0)
[INFO] WorldEdit: The_Code (in "world"): /cyl stonebrick 7 - Position: (975.0, 63.0, 1338.0)
[INFO] WorldEdit: The_Code (in "world"): /cyl stonebrick 8 - Position: (975.0, 63.0, 1338.0)
[INFO] WorldEdit: The_Code (in "world"): /undo 3
[INFO] WorldEdit: The_Code (in "world"): /cyl stonebrick 8 - Position: (972.0, 63.0, 1338.0)
[INFO] WorldEdit: The_Code (in "world"): /hcyl stonebrick 8 - Position: (972.0, 64.0, 1338.0)
[INFO] WorldEdit: The_Code (in "world"): /hcyl stonebrick 8 - Position: (972.0, 65.0, 1338.0)
[INFO] WorldEdit: The_Code (in "world"): /hcyl stonebrick 8 - Position: (972.0, 66.0, 1338.0)
[INFO] WorldEdit: The_Code (in "world"): /hcyl stonebrick 8 - Position: (972.0, 67.0, 1338.0)
[INFO] WorldEdit: The_Code (in "world"): /hcyl stonebrick 8 - Position: (972.0, 68.0, 1338.0)
[INFO] WorldEdit: The_Code (in "world"): /hcyl stonebrick 7 3 - Position: (972.0, 69.0, 1338.0)
[INFO] WorldEdit: The_Code (in "world"): /undo
[INFO] WorldEdit: The_Code (in "world"): /hcyl stonebrick 8 3 - Position: (972.0, 69.0, 1338.0)
[INFO] WorldEdit: The_Code (in "world"): /hcyl stonebrick 8 4 - Position: (972.0, 69.0, 1338.0)
[INFO] WorldEdit: The_Code (in "world"): /hcyl stonebrick 7 3 - Position: (972.0, 73.0, 1338.0)
[INFO] WorldEdit: The_Code (in "world"): /hcyl stonebrick 7 2 - Position: (972.0, 76.0, 1338.0)
[INFO] WorldEdit: The_Code (in "world"): /hcyl stonebrick 8 2 - Position: (972.0, 78.0, 1338.0)
[INFO] WorldEdit: The_Code (in "world"): /hcyl stonebrick 9 2 - Position: (972.0, 80.0, 1338.0)
[INFO] WorldEdit: The_Code (in "world"): /hcyl stonebrick 9 4 - Position: (972.0, 80.0, 1338.0)
[INFO] WorldEdit: The_Code (in "world"): /hcyl stonebrick 9 5 - Position: (972.0, 80.0, 1338.0)
[INFO] WorldEdit: The_Code (in "world"): /cyl 8 endgateway - Position: (972.0, 84.0, 1338.0)
[INFO] WorldEdit: The_Code (in "world"): /cyl air 8 - Position: (972.0, 84.0, 1338.0)
[INFO] WorldEdit: The_Code (in "world"): /set obsidian - Region: (971.0, 60.0, 1329.0) - (973.0, 63.0, 1329.0)
[INFO] WorldEdit: The_Code (in "world"): /set obsidian - Region: (971.0, 60.0, 1331.0) - (973.0, 63.0, 1331.0)
[INFO] WorldEdit: The_Code (in "world"): /set obsidian - Region: (974.0, 60.0, 1330.0) - (974.0, 63.0, 1330.0)
[INFO] WorldEdit: The_Code (in "world"): /walls stonebrick - Region: (970.0, 68.0, 1327.0) - (974.0, 71.0, 1329.0)
[INFO] WorldEdit: The_Code (in "world"): /set stonebrick - Region: (970.0, 67.0, 1326.0) - (974.0, 71.0, 1326.0)
[INFO] WorldEdit: The_Code (in "world"): /set stonebrick - Region: (970.0, 68.0, 1331.0) - (975.0, 73.0, 1331.0)
[INFO] WorldEdit: The_Code (in "world"): /set stonebrick - Region: (968.0, 67.0, 1332.0) - (970.0, 73.0, 1332.0)
[INFO] WorldEdit: The_Code (in "world"): /set stonebrick - Region: (968.0, 67.0, 1332.0) - (971.0, 73.0, 1332.0)
[INFO] WorldEdit: The_Code (in "world"): /set stonebrick - Region: (968.0, 67.0, 1332.0) - (971.0, 77.0, 1332.0)
[INFO] WorldEdit: The_Code (in "world"): /set stonebrick - Region: (968.0, 67.0, 1332.0) - (973.0, 77.0, 1332.0)
[INFO] WorldEdit: The_Code (in "world"): /undo
[INFO] WorldEdit: The_Code (in "world"): /set stonebrick - Region: (973.0, 67.0, 1332.0) - (976.0, 77.0, 1332.0)
[INFO] WorldEdit: The_Code (in "world"): /set stonebrick - Region: (971.0, 69.0, 1332.0) - (973.0, 77.0, 1332.0)
[INFO] WorldEdit: The_Code (in "world"): /replacenear 10 stonebrick air - Position: (862.0, 73.0, 1351.0)
[INFO] WorldEdit: The_Code (in "world"): /undo
[INFO] WorldEdit: The_Code (in "world"): /replacenear 10 stonebrick air - Position: (861.0, 73.0, 1358.0)
[INFO] WorldEdit: The_Code (in "world"): descend
[INFO] WorldEdit: The_Code (in "world"): descend
[INFO] WorldEdit: The_Code (in "world"): descend 5
[INFO] WorldEdit: The_Code (in "world"): descend 5
[INFO] WorldEdit: The_Code (in "world"): /replacenear 5 gravel grass - Position: (903.0, 63.0, 1326.0)
[INFO] WorldEdit: The_Code (in "world"): /replacenear 5 gravel grass - Position: (923.0, 63.0, 1312.0)
[INFO] WorldEdit: The_Code (in "world"): /wand
[INFO] WorldEdit: The_Code (in "world"): /set grass - Region: (933.0, 63.0, 1296.0) - (938.0, 63.0, 1305.0)
[INFO] WorldEdit: The_Code (in "world"): pumpkins - Position: (915.5798035355156, 66.23792309079852, 1316.065456372795)
[INFO] WorldEdit: The_Code (in "world"): /undo
[INFO] WorldEdit: The_Code (in "world"): .s - Position: (917.0992464744141, 67.36356022987376, 1322.211192032122) - Orientation: WEST - Region: 
[INFO] WorldEdit: The_Code (in "world"): .s - Position: (917.0992464744141, 67.36356022987376, 1322.211192032122) - Orientation: NORTH - Region: 
[INFO] WorldEdit: The_Code (in "world"): .s - Position: (917.1340951351001, 67.36356022987376, 1321.0678767994032) - Orientation: NORTH - Region: 
[INFO] WorldEdit: The_Code (in "world"): .s - Position: (903.8015175398364, 66.15811695478604, 1326.072480015733) - Orientation: NORTH_EAST - Region: 
[INFO] WorldEdit: The_Code (in "world"): .s - Position: (904.457135074241, 66.15811695478604, 1325.1169833142078) - Orientation: NORTH_EAST - Region: 
[INFO] WorldEdit: The_Code (in "world"): /wand
[INFO] WorldEdit: The_Code (in "world"): /set air - Region: (882.0, 64.0, 1326.0) - (889.0, 73.0, 1334.0)
[INFO] WorldEdit: The_Code (in "world"): /set air - Region: (882.0, 64.0, 1325.0) - (889.0, 71.0, 1334.0)
[INFO] WorldEdit: The_Code (in "world"): /set air - Region: (882.0, 64.0, 1326.0) - (890.0, 71.0, 1334.0)
[INFO] WorldEdit: The_Code (in "world"): /set air - Region: (882.0, 64.0, 1329.0) - (891.0, 71.0, 1334.0)
[INFO] WorldEdit: The_Code (in "world"): /set air - Region: (882.0, 64.0, 1329.0) - (891.0, 71.0, 1334.0)
[INFO] WorldEdit: The_Code (in "world"): /set air - Region: (882.0, 64.0, 1329.0) - (892.0, 71.0, 1334.0)
[INFO] WorldEdit: The_Code (in "world"): /set air - Region: (882.0, 64.0, 1327.0) - (894.0, 70.0, 1334.0)
[INFO] WorldEdit: The_Code (in "world"): /set air - Region: (882.0, 64.0, 1325.0) - (896.0, 69.0, 1334.0)
[INFO] WorldEdit: The_Code (in "world"): /set air - Region: (882.0, 64.0, 1324.0) - (897.0, 68.0, 1334.0)
[INFO] WorldEdit: The_Code (in "world"): /set air - Region: (881.0, 64.0, 1334.0) - (882.0, 68.0, 1335.0)
[INFO] WorldEdit: The_Code (in "world"): /set air - Region: (881.0, 64.0, 1324.0) - (882.0, 68.0, 1334.0)
[INFO] WorldEdit: The_Code (in "world"): /set air - Region: (882.0, 64.0, 1334.0) - (897.0, 68.0, 1335.0)
[INFO] WorldEdit: The_Code (in "world"): /set grass - Region: (882.0, 63.0, 1325.0) - (896.0, 63.0, 1334.0)
[INFO] WorldEdit: The_Code (in "world"): /set air - Region: (970.0, 68.0, 1326.0) - (974.0, 72.0, 1330.0)
[INFO] WorldEdit: The_Code (in "world"): ascend
[INFO] WorldEdit: The_Code (in "world"): descend
[INFO] WorldEdit: The_Code (in "world"): up 10 - Position: (904.6069577983914, 63.9375, 1336.4812330004765)
[INFO] WorldEdit: The_Code (in "world"): ascend
[INFO] WorldEdit: The_Code (in "world"): ascend
[INFO] WorldEdit: The_Code (in "world"): ascend 3
[INFO] WorldEdit: The_Code (in "world"): ascend 3
[INFO] WorldEdit: The_Code (in "world"): ascend 5
[INFO] WorldEdit: The_Code (in "world"): ascend 5
[INFO] WorldEdit: The_Code (in "world"): ascend 5
[INFO] WorldEdit: The_Code (in "world"): /wand
[INFO] WorldEdit: The_Code (in "world"): /walls stonebrick - Region: (903.0, 62.0, 1308.0) - (914.0, 62.0, 1319.0)
[INFO] WorldEdit: The_Code (in "world"): /walls stonebrick - Region: (900.0, 62.0, 1308.0) - (914.0, 62.0, 1319.0)
[INFO] WorldEdit: The_Code (in "world"): /set grass - Region: (901.0, 62.0, 1309.0) - (913.0, 62.0, 1318.0)
[INFO] WorldEdit: The_Code (in "world"): /undo 5
[INFO] WorldEdit: The_Code (in "world"): up 200 - Position: (867.4128033364035, 7.992921873894621, 1269.9135188517087)
[INFO] WorldEdit: The_Code (in "world"): up 200 - Position: (867.5, 216.34838310247767, 1269.5)
[INFO] WorldEdit: The_Code (in "world"): ascend
[INFO] WorldEdit: The_Code (in "world"): descend
[INFO] WorldEdit: The_Code (in "world"): up 200 - Position: (898.0789418414743, 64.0, 1339.1213872681667)
[INFO] WorldEdit: The_Code (in "world"): ascend
[INFO] WorldEdit: The_Code (in "world"): ascend
[INFO] WorldEdit: ShadowLord (in "world"): ascend
[INFO] WorldEdit: ShadowLord (in "world"): ascend
[INFO] WorldEdit: ShadowLord (in "world"): up 5 - Position: (976.5035471414581, 71.95262615653596, 1581.4977259256611)
[INFO] WorldEdit: ShadowLord (in "world"): /replacenear 10 bedrock,stone,lava,redstoneore,ironore,coalore,diamondore air - Position: (1.500087E7, 2.0, 1.5001353E7)
[INFO] WorldEdit: ShadowLord (in "world"): /replacenear 10 bedrock,stone,lava,redstoneore,ironore,coalore,diamondore,dirt,goldore air - Position: (1.500087E7, 2.0, 1.5001353E7)
[INFO] WorldEdit: ShadowLord (in "world"): /replacenear 10 bedrock,stone,lava,redstoneore,ironore,coalore,diamondore,dirt,goldore,lapisore air - Position: (1.500087E7, 2.0, 1.5001353E7)
[INFO] WorldEdit: ShadowLord (in "world"): /drain 50 - Position: (1.500087E7, 2.0, 1.5001353E7)
[INFO] WorldEdit: ShadowLord (in "world"): /wand
[INFO] WorldEdit: ShadowLord (in "world"): /set bedrock - Region: (1.5000859E7, 0.0, 1.5001363E7) - (1.5000881E7, 12.0, 1.5001363E7)
[INFO] WorldEdit: ShadowLord (in "world"): /set air - Region: (1.500086E7, 0.0, 1.5001342E7) - (1.500088E7, 12.0, 1.5001342E7)
[INFO] WorldEdit: ShadowLord (in "world"): /set bedrock - Region: (1.500086E7, 0.0, 1.5001341E7) - (1.500088E7, 12.0, 1.5001341E7)
[INFO] WorldEdit: ShadowLord (in "world"): /set bedrock - Region: (1.5000859E7, 0.0, 1.5001342E7) - (1.5000859E7, 12.0, 1.5001362E7)
[INFO] WorldEdit: ShadowLord (in "world"): /set bedrock - Region: (1.5000881E7, 0.0, 1.5001342E7) - (1.5000881E7, 12.0, 1.5001362E7)
[INFO] WorldEdit: ShadowLord (in "world"): /set bedrock - Region: (1.500086E7, 13.0, 1.5001342E7) - (1.500088E7, 13.0, 1.5001362E7)
[INFO] WorldEdit: ShadowLord (in "world"): /replacenear 10 lava air - Position: (1.5000873E7, 9.0, 1.500135E7)
[INFO] WorldEdit: ShadowLord (in "world"): /replacenear 10 lava air - Position: (1.5000878E7, 9.0, 1.5001346E7)
[INFO] WorldEdit: ShadowLord (in "world"): /replacenear 10 lava air - Position: (1.5000878E7, 9.0, 1.5001351E7)
[INFO] WorldEdit: ShadowLord (in "world"): /replacenear 10 lava air - Position: (1.5000877E7, 9.0, 1.5001351E7)
[INFO] WorldEdit: ShadowLord (in "world"): /replacenear 10 lava air - Position: (1.5000877E7, 9.0, 1.5001351E7)
[INFO] WorldEdit: ShadowLord (in "world"): /replacenear 10 lava air - Position: (1.5000877E7, 9.0, 1.5001351E7)
[INFO] WorldEdit: ShadowLord (in "world"): /replacenear 10 lava air - Position: (1.5000877E7, 9.0, 1.5001351E7)
[INFO] WorldEdit: ShadowLord (in "world"): /replacenear 10 lava air - Position: (1.5000877E7, 9.0, 1.5001351E7)
[INFO] WorldEdit: ShadowLord (in "world"): /replacenear 10 lava air - Position: (1.5000877E7, 9.0, 1.5001351E7)
[INFO] WorldEdit: ShadowLord (in "world"): /replacenear 10 lava air - Position: (1.5000879E7, 3.0, 1.5001348E7)
[INFO] WorldEdit: ShadowLord (in "world"): /replacenear 10 lava air - Position: (1.5000879E7, 3.0, 1.5001348E7)
[INFO] WorldEdit: ShadowLord (in "world"): /replacenear 10 lava air - Position: (1.5000879E7, 3.0, 1.5001348E7)
[INFO] WorldEdit: ShadowLord (in "world"): /replacenear 10 lava air - Position: (1.5000879E7, 3.0, 1.5001348E7)
[INFO] WorldEdit: ShadowLord (in "world"): /replacenear 10 lava air - Position: (1.5000879E7, 3.0, 1.5001348E7)
[INFO] WorldEdit: ShadowLord (in "world"): /replacenear 10 lava air - Position: (1.5000871E7, 3.0, 1.5001353E7)
[INFO] WorldEdit: ShadowLord (in "world"): /replacenear 10 lava air - Position: (1.5000876E7, 3.0, 1.5001351E7)
[INFO] WorldEdit: ShadowLord (in "world"): /center barrier - Region: (1.5000881E7, 0.0, 1.5001342E7) - (1.5000881E7, 0.0, 1.5001362E7)
[INFO] WorldEdit: ShadowLord (in "world"): /center barrier - Region: (1.500086E7, 0.0, 1.5001363E7) - (1.500088E7, 0.0, 1.5001363E7)
[INFO] WorldEdit: ShadowLord (in "world"): /set barrier - Region: (1.500087E7, 0.0, 1.5001341E7) - (1.500087E7, 0.0, 1.5001363E7)
[INFO] WorldEdit: ShadowLord (in "world"): /set barrier - Region: (1.500087E7, 0.0, 1.5001351E7) - (1.5000881E7, 0.0, 1.5001352E7)
[INFO] WorldEdit: ShadowLord (in "world"): /undo
[INFO] WorldEdit: ShadowLord (in "world"): /undo
[INFO] WorldEdit: ShadowLord (in "world"): /redo
[INFO] WorldEdit: ShadowLord (in "world"): /set barrier - Region: (1.500087E7, 0.0, 1.5001352E7) - (1.5000881E7, 0.0, 1.5001352E7)
[INFO] WorldEdit: ShadowLord (in "world"): /set barrier - Region: (1.5000859E7, 0.0, 1.5001351E7) - (1.5000881E7, 0.0, 1.5001352E7)
[INFO] WorldEdit: ShadowLord (in "world"): /undo
[INFO] WorldEdit: ShadowLord (in "world"): /undo
[INFO] WorldEdit: ShadowLord (in "world"): /redo
[INFO] WorldEdit: ShadowLord (in "world"): /set barrier - Region: (1.5000859E7, 0.0, 1.5001352E7) - (1.5000881E7, 0.0, 1.5001352E7)
[INFO] WorldEdit: ShadowLord (in "world"): /replacenear 15 barrier air - Position: (1.500087E7, 1.0, 1.5001352E7)
[INFO] WorldEdit: ShadowLord (in "world"): /replacenear 15 barrier air - Position: (1.5000872E7, 3.0, 1.5001354E7)
[INFO] WorldEdit: ShadowLord (in "world"): /replacenear 15 barrier air - Position: (1.5000873E7, 1.0, 1.5001352E7)
[INFO] WorldEdit: ShadowLord (in "world"): /replacenear 15 barrier air - Position: (1.5000865E7, 1.0, 1.5001354E7)
[INFO] WorldEdit: ShadowLord (in "world"): /replacenear 15 barrier air - Position: (1.5000876E7, 1.0, 1.5001353E7)
[INFO] WorldEdit: ShadowLord (in "world"): /center stonebrick - Region: (1.5000881E7, 0.0, 1.5001342E7) - (1.5000881E7, 0.0, 1.5001362E7)
[INFO] WorldEdit: ShadowLord (in "world"): /center stonebrick - Region: (1.500086E7, 0.0, 1.5001363E7) - (1.500088E7, 0.0, 1.5001363E7)
[INFO] WorldEdit: ShadowLord (in "world"): /center stonebrick - Region: (1.5000859E7, 0.0, 1.5001342E7) - (1.5000859E7, 0.0, 1.5001362E7)
[INFO] WorldEdit: ShadowLord (in "world"): /center stonebrick - Region: (1.500086E7, 0.0, 1.5001341E7) - (1.500088E7, 0.0, 1.5001341E7)
[INFO] WorldEdit: ShadowLord (in "world"): /set stonebrick - Region: (1.500087E7, 0.0, 1.5001341E7) - (1.500087E7, 0.0, 1.5001363E7)
[INFO] WorldEdit: ShadowLord (in "world"): /set stonebrick - Region: (1.5000859E7, 0.0, 1.5001352E7) - (1.5000881E7, 0.0, 1.5001352E7)
[INFO] WorldEdit: ShadowLord (in "world"): ascend
[INFO] WorldEdit: ShadowLord (in "world"): descend
[INFO] WorldEdit: ShadowLord (in "world"): descend
[INFO] WorldEdit: ShadowLord (in "world"): descend
[INFO] WorldEdit: ShadowLord (in "world"): descend
[INFO] WorldEdit: ShadowLord (in "world"): descend
[INFO] WorldEdit: ShadowLord (in "world"): descend
[INFO] WorldEdit: ShadowLord (in "world"): descend
[INFO] WorldEdit: ShadowLord (in "world"): descend
[INFO] WorldEdit: ShadowLord (in "world"): descend
[INFO] WorldEdit: ShadowLord (in "world"): descend
[INFO] WorldEdit: ShadowLord (in "world"): descend
[INFO] WorldEdit: ShadowLord (in "world"): descend
[INFO] WorldEdit: ShadowLord (in "world"): descend
[INFO] WorldEdit: ShadowLord (in "world"): descend
[INFO] WorldEdit: ShadowLord (in "world"): descend
[INFO] WorldEdit: ShadowLord (in "world"): ascend
[INFO] WorldEdit: ShadowLord (in "world"): /replacenear 20 diamondblock ari - Position: (852.0, 68.0, 1377.0)
[INFO] WorldEdit: ShadowLord (in "world"): /replacenear 20 diamondblock air - Position: (851.0, 69.0, 1374.0)
[INFO] WorldEdit: ShadowLord (in "world"): /replacenear 20 beacon air - Position: (851.0, 70.0, 1371.0)
[INFO] WorldEdit: ShadowLord (in "world"): /wand
[INFO] WorldEdit: ShadowLord (in "world"): /walls grass - Region: (848.0, 63.0, 1391.0) - (859.0, 66.0, 1400.0)
[INFO] WorldEdit: ShadowLord (in "world"): /replacenear 15 air barrier - Position: (1.500087E7, 6.0, 1.5001352E7)
[INFO] WorldEdit: ShadowLord (in "world"): ascend
[INFO] WorldEdit: ShadowLord (in "world"): ascend
[INFO] WorldEdit: ShadowLord (in "world"): up 5 - Position: (905.5394587593603, 63.9375, 1343.6388113414355)
[INFO] WorldEdit: ShadowLord (in "world"): ascend
[INFO] WorldEdit: ShadowLord (in "world"): /ex 500 - Position: (913.0, 63.0, 1322.0)
[INFO] WorldEdit: ShadowLord (in "world"): /replacenear 5 stone diamondore - Position: (1626.0, 11.0, 1655.0)
[INFO] WorldEdit: ShadowLord (in "world"): ascend
[INFO] WorldEdit: ShadowLord (in "world"): ascend
[INFO] WorldEdit: ShadowLord (in "world"): ascend
[INFO] WorldEdit: ShadowLord (in "world"): ascend
