Loading libraries, please wait...
2025-09-16 13:33:36,736 main WARN Disabling terminal, you're running in an unsupported environment.
[13:33:38 INFO]: Starting minecraft server version 1.12.2
[13:33:38 INFO]: Loading properties
[13:33:38 ERROR]: [TerminalConsole] Failed to read console input
java.io.IOException: Bad file descriptor
	at java.io.FileInputStream.readBytes(Native Method) ~[?:?]
	at java.io.FileInputStream.read(FileInputStream.java:287) ~[?:?]
	at java.io.BufferedInputStream.read1(BufferedInputStream.java:345) ~[?:?]
	at java.io.BufferedInputStream.implRead(BufferedInputStream.java:420) ~[?:?]
	at java.io.BufferedInputStream.read(BufferedInputStream.java:399) ~[?:?]
	at sun.nio.cs.StreamDecoder.readBytes(StreamDecoder.java:350) ~[?:?]
	at sun.nio.cs.StreamDecoder.implRead(StreamDecoder.java:393) ~[?:?]
	at sun.nio.cs.StreamDecoder.lockedRead(StreamDecoder.java:217) ~[?:?]
	at sun.nio.cs.StreamDecoder.read(StreamDecoder.java:171) ~[?:?]
	at java.io.InputStreamReader.read(InputStreamReader.java:188) ~[?:?]
	at java.io.BufferedReader.fill(BufferedReader.java:160) ~[?:?]
	at java.io.BufferedReader.implReadLine(BufferedReader.java:370) ~[?:?]
	at java.io.BufferedReader.readLine(BufferedReader.java:347) ~[?:?]
	at java.io.BufferedReader.readLine(BufferedReader.java:436) ~[?:?]
	at net.minecrell.terminalconsole.SimpleTerminalConsole.readCommands(SimpleTerminalConsole.java:179) ~[patched_1.12.2.jar:git-Paper-1620]
	at net.minecrell.terminalconsole.SimpleTerminalConsole.start(SimpleTerminalConsole.java:142) ~[patched_1.12.2.jar:git-Paper-1620]
	at net.minecraft.server.v1_12_R1.DedicatedServer$2.run(DedicatedServer.java:77) ~[patched_1.12.2.jar:git-Paper-1620]
[13:33:38 INFO]: Default game type: SURVIVAL
[13:33:38 INFO]: This server is running Paper version git-Paper-1620 (MC: 1.12.2) (Implementing API version 1.12.2-R0.1-SNAPSHOT)
[13:33:38 INFO]: Debug logging is disabled
[13:33:38 INFO]: Server Ping Player Sample Count: 12
[13:33:39 INFO]: Using 4 threads for Netty based IO
[13:33:39 INFO]: Generating keypair
[13:33:39 INFO]: Starting Minecraft server on localhost:25565
[13:33:39 INFO]: Using default channel type
[13:33:39 INFO]: Set PluginClassLoader as parallel capable
[13:33:39 INFO]: [WorldEditSimple] Loading WorldEditSimple v1.0
[13:33:39 INFO]: Server permissions file permissions.yml is empty, ignoring it
[13:33:39 WARN]: **** SERVER IS RUNNING IN OFFLINE/INSECURE MODE!
[13:33:39 WARN]: The server will make no attempt to authenticate usernames. Beware.
[13:33:39 WARN]: While this makes the game possible to play without internet access, it also opens up the ability for hackers to connect with any username they choose.
[13:33:39 WARN]: To change this, set "online-mode" to "true" in the server.properties file.
[13:33:39 INFO]: **** Beginning UUID conversion, this may take A LONG time ****
[13:33:39 INFO]: Preparing level "world"
[13:33:39 INFO]: -------- World Settings For [world] --------
[13:33:39 INFO]: Mob Spawn Range: 4
[13:33:39 INFO]: Cactus Growth Modifier: 100%
[13:33:39 INFO]: Cane Growth Modifier: 100%
[13:33:39 INFO]: Melon Growth Modifier: 100%
[13:33:39 INFO]: Mushroom Growth Modifier: 100%
[13:33:39 INFO]: Pumpkin Growth Modifier: 100%
[13:33:39 INFO]: Sapling Growth Modifier: 100%
[13:33:39 INFO]: Wheat Growth Modifier: 100%
[13:33:39 INFO]: NetherWart Growth Modifier: 100%
[13:33:39 INFO]: Vine Growth Modifier: 100%
[13:33:39 INFO]: Cocoa Growth Modifier: 100%
[13:33:39 INFO]: Entity Activation Range: An 32 / Mo 32 / Mi 16 / Tiv true
[13:33:39 INFO]: Entity Tracking Range: Pl 48 / An 48 / Mo 48 / Mi 32 / Other 64
[13:33:39 INFO]: Hopper Transfer: 8 Hopper Check: 1 Hopper Amount: 1
[13:33:39 INFO]: Random Lighting Updates: false
[13:33:39 INFO]: Structure Info Saving: true
[13:33:39 INFO]: Custom Map Seeds:  Village: 10387312 Feature: 14357617 Monument: 10387313 Slime: 987234911
[13:33:39 INFO]: Max TNT Explosions: 100
[13:33:39 INFO]: Tile Max Tick Time: 50ms Entity max Tick Time: 50ms
[13:33:39 INFO]: Item Despawn Rate: 6000
[13:33:39 INFO]: Item Merge Radius: 2.5
[13:33:39 INFO]: View Distance: 4
[13:33:39 INFO]: Allow Zombie Pigmen to spawn from portal blocks: true
[13:33:39 INFO]: Arrow Despawn Rate: 1200
[13:33:39 INFO]: Experience Merge Radius: 3.0
[13:33:39 INFO]: Zombie Aggressive Towards Villager: true
[13:33:39 INFO]: Nerfing mobs spawned from spawners: false
[13:33:40 INFO]: -------- World Settings For [world_nether] --------
[13:33:40 INFO]: Mob Spawn Range: 4
[13:33:40 INFO]: Cactus Growth Modifier: 100%
[13:33:40 INFO]: Cane Growth Modifier: 100%
[13:33:40 INFO]: Melon Growth Modifier: 100%
[13:33:40 INFO]: Mushroom Growth Modifier: 100%
[13:33:40 INFO]: Pumpkin Growth Modifier: 100%
[13:33:40 INFO]: Sapling Growth Modifier: 100%
[13:33:40 INFO]: Wheat Growth Modifier: 100%
[13:33:40 INFO]: NetherWart Growth Modifier: 100%
[13:33:40 INFO]: Vine Growth Modifier: 100%
[13:33:40 INFO]: Cocoa Growth Modifier: 100%
[13:33:40 INFO]: Entity Activation Range: An 32 / Mo 32 / Mi 16 / Tiv true
[13:33:40 INFO]: Entity Tracking Range: Pl 48 / An 48 / Mo 48 / Mi 32 / Other 64
[13:33:40 INFO]: Hopper Transfer: 8 Hopper Check: 1 Hopper Amount: 1
[13:33:40 INFO]: Random Lighting Updates: false
[13:33:40 INFO]: Structure Info Saving: true
[13:33:40 INFO]: Custom Map Seeds:  Village: 10387312 Feature: 14357617 Monument: 10387313 Slime: 987234911
[13:33:40 INFO]: Max TNT Explosions: 100
[13:33:40 INFO]: Tile Max Tick Time: 50ms Entity max Tick Time: 50ms
[13:33:40 INFO]: Item Despawn Rate: 6000
[13:33:40 INFO]: Item Merge Radius: 2.5
[13:33:40 INFO]: View Distance: 4
[13:33:40 INFO]: Allow Zombie Pigmen to spawn from portal blocks: true
[13:33:40 INFO]: Arrow Despawn Rate: 1200
[13:33:40 INFO]: Experience Merge Radius: 3.0
[13:33:40 INFO]: Zombie Aggressive Towards Villager: true
[13:33:40 INFO]: Nerfing mobs spawned from spawners: false
[13:33:40 INFO]: -------- World Settings For [world_the_end] --------
[13:33:40 INFO]: Mob Spawn Range: 4
[13:33:40 INFO]: Cactus Growth Modifier: 100%
[13:33:40 INFO]: Cane Growth Modifier: 100%
[13:33:40 INFO]: Melon Growth Modifier: 100%
[13:33:40 INFO]: Mushroom Growth Modifier: 100%
[13:33:40 INFO]: Pumpkin Growth Modifier: 100%
[13:33:40 INFO]: Sapling Growth Modifier: 100%
[13:33:40 INFO]: Wheat Growth Modifier: 100%
[13:33:40 INFO]: NetherWart Growth Modifier: 100%
[13:33:40 INFO]: Vine Growth Modifier: 100%
[13:33:40 INFO]: Cocoa Growth Modifier: 100%
[13:33:40 INFO]: Entity Activation Range: An 32 / Mo 32 / Mi 16 / Tiv true
[13:33:40 INFO]: Entity Tracking Range: Pl 48 / An 48 / Mo 48 / Mi 32 / Other 64
[13:33:40 INFO]: Hopper Transfer: 8 Hopper Check: 1 Hopper Amount: 1
[13:33:40 INFO]: Random Lighting Updates: false
[13:33:40 INFO]: Structure Info Saving: true
[13:33:40 INFO]: Custom Map Seeds:  Village: 10387312 Feature: 14357617 Monument: 10387313 Slime: 987234911
[13:33:40 INFO]: Max TNT Explosions: 100
[13:33:40 INFO]: Tile Max Tick Time: 50ms Entity max Tick Time: 50ms
[13:33:40 INFO]: Item Despawn Rate: 6000
[13:33:40 INFO]: Item Merge Radius: 2.5
[13:33:40 INFO]: View Distance: 4
[13:33:40 INFO]: Allow Zombie Pigmen to spawn from portal blocks: true
[13:33:40 INFO]: Arrow Despawn Rate: 1200
[13:33:40 INFO]: Experience Merge Radius: 3.0
[13:33:40 INFO]: Zombie Aggressive Towards Villager: true
[13:33:40 INFO]: Nerfing mobs spawned from spawners: false
[13:33:40 INFO]: Preparing start region for level 0 (Seed: 9043210522798455108)
[13:33:41 INFO]: Preparing start region for level 1 (Seed: 9043210522798455108)
[13:33:41 INFO]: Preparing start region for level 2 (Seed: 9043210522798455108)
[13:33:41 INFO]: [WorldEditSimple] Enabling WorldEditSimple v1.0
[13:33:41 INFO]: Done (1.788s)! For help, type "help" or "?"
[13:33:41 INFO]: Timings Reset
[13:38:36 INFO]: UUID of player The_Code is 98fbc21e-3a53-331b-99fc-6748a611c19c
[13:38:36 INFO]: The_Code[/127.0.0.1:51130] logged in with entity id 39 at ([world]908.5104195469027, 69.01726873657651, 1349.242397221948)
[13:38:37 INFO]: [@: Object successfully summoned]
[13:38:39 INFO]: [@: Object successfully summoned]
[13:38:40 INFO]: [@: Object successfully summoned]
[13:38:42 INFO]: [@: Object successfully summoned]
[13:38:43 INFO]: The_Code issued server command: /tool sphere
[13:38:44 INFO]: [@: Object successfully summoned]
[13:38:45 INFO]: [@: Object successfully summoned]
[13:38:47 INFO]: [@: Object successfully summoned]
[13:38:48 INFO]: [@: Object successfully summoned]
[13:38:50 INFO]: [@: Object successfully summoned]
[13:38:51 INFO]: The_Code issued server command: /tool sphere 1 oak_planks
[13:38:52 INFO]: [@: Object successfully summoned]
[13:38:53 INFO]: [@: Object successfully summoned]
[13:38:55 INFO]: The_Code issued server command: /tool sphere 1 oak_log
[13:38:55 INFO]: [@: Object successfully summoned]
[13:38:56 INFO]: [@: Object successfully summoned]
[13:38:58 INFO]: [@: Object successfully summoned]
[13:38:58 INFO]: The_Code issued server command: /tool sphere 1 log
[13:39:00 INFO]: [@: Object successfully summoned]
[13:39:01 INFO]: [@: Object successfully summoned]
[13:39:03 INFO]: [@: Object successfully summoned]
[13:39:04 INFO]: [@: Object successfully summoned]
[13:39:06 INFO]: [@: Object successfully summoned]
[13:39:08 INFO]: [@: Object successfully summoned]
[13:39:09 INFO]: The_Code issued server command: /tool sphere 1 log
[13:39:09 INFO]: [@: Object successfully summoned]
[13:39:11 INFO]: [@: Object successfully summoned]
[13:39:12 INFO]: [@: Object successfully summoned]
[13:39:14 INFO]: [@: Object successfully summoned]
[13:39:15 INFO]: The_Code issued server command: /tool sphere 1 log
[13:39:16 INFO]: [@: Object successfully summoned]
[13:39:17 INFO]: [@: Object successfully summoned]
[13:39:19 INFO]: [@: Object successfully summoned]
[13:39:20 INFO]: [@: Object successfully summoned]
[13:39:22 INFO]: [@: Object successfully summoned]
[13:39:24 INFO]: [@: Object successfully summoned]
[13:39:25 INFO]: [@: Object successfully summoned]
[13:39:27 INFO]: [@: Object successfully summoned]
[13:39:28 INFO]: [@: Object successfully summoned]
[13:39:30 INFO]: [@: Object successfully summoned]
[13:39:32 INFO]: [@: Object successfully summoned]
[13:39:33 INFO]: [@: Object successfully summoned]
[13:39:35 INFO]: [@: Object successfully summoned]
[13:39:36 INFO]: [@: Object successfully summoned]
[13:39:38 INFO]: [@: Object successfully summoned]
[13:39:40 INFO]: [@: Object successfully summoned]
[13:39:41 INFO]: [@: Object successfully summoned]
[13:39:43 INFO]: [@: Object successfully summoned]
[13:39:44 INFO]: [@: Object successfully summoned]
[13:39:46 INFO]: [@: Object successfully summoned]
[13:39:48 INFO]: [@: Object successfully summoned]
[13:39:49 INFO]: [@: Object successfully summoned]
[13:39:51 INFO]: [@: Object successfully summoned]
[13:39:52 INFO]: [@: Object successfully summoned]
[13:39:54 INFO]: [@: Object successfully summoned]
[13:39:56 INFO]: [@: Object successfully summoned]
[13:39:57 INFO]: [@: Object successfully summoned]
[13:39:59 INFO]: [@: Object successfully summoned]
[13:40:00 INFO]: [@: Object successfully summoned]
[13:40:02 INFO]: [@: Object successfully summoned]
[13:40:04 INFO]: [@: Object successfully summoned]
[13:40:05 INFO]: [@: Object successfully summoned]
[13:40:07 INFO]: [@: Object successfully summoned]
[13:40:08 INFO]: [@: Object successfully summoned]
[13:40:10 INFO]: [@: Object successfully summoned]
[13:40:12 INFO]: [@: Object successfully summoned]
[13:40:13 INFO]: [@: Object successfully summoned]
[13:40:15 INFO]: [@: Object successfully summoned]
[13:40:16 INFO]: [@: Object successfully summoned]
[13:40:18 INFO]: [@: Object successfully summoned]
[13:40:20 INFO]: [@: Object successfully summoned]
[13:40:21 INFO]: [@: Object successfully summoned]
[13:40:23 INFO]: [@: Object successfully summoned]
[13:40:24 INFO]: The_Code lost connection: Timed out
[13:40:24 INFO]: The_Code left the game
[13:40:24 INFO]: [@: Object successfully summoned]
[13:40:26 INFO]: [@: Object successfully summoned]
[13:40:28 INFO]: [@: Object successfully summoned]
[13:40:29 INFO]: [@: Object successfully summoned]
[13:40:31 INFO]: [@: Object successfully summoned]
[13:40:32 INFO]: [@: Object successfully summoned]
[13:40:34 INFO]: [@: Object successfully summoned]
[13:51:20 INFO]: UUID of player The_Code is 98fbc21e-3a53-331b-99fc-6748a611c19c
[13:51:20 INFO]: The_Code[/127.0.0.1:35082] logged in with entity id 151 at ([world]917.5535381034812, 65.64788017921343, 1343.8344274612616)
[13:51:22 INFO]: [@: Object successfully summoned]
[13:51:23 INFO]: [@: Object successfully summoned]
[13:51:25 INFO]: [@: Object successfully summoned]
[13:51:27 INFO]: [@: Object successfully summoned]
[13:51:28 INFO]: [@: Object successfully summoned]
[13:51:30 INFO]: [@: Object successfully summoned]
[13:51:31 INFO]: [@: Object successfully summoned]
[13:51:33 INFO]: [@: Object successfully summoned]
[13:51:35 INFO]: [@: Object successfully summoned]
[13:51:36 INFO]: [@: Object successfully summoned]
[13:51:38 INFO]: [@: Object successfully summoned]
[13:51:40 INFO]: [@: Object successfully summoned]
[13:51:41 INFO]: [@: Object successfully summoned]
[13:51:43 INFO]: [@: Object successfully summoned]
[13:51:44 INFO]: [@: Object successfully summoned]
[13:51:46 INFO]: [@: Object successfully summoned]
[13:51:48 INFO]: [@: Object successfully summoned]
[13:51:49 INFO]: [@: Object successfully summoned]
[13:51:51 INFO]: [@: Object successfully summoned]
[13:51:52 INFO]: [@: Object successfully summoned]
[13:51:54 INFO]: [@: Object successfully summoned]
[13:51:56 INFO]: [@: Object successfully summoned]
[13:51:57 INFO]: [@: Object successfully summoned]
[13:51:59 INFO]: [@: Object successfully summoned]
[13:52:00 INFO]: [@: Object successfully summoned]
[13:52:02 INFO]: [@: Object successfully summoned]
[13:52:04 INFO]: [@: Object successfully summoned]
[13:52:05 INFO]: [@: Object successfully summoned]
[13:52:07 INFO]: [@: Object successfully summoned]
[13:52:08 INFO]: [@: Object successfully summoned]
[13:52:10 INFO]: [@: Object successfully summoned]
[13:52:12 INFO]: [@: Object successfully summoned]
[13:52:13 INFO]: [@: Object successfully summoned]
[13:52:15 INFO]: [@: Object successfully summoned]
[13:52:16 INFO]: [@: Object successfully summoned]
[13:52:18 INFO]: [@: Object successfully summoned]
[13:52:20 INFO]: [@: Object successfully summoned]
[13:52:21 INFO]: [@: Object successfully summoned]
[13:52:23 INFO]: [@: Object successfully summoned]
[13:52:23 INFO]: The_Code issued server command: /set stonebrick
[13:52:24 INFO]: [@: Object successfully summoned]
[13:52:26 INFO]: [@: Object successfully summoned]
[13:52:28 INFO]: [@: Object successfully summoned]
[13:52:29 INFO]: [@: Object successfully summoned]
[13:52:31 INFO]: [@: Object successfully summoned]
[13:52:32 INFO]: [@: Object successfully summoned]
[13:52:34 INFO]: [@: Object successfully summoned]
[13:52:35 INFO]: The_Code issued server command: /set stonebrick
[13:52:36 INFO]: [@: Object successfully summoned]
[13:52:37 INFO]: [@: Object successfully summoned]
[13:52:38 INFO]: The_Code issued server command: /set stone_brick
[13:52:39 INFO]: [@: Object successfully summoned]
[13:52:40 INFO]: [@: Object successfully summoned]
[13:52:42 INFO]: [@: Object successfully summoned]
[13:52:44 INFO]: [@: Object successfully summoned]
[13:52:45 INFO]: [@: Object successfully summoned]
[13:52:46 INFO]: The_Code issued server command: /set planks
[13:52:47 INFO]: [@: Object successfully summoned]
[13:52:48 INFO]: [@: Object successfully summoned]
[13:52:50 INFO]: The_Code issued server command: /set log
[13:52:50 INFO]: [@: Object successfully summoned]
[13:52:52 INFO]: [@: Object successfully summoned]
[13:52:53 INFO]: [@: Object successfully summoned]
[13:52:55 INFO]: [@: Object successfully summoned]
[13:52:56 INFO]: [@: Object successfully summoned]
[13:52:58 INFO]: [@: Object successfully summoned]
[13:53:00 INFO]: The_Code issued server command: /set cobblestone
[13:53:00 INFO]: [@: Object successfully summoned]
[13:53:01 INFO]: [@: Object successfully summoned]
[13:53:03 INFO]: [@: Object successfully summoned]
[13:53:04 INFO]: [@: Object successfully summoned]
[13:53:06 INFO]: [@: Object successfully summoned]
[13:53:07 INFO]: The_Code issued server command: /time set night
[13:53:07 INFO]: [The_Code: Set the time to 13000]
[13:53:08 INFO]: [@: Object successfully summoned]
[13:53:09 INFO]: [@: Object successfully summoned]
[13:53:11 INFO]: [@: Object successfully summoned]
[13:53:12 INFO]: [@: Object successfully summoned]
[13:53:14 INFO]: [@: Object successfully summoned]
[13:53:16 INFO]: [@: Object successfully summoned]
[13:53:17 INFO]: [@: Object successfully summoned]
[13:53:19 INFO]: [@: Object successfully summoned]
[13:53:20 INFO]: [@: Object successfully summoned]
[13:53:22 INFO]: [@: Object successfully summoned]
[13:53:24 INFO]: [@: Object successfully summoned]
[13:53:25 INFO]: [@: Object successfully summoned]
[13:53:27 INFO]: [@: Object successfully summoned]
[13:53:28 INFO]: [@: Object successfully summoned]
[13:53:30 INFO]: [@: Object successfully summoned]
[13:53:32 INFO]: [@: Object successfully summoned]
[13:53:33 INFO]: [@: Object successfully summoned]
[13:53:35 INFO]: [@: Object successfully summoned]
[13:53:36 INFO]: [@: Object successfully summoned]
[13:53:38 INFO]: [@: Object successfully summoned]
[13:53:40 INFO]: [@: Object successfully summoned]
[13:53:41 INFO]: [@: Object successfully summoned]
[13:53:43 INFO]: [@: Object successfully summoned]
[13:53:45 INFO]: [@: Object successfully summoned]
[13:53:46 INFO]: [@: Object successfully summoned]
[13:53:48 INFO]: [@: Object successfully summoned]
[13:53:49 INFO]: [@: Object successfully summoned]
[13:53:51 INFO]: [@: Object successfully summoned]
[13:53:53 INFO]: [@: Object successfully summoned]
[13:53:54 INFO]: [@: Object successfully summoned]
[13:53:56 INFO]: [@: Object successfully summoned]
[13:53:57 INFO]: [@: Object successfully summoned]
[13:53:59 INFO]: [@: Object successfully summoned]
[13:54:01 INFO]: [@: Object successfully summoned]
[13:54:02 INFO]: [@: Object successfully summoned]
[13:54:04 INFO]: [@: Object successfully summoned]
[13:54:04 INFO]: The_Code lost connection: Disconnected
[13:54:04 INFO]: The_Code left the game
[13:54:05 INFO]: [@: Object successfully summoned]
[13:54:07 INFO]: [@: Object successfully summoned]
[13:54:09 INFO]: [@: Object successfully summoned]
[13:54:10 INFO]: UUID of player The_Code is 98fbc21e-3a53-331b-99fc-6748a611c19c
[13:54:10 INFO]: The_Code[/127.0.0.1:56614] logged in with entity id 441 at ([world]904.0930009172225, 71.01040350902915, 1362.9163653250712)
[13:54:10 INFO]: [@: Object successfully summoned]
[13:54:12 INFO]: [@: Object successfully summoned]
[13:54:13 INFO]: [@: Object successfully summoned]
[13:54:15 INFO]: [@: Object successfully summoned]
[13:54:16 INFO]: The_Code issued server command: /tool sphere
[13:54:17 INFO]: [@: Object successfully summoned]
[13:54:18 INFO]: [@: Object successfully summoned]
[13:54:20 INFO]: The_Code issued server command: /tool sphere 1 stone
[13:54:20 INFO]: [@: Object successfully summoned]
[13:54:21 INFO]: [@: Object successfully summoned]
[13:54:23 INFO]: [@: Object successfully summoned]
[13:54:25 INFO]: [@: Object successfully summoned]
[13:54:26 INFO]: [@: Object successfully summoned]
[13:54:28 INFO]: [@: Object successfully summoned]
[13:54:29 INFO]: [@: Object successfully summoned]
[13:54:31 INFO]: [@: Object successfully summoned]
[13:54:33 INFO]: [@: Object successfully summoned]
[13:54:34 INFO]: [@: Object successfully summoned]
[13:54:36 INFO]: [@: Object successfully summoned]
[13:54:37 INFO]: [@: Object successfully summoned]
[13:54:39 INFO]: [@: Object successfully summoned]
[13:54:41 INFO]: [@: Object successfully summoned]
[13:54:42 INFO]: [@: Object successfully summoned]
[13:54:44 INFO]: [@: Object successfully summoned]
[13:54:45 INFO]: [@: Object successfully summoned]
[13:54:47 INFO]: [@: Object successfully summoned]
[13:54:49 INFO]: [@: Object successfully summoned]
[13:54:50 INFO]: [@: Object successfully summoned]
[13:54:52 INFO]: [@: Object successfully summoned]
[13:54:53 INFO]: [@: Object successfully summoned]
[13:54:54 INFO]: Stopping server
2025-09-16 13:54:54,282 Thread-1 WARN [AsyncContext@639fee48] Ignoring log event after log4j was shut down: INFO [net.minecraft.server.v1_12_R1.MinecraftServer] Saving players
2025-09-16 13:54:54,283 Thread-1 WARN Ignoring log event after log4j was shut down
2025-09-16 13:54:54,302 Thread-1 WARN [AsyncContext@639fee48] Ignoring log event after log4j was shut down: INFO [net.minecraft.server.v1_12_R1.PlayerConnection] The_Code lost connection: Server Shut Down for Maintenance
2025-09-16 13:54:54,302 Thread-1 WARN Ignoring log event after log4j was shut down
2025-09-16 13:54:54,317 Thread-1 WARN [AsyncContext@639fee48] Ignoring log event after log4j was shut down: INFO [net.minecraft.server.v1_12_R1.MinecraftServer] §eThe_Code left the game
2025-09-16 13:54:54,323 Thread-1 WARN Ignoring log event after log4j was shut down
