Loading libraries, please wait...
2025-11-05 01:11:52,202 main WARN Disabling terminal, you're running in an unsupported environment.
[01:11:56 INFO]: Starting minecraft server version 1.12.2
[01:11:56 INFO]: Loading properties
[01:11:56 INFO]: Default game type: SURVIVAL
[01:11:56 INFO]: This server is running Paper version git-Paper-1620 (MC: 1.12.2) (Implementing API version 1.12.2-R0.1-SNAPSHOT)
[01:11:56 INFO]: Debug logging is disabled
[01:11:56 INFO]: Server Ping Player Sample Count: 12
[01:11:56 INFO]: Using 4 threads for Netty based IO
[01:11:56 INFO]: Generating keypair
[01:11:57 INFO]: Starting Minecraft server on *:25566
[01:11:57 INFO]: Using default channel type
[01:11:57 INFO]: Set PluginClassLoader as parallel capable
[01:11:58 INFO]: [SimpleTpa] Loading SimpleTpa v6.4
[01:11:58 INFO]: [InventorySpy] Loading InventorySpy v1.0.0
[01:11:58 INFO]: [WorldEdit] Loading WorldEdit v6.1;no_git_id
[01:11:58 INFO]: [DecentHolograms] Loading DecentHolograms v2.9.8
[01:11:58 INFO]: [LoginSecurity] Loading LoginSecurity v3.2.0
[01:11:58 INFO]: [PermissionsEx] Loading PermissionsEx v1.23.4
[01:11:58 WARN]: [PermissionsEx] This server is in offline mode. Unless this server is configured to integrate with a supported proxy (see http://dft.ba/-8ous), UUIDs *may not be stable*!
[01:11:58 INFO]: [SimpleHomes] Loading SimpleHomes v2.2
[01:11:58 INFO]: [Vault] Loading Vault v1.7.3-b131
[01:11:58 INFO]: [PowerBoard] Loading PowerBoard v3.7.0
[01:11:58 INFO]: [Quests] Loading Quests v5.2.7-b${env.BUILD_NUMBER}
[01:11:58 INFO]: [Essentials] Loading Essentials v2.21.2
[01:11:58 INFO]: [EssentialsSpawn] Loading EssentialsSpawn v2.21.2
[01:11:58 INFO]: [EssentialsProtect] Loading EssentialsProtect v2.21.2
[01:11:58 INFO]: Server permissions file permissions.yml is empty, ignoring it
[01:11:58 INFO]: [Vault] Enabling Vault v1.7.3-b131
[01:11:58 INFO]: [Vault] [Economy] Essentials Economy found: Waiting
[01:11:58 INFO]: [Vault] [Permission] PermissionsEx found: Waiting
[01:11:58 INFO]: [Vault] [Permission] SuperPermissions loaded as backup permission system.
[01:11:58 INFO]: [Vault] [Chat] PermissionsEx found: Waiting
[01:11:58 INFO]: [Vault] Enabled Version 1.7.3-b131
[01:11:58 WARN]: **** SERVER IS RUNNING IN OFFLINE/INSECURE MODE!
[01:11:58 WARN]: The server will make no attempt to authenticate usernames. Beware.
[01:11:58 WARN]: Whilst this makes it possible to use BungeeCord, unless access to your server is properly restricted, it also opens up the ability for hackers to connect with any username they choose.
[01:11:58 WARN]: Please see http://www.spigotmc.org/wiki/firewall-guide/ for further information.
[01:11:58 WARN]: To change this, set "online-mode" to "true" in the server.properties file.
[01:11:58 INFO]: **** Beginning UUID conversion, this may take A LONG time ****
[01:11:58 INFO]: Preparing level "world"
[01:11:58 INFO]: -------- World Settings For [world] --------
[01:11:58 INFO]: Mob Spawn Range: 4
[01:11:58 INFO]: Cactus Growth Modifier: 100%
[01:11:58 INFO]: Cane Growth Modifier: 100%
[01:11:58 INFO]: Melon Growth Modifier: 100%
[01:11:58 INFO]: Mushroom Growth Modifier: 100%
[01:11:58 INFO]: Pumpkin Growth Modifier: 100%
[01:11:58 INFO]: Sapling Growth Modifier: 100%
[01:11:58 INFO]: Wheat Growth Modifier: 100%
[01:11:58 INFO]: NetherWart Growth Modifier: 100%
[01:11:58 INFO]: Vine Growth Modifier: 100%
[01:11:58 INFO]: Cocoa Growth Modifier: 100%
[01:11:58 INFO]: Entity Activation Range: An 32 / Mo 32 / Mi 16 / Tiv true
[01:11:58 INFO]: Entity Tracking Range: Pl 48 / An 48 / Mo 48 / Mi 32 / Other 64
[01:11:58 INFO]: Hopper Transfer: 8 Hopper Check: 1 Hopper Amount: 1
[01:11:58 INFO]: Random Lighting Updates: false
[01:11:58 INFO]: Structure Info Saving: true
[01:11:58 INFO]: Custom Map Seeds:  Village: 10387312 Feature: 14357617 Monument: 10387313 Slime: 987234911
[01:11:58 INFO]: Max TNT Explosions: 100
[01:11:58 INFO]: Tile Max Tick Time: 50ms Entity max Tick Time: 50ms
[01:11:58 INFO]: Item Despawn Rate: 6000
[01:11:58 INFO]: Item Merge Radius: 2.5
[01:11:58 INFO]: View Distance: 4
[01:11:58 INFO]: Arrow Despawn Rate: 1200
[01:11:58 INFO]: Allow Zombie Pigmen to spawn from portal blocks: true
[01:11:58 INFO]: Experience Merge Radius: 3.0
[01:11:58 INFO]: Zombie Aggressive Towards Villager: true
[01:11:58 INFO]: Nerfing mobs spawned from spawners: false
[01:11:59 INFO]: -------- World Settings For [world_nether] --------
[01:11:59 INFO]: Mob Spawn Range: 4
[01:11:59 INFO]: Cactus Growth Modifier: 100%
[01:11:59 INFO]: Cane Growth Modifier: 100%
[01:11:59 INFO]: Melon Growth Modifier: 100%
[01:11:59 INFO]: Mushroom Growth Modifier: 100%
[01:11:59 INFO]: Pumpkin Growth Modifier: 100%
[01:11:59 INFO]: Sapling Growth Modifier: 100%
[01:11:59 INFO]: Wheat Growth Modifier: 100%
[01:11:59 INFO]: NetherWart Growth Modifier: 100%
[01:11:59 INFO]: Vine Growth Modifier: 100%
[01:11:59 INFO]: Cocoa Growth Modifier: 100%
[01:11:59 INFO]: Entity Activation Range: An 32 / Mo 32 / Mi 16 / Tiv true
[01:11:59 INFO]: Entity Tracking Range: Pl 48 / An 48 / Mo 48 / Mi 32 / Other 64
[01:11:59 INFO]: Hopper Transfer: 8 Hopper Check: 1 Hopper Amount: 1
[01:11:59 INFO]: Random Lighting Updates: false
[01:11:59 INFO]: Structure Info Saving: true
[01:11:59 INFO]: Custom Map Seeds:  Village: 10387312 Feature: 14357617 Monument: 10387313 Slime: 987234911
[01:11:59 INFO]: Max TNT Explosions: 100
[01:11:59 INFO]: Tile Max Tick Time: 50ms Entity max Tick Time: 50ms
[01:11:59 INFO]: Item Despawn Rate: 6000
[01:11:59 INFO]: Item Merge Radius: 2.5
[01:11:59 INFO]: View Distance: 4
[01:11:59 INFO]: Arrow Despawn Rate: 1200
[01:11:59 INFO]: Allow Zombie Pigmen to spawn from portal blocks: true
[01:11:59 INFO]: Experience Merge Radius: 3.0
[01:11:59 INFO]: Zombie Aggressive Towards Villager: true
[01:11:59 INFO]: Nerfing mobs spawned from spawners: false
[01:11:59 INFO]: -------- World Settings For [world_the_end] --------
[01:11:59 INFO]: Mob Spawn Range: 4
[01:11:59 INFO]: Cactus Growth Modifier: 100%
[01:11:59 INFO]: Cane Growth Modifier: 100%
[01:11:59 INFO]: Melon Growth Modifier: 100%
[01:11:59 INFO]: Mushroom Growth Modifier: 100%
[01:11:59 INFO]: Pumpkin Growth Modifier: 100%
[01:11:59 INFO]: Sapling Growth Modifier: 100%
[01:11:59 INFO]: Wheat Growth Modifier: 100%
[01:11:59 INFO]: NetherWart Growth Modifier: 100%
[01:11:59 INFO]: Vine Growth Modifier: 100%
[01:11:59 INFO]: Cocoa Growth Modifier: 100%
[01:11:59 INFO]: Entity Activation Range: An 32 / Mo 32 / Mi 16 / Tiv true
[01:11:59 INFO]: Entity Tracking Range: Pl 48 / An 48 / Mo 48 / Mi 32 / Other 64
[01:11:59 INFO]: Hopper Transfer: 8 Hopper Check: 1 Hopper Amount: 1
[01:11:59 INFO]: Random Lighting Updates: false
[01:11:59 INFO]: Structure Info Saving: true
[01:11:59 INFO]: Custom Map Seeds:  Village: 10387312 Feature: 14357617 Monument: 10387313 Slime: 987234911
[01:11:59 INFO]: Max TNT Explosions: 100
[01:11:59 INFO]: Tile Max Tick Time: 50ms Entity max Tick Time: 50ms
[01:11:59 INFO]: Item Despawn Rate: 6000
[01:11:59 INFO]: Item Merge Radius: 2.5
[01:11:59 INFO]: View Distance: 4
[01:11:59 INFO]: Arrow Despawn Rate: 1200
[01:11:59 INFO]: Allow Zombie Pigmen to spawn from portal blocks: true
[01:11:59 INFO]: Experience Merge Radius: 3.0
[01:11:59 INFO]: Zombie Aggressive Towards Villager: true
[01:11:59 INFO]: Nerfing mobs spawned from spawners: false
[01:11:59 INFO]: Preparing start region for level 0 (Seed: 9043210522798455108)
[01:12:00 INFO]: Preparing spawn area: 2%
[01:12:00 INFO]: Preparing start region for level 1 (Seed: 9043210522798455108)
[01:12:00 INFO]: Preparing start region for level 2 (Seed: 9043210522798455108)
[01:12:00 INFO]: [SimpleTpa] Enabling SimpleTpa v6.4
[01:12:00 INFO]: [SimpleTpa] If you need support contact me at https://discord.gg/SZUkza9
[01:12:00 INFO]: [SimpleTpa] Simple Tpa has been enabled on version 6.4
[01:12:00 INFO]: Enabled metrics. You may opt-out by changing plugins/bStats/config.yml
[01:12:00 INFO]: [InventorySpy] Enabling InventorySpy v1.0.0
[01:12:00 INFO]: [InventorySpy] InventorySpy enabled.
[01:12:00 INFO]: [WorldEdit] Enabling WorldEdit v6.1;no_git_id
[01:12:01 INFO]: WEPIF: Using the Bukkit Permissions API.
[01:12:01 INFO]: [WorldEdit] Logging WorldEdit commands to /workspaces/EaglerServer-1.12/servers/survival/plugins/WorldEdit/worldedit.log
[01:12:01 WARN]: [WorldEdit] 
**********************************************
** This WorldEdit version does not fully support your version of Bukkit.
**
** When working with blocks or undoing, chests will be empty, signs
** will be blank, and so on. There will be no support for entity
** and biome-related functions.
**
** Please see http://wiki.sk89q.com/wiki/WorldEdit/Bukkit_adapters
**********************************************

[01:12:01 INFO]: [DecentHolograms] Enabling DecentHolograms v2.9.8
[01:12:01 INFO]: [DecentHolograms] Initialized NMS adapter for v1_12_R1 (1.12.2).
[01:12:01 INFO]: [NBTAPI] [NBTAPI] Found Minecraft: v1_12_R1! Trying to find NMS support
[01:12:01 INFO]: [NBTAPI] [NBTAPI] NMS support 'MC1_12_R1' loaded!
[01:12:01 INFO]: [NBTAPI] [NBTAPI] Using the plugin 'DecentHolograms' to create a bStats instance!
[01:12:01 INFO]: [DecentHolograms] NBT-API loaded successfully.
[01:12:01 INFO]: [LoginSecurity] Enabling LoginSecurity v3.2.0
[01:12:01 INFO]: [LoginSecurity] Loading base translations from "en_us"
[01:12:01 INFO]: [LoginSecurity] Loading specified translations from "en_us"
[01:12:01 INFO]: [LoginSecurity] Registering commands...
[01:12:01 INFO]: [LoginSecurity] Registering listeners...
[01:12:01 INFO]: [PermissionsEx] Enabling PermissionsEx v1.23.4
[01:12:01 INFO]: [PermissionsEx] Initializing file backend
[01:12:01 INFO]: [PermissionsEx] Permissions file successfully reloaded
[01:12:01 INFO]: WEPIF: PermissionsEx detected! Using PermissionsEx for permissions.
[01:12:01 INFO]: [Vault][Permission] PermissionsEx hooked.
[01:12:01 INFO]: [Vault] [Vault][Chat] PermissionsEx_Chat hooked.
[01:12:01 INFO]: [SimpleHomes] Enabling SimpleHomes v2.2
[01:12:01 INFO]: [PowerBoard] Enabling PowerBoard v3.7.0
[01:12:01 INFO]: [PowerBoard] --------------------------------------------------
[01:12:01 INFO]: [PowerBoard] --------------- Loading PowerBoard ---------------
[01:12:01 INFO]: [PowerBoard]  
[01:12:01 INFO]: [PowerBoard] Loading configs..
[01:12:01 INFO]: [PowerBoard]  
[01:12:01 INFO]: [PowerBoard] (SelfCheck) config.yml -> Loading...
[01:12:01 INFO]: [PowerBoard] (SelfCheck) config.yml -> Finished!
[01:12:01 INFO]: [PowerBoard]  
[01:12:01 INFO]: [PowerBoard] Configs loaded!
[01:12:01 INFO]: [PowerBoard]  
[01:12:01 INFO]: [PowerBoard] Registered scoreboard 'scoreboard'.
[01:12:01 INFO]: [PowerBoard] Registered tablist.
[01:12:01 INFO]: [PowerBoard]  
[01:12:01 INFO]: [PowerBoard] --------------- PowerBoard  loaded ---------------
[01:12:01 INFO]: [PowerBoard] --------------------------------------------------
[01:12:01 INFO]: [Quests] Enabling Quests v5.2.7-b${env.BUILD_NUMBER}
[01:12:02 INFO]: [Quests] Loaded language en-US. Translations via Crowdin
[01:12:02 INFO]: [Quests] Loading storage implementation: YAML
[01:12:02 INFO]: [Essentials] Enabling Essentials v2.21.2
[01:12:02 INFO]: [Essentials] Attempting to convert old kits in config.yml to new kits.yml
[01:12:02 INFO]: [Essentials] No kits found to migrate.
[01:12:02 INFO]: [Essentials] Selected Legacy Damage Event Provider as the provider for DamageEventProvider
[01:12:02 INFO]: [Essentials] No provider found for BiomeKeyProvider, but it is nullable
[01:12:02 INFO]: [Essentials] Selected Fixed Height World Info Provider as the provider for WorldInfoProvider
[01:12:02 INFO]: [Essentials] Selected Legacy Banner Meta Provider as the provider for BannerDataProvider
[01:12:02 INFO]: [Essentials] Selected 1.9-1.20.4 Potion Meta Provider as the provider for PotionMetaProvider
[01:12:02 INFO]: [Essentials] Selected Reflection Sync Commands Provider as the provider for SyncCommandsProvider
[01:12:02 INFO]: [Essentials] Selected 1.12+ Spawner Block Provider as the provider for SpawnerBlockProvider
[01:12:02 INFO]: [Essentials] Selected 1.8.3+ Spawner Item Provider as the provider for SpawnerItemProvider
[01:12:02 INFO]: [Essentials] Selected 1.11+ Item Unbreakable Provider as the provider for ItemUnbreakableProvider
[01:12:02 INFO]: [Essentials] No provider found for TickCountProvider, but it is nullable
[01:12:02 INFO]: [Essentials] Selected Reflection Persistent Data Container Provider as the provider for PersistentDataProvider
[01:12:02 INFO]: [Essentials] Selected Paper Known Commands Provider as the provider for KnownCommandsProvider
[01:12:02 INFO]: [Essentials] Selected 1.12.2+ Player Locale Provider as the provider for PlayerLocaleProvider
[01:12:02 INFO]: [Essentials] Selected Reflection Online Mode Provider as the provider for OnlineModeProvider
[01:12:02 INFO]: [Essentials] No provider found for MaterialTagProvider, but it is nullable
[01:12:02 INFO]: [Essentials] Selected Reflection Formatted Command Alias Provider as the provider for FormattedCommandAliasProvider
[01:12:02 INFO]: [Essentials] No provider found for ContainerProvider, but it is nullable
[01:12:02 INFO]: [Essentials] Selected Legacy InventoryView Abstract Class ABI Provider as the provider for InventoryViewProvider
[01:12:02 INFO]: [Essentials] No provider found for SignDataProvider, but it is nullable
[01:12:02 INFO]: [Essentials] No provider found for SerializationProvider, but it is nullable
[01:12:02 INFO]: [Essentials] Selected Reflection Server State Provider as the provider for ServerStateProvider
[01:12:02 INFO]: [Essentials] Selected 1.9-1.12.2 Spawn Egg Provider as the provider for SpawnEggProvider
[01:12:02 INFO]: [Essentials] Selected Legacy Biome Name Provider as the provider for BiomeNameProvider
[01:12:02 INFO]: [Essentials] Loaded 853 items from items.csv.
[01:12:03 INFO]: [Essentials] Using locale en
[01:12:03 WARN]: [PermissionsEx] The updater could not find any files for the project id 31279
[01:12:03 INFO]: [Essentials] ServerListPingEvent: Spigot iterator API
[01:12:03 INFO]: [Essentials] Starting Metrics. Opt-out using the global bStats config.
[01:12:03 INFO]: [Vault] [Economy] Essentials Economy hooked.
[01:12:03 INFO]: [Essentials] Using Vault based permissions (PermissionsEx)
[01:12:03 INFO]: [EssentialsSpawn] Enabling EssentialsSpawn v2.21.2
[01:12:03 INFO]: [EssentialsSpawn] Starting Metrics. Opt-out using the global bStats config.
[01:12:03 INFO]: [EssentialsProtect] Enabling EssentialsProtect v2.21.2
[01:12:03 INFO]: [EssentialsProtect] Continuing to enable Protect.
[01:12:03 INFO]: [EssentialsProtect] Starting Metrics. Opt-out using the global bStats config.
[01:12:03 INFO]: Done (5.519s)! For help, type "help" or "?"
[01:12:03 INFO]: Timings Reset
[01:12:03 INFO]: [DecentHolograms] Loading holograms... 
[01:12:03 INFO]: [Essentials] Fetching version information...
[01:12:03 INFO]: [Essentials] Essentials found a compatible payment resolution method: Vault Compatibility Layer (v1.7.3-b131)!
[01:12:03 INFO]: [DecentHolograms] Loaded 7 holograms!
[01:12:03 INFO]: [Vault] Checking for Updates ... 
[01:12:03 INFO]: [Vault] No new version available
[01:12:03 INFO]: [PowerBoard] -> You are running the latest version! :)
[01:12:04 INFO]: [SimpleTpa] There is a new update available.
[01:12:04 INFO]: [SimpleTpa] There is a new update available:
[01:12:04 INFO]: [SimpleTpa] https://www.spigotmc.org/resources/simple-tpa.64270/
[01:12:04 INFO]: [Quests] Loaded 4 Quest(s), 7 Action(s), 1 Condition(s) and 804 Phrase(s)
[01:12:05 INFO]: [PowerBoard] Registering players...
[01:12:05 INFO]: [PowerBoard] All players have been registered.
[01:12:32 INFO]: UUID of player ShadowLord is 69bb081a-9716-3601-96f8-109840fe98fb
[01:12:32 INFO]: ShadowLord[/[0:0:0:0:0:0:0:1]:52450] logged in with entity id 49 at ([world]905.3140841935844, 69.37429331309657, 1353.8441551214582)
[01:13:11 INFO]: ShadowLord issued server command: //replacenear 2 stone,obsidian,torch air
[01:13:11 INFO]: WorldEdit: ShadowLord (in "world"): /replacenear 2 stone,obsidian,torch air - Position: (934.0, 65.0, 1350.0)
[01:13:14 INFO]: ShadowLord issued server command: //replacenear 2 stone,obsidian,torch air
[01:13:14 INFO]: WorldEdit: ShadowLord (in "world"): /replacenear 2 stone,obsidian,torch air - Position: (935.0, 64.0, 1352.0)
[01:13:16 INFO]: ShadowLord issued server command: //replacenear 2 stone,obsidian,torch air
[01:13:16 INFO]: WorldEdit: ShadowLord (in "world"): /replacenear 2 stone,obsidian,torch air - Position: (935.0, 64.0, 1353.0)
[01:13:40 INFO]: ShadowLord issued server command: //replacenear 2 stone,obsidian,torch air
[01:13:40 INFO]: WorldEdit: ShadowLord (in "world"): /replacenear 2 stone,obsidian,torch air - Position: (933.0, 64.0, 1354.0)
[01:13:45 INFO]: ShadowLord issued server command: //replacenear 2 stone,obsidian,torch air
[01:13:45 INFO]: WorldEdit: ShadowLord (in "world"): /replacenear 2 stone,obsidian,torch air - Position: (930.0, 64.0, 1357.0)
[01:13:50 INFO]: ShadowLord issued server command: //replacenear 2 stone,obsidian,torch air
[01:13:50 INFO]: WorldEdit: ShadowLord (in "world"): /replacenear 2 stone,obsidian,torch air - Position: (930.0, 64.0, 1351.0)
[01:13:52 INFO]: ShadowLord issued server command: //replacenear 2 stone,obsidian,torch air
[01:13:52 INFO]: WorldEdit: ShadowLord (in "world"): /replacenear 2 stone,obsidian,torch air - Position: (930.0, 64.0, 1349.0)
[01:13:58 INFO]: ShadowLord issued server command: //replacenear 2 stone,obsidian,torch air
[01:13:58 INFO]: WorldEdit: ShadowLord (in "world"): /replacenear 2 stone,obsidian,torch air - Position: (933.0, 66.0, 1347.0)
[01:14:00 INFO]: ShadowLord issued server command: //replacenear 2 stone,obsidian,torch air
[01:14:00 INFO]: WorldEdit: ShadowLord (in "world"): /replacenear 2 stone,obsidian,torch air - Position: (935.0, 66.0, 1347.0)
[01:14:01 INFO]: ShadowLord issued server command: //replacenear 2 stone,obsidian,torch air
[01:14:01 INFO]: WorldEdit: ShadowLord (in "world"): /replacenear 2 stone,obsidian,torch air - Position: (937.0, 66.0, 1349.0)
[01:14:03 INFO]: ShadowLord issued server command: //replacenear 2 stone,obsidian,torch air
[01:14:03 INFO]: WorldEdit: ShadowLord (in "world"): /replacenear 2 stone,obsidian,torch air - Position: (939.0, 66.0, 1355.0)
[01:14:24 INFO]: ShadowLord issued server command: /clear
[01:14:37 INFO]: ShadowLord issued server command: //replacenear 20 endgateway air
[01:14:37 INFO]: WorldEdit: ShadowLord (in "world"): /replacenear 20 endgateway air - Position: (912.0, 66.0, 1362.0)
[01:15:01 INFO]: ShadowLord issued server command: /descend
[01:15:01 INFO]: WorldEdit: ShadowLord (in "world"): descend
[01:15:02 INFO]: ShadowLord issued server command: /descend
[01:15:02 INFO]: WorldEdit: ShadowLord (in "world"): descend
[01:15:25 INFO]: [Essentials] CommandBlock at 885,49,1365 issued server command: /tp ShadowLord ~ ~20 ~
[01:15:29 INFO]: ShadowLord issued server command: /descend
[01:15:29 INFO]: WorldEdit: ShadowLord (in "world"): descend
[01:15:43 INFO]: ShadowLord issued server command: /ascend
[01:15:43 INFO]: WorldEdit: ShadowLord (in "world"): ascend
[01:16:06 INFO]: ShadowLord issued server command: /ascend
[01:16:06 INFO]: WorldEdit: ShadowLord (in "world"): ascend
[01:17:40 INFO]: ShadowLord lost connection: Timed out
[01:17:40 INFO]: ShadowLord left the game
